

---------------------------------------
Torch cuda is available
args.subcommand=run, run the command line
date: 20211019
Experiment result save dir: /home/maggie/mmat/result/attack/fog/alexnet-cifar10/20211019/00000
initilize the dataset loading parameters
load cifar10 dataset
Loading *cifar10* train dataloader finished !
Loading *cifar10* test dataloader finished !
initlize perceptual classifier
pixel fog attack
finish init fogattack
generating testset perceptual attack examples...
batch_index =  0
batch_index =  1
Saving cifar10 testset perceptual attack examples...
standard trained classifier accuary on perceptual attack testset:7.8125%
standard trained classifier loss on perceptual attack testset:8.34492015838623
---------------------------------------




---------------------------------------
Torch cuda is available
args.subcommand=run, run the command line
date: 20211019
Experiment result save dir: /home/maggie/mmat/result/attack/fog/alexnet-cifar10/20211019/00001
initilize the dataset loading parameters
load cifar10 dataset
Loading *cifar10* train dataloader finished !
Loading *cifar10* test dataloader finished !
initlize perceptual classifier
pixel fog attack
finish init fogattack
generating testset perceptual attack examples...
batch_index =  0
batch_index =  1
batch_index =  2
batch_index =  3
batch_index =  4
batch_index =  5
batch_index =  6
batch_index =  7
batch_index =  8
batch_index =  9
batch_index =  10
batch_index =  11
batch_index =  12
batch_index =  13
batch_index =  14
batch_index =  15
batch_index =  16
batch_index =  17
batch_index =  18
batch_index =  19
batch_index =  20
batch_index =  21
batch_index =  22
batch_index =  23
batch_index =  24
batch_index =  25
batch_index =  26
batch_index =  27
batch_index =  28
batch_index =  29
batch_index =  30
batch_index =  31
batch_index =  32
batch_index =  33
batch_index =  34
batch_index =  35
batch_index =  36
batch_index =  37
batch_index =  38
batch_index =  39
batch_index =  40
batch_index =  41
batch_index =  42
batch_index =  43
batch_index =  44
batch_index =  45
batch_index =  46
batch_index =  47
batch_index =  48
batch_index =  49
batch_index =  50
batch_index =  51
batch_index =  52
batch_index =  53
batch_index =  54
batch_index =  55
batch_index =  56
batch_index =  57
batch_index =  58
batch_index =  59
batch_index =  60
batch_index =  61
batch_index =  62
batch_index =  63
batch_index =  64
batch_index =  65
batch_index =  66
batch_index =  67
batch_index =  68
batch_index =  69
batch_index =  70
batch_index =  71
batch_index =  72
batch_index =  73
batch_index =  74
batch_index =  75
batch_index =  76
batch_index =  77
batch_index =  78
batch_index =  79
batch_index =  80
batch_index =  81
batch_index =  82
batch_index =  83
batch_index =  84
batch_index =  85
batch_index =  86
batch_index =  87
batch_index =  88
batch_index =  89
batch_index =  90
batch_index =  91
batch_index =  92
batch_index =  93
batch_index =  94
batch_index =  95
batch_index =  96
batch_index =  97
batch_index =  98
batch_index =  99
batch_index =  100
batch_index =  101
batch_index =  102
batch_index =  103
batch_index =  104
batch_index =  105
batch_index =  106
batch_index =  107
batch_index =  108
batch_index =  109
batch_index =  110
batch_index =  111
batch_index =  112
batch_index =  113
batch_index =  114
batch_index =  115
batch_index =  116
batch_index =  117
batch_index =  118
batch_index =  119
batch_index =  120
batch_index =  121
batch_index =  122
batch_index =  123
batch_index =  124
batch_index =  125
batch_index =  126
batch_index =  127
batch_index =  128
batch_index =  129
batch_index =  130
batch_index =  131
batch_index =  132
batch_index =  133
batch_index =  134
batch_index =  135
batch_index =  136
batch_index =  137
batch_index =  138
batch_index =  139
batch_index =  140
batch_index =  141
batch_index =  142
batch_index =  143
batch_index =  144
batch_index =  145
batch_index =  146
batch_index =  147
batch_index =  148
batch_index =  149
batch_index =  150
batch_index =  151
batch_index =  152
batch_index =  153
batch_index =  154
batch_index =  155
batch_index =  156
batch_index =  157
batch_index =  158
batch_index =  159
batch_index =  160
batch_index =  161
batch_index =  162
batch_index =  163
batch_index =  164
batch_index =  165
batch_index =  166
batch_index =  167
batch_index =  168
batch_index =  169
batch_index =  170
batch_index =  171
batch_index =  172
batch_index =  173
batch_index =  174
batch_index =  175
batch_index =  176
batch_index =  177
batch_index =  178
batch_index =  179
batch_index =  180
batch_index =  181
batch_index =  182
batch_index =  183
batch_index =  184
batch_index =  185
batch_index =  186
batch_index =  187
batch_index =  188
batch_index =  189
batch_index =  190
batch_index =  191
batch_index =  192
batch_index =  193
batch_index =  194
batch_index =  195
batch_index =  196
batch_index =  197
batch_index =  198
batch_index =  199
batch_index =  200
batch_index =  201
batch_index =  202
batch_index =  203
batch_index =  204
batch_index =  205
batch_index =  206
batch_index =  207
batch_index =  208
batch_index =  209
batch_index =  210
batch_index =  211
batch_index =  212
batch_index =  213
batch_index =  214
batch_index =  215
batch_index =  216
batch_index =  217
batch_index =  218
batch_index =  219
batch_index =  220
batch_index =  221
batch_index =  222
batch_index =  223
batch_index =  224
batch_index =  225
batch_index =  226
batch_index =  227
batch_index =  228
batch_index =  229
batch_index =  230
batch_index =  231
batch_index =  232
batch_index =  233
batch_index =  234
batch_index =  235
batch_index =  236
batch_index =  237
batch_index =  238
batch_index =  239
batch_index =  240
batch_index =  241
batch_index =  242
batch_index =  243
batch_index =  244
batch_index =  245
batch_index =  246
batch_index =  247
batch_index =  248
batch_index =  249
batch_index =  250
batch_index =  251
batch_index =  252
batch_index =  253
batch_index =  254
batch_index =  255
batch_index =  256
batch_index =  257
batch_index =  258
batch_index =  259
batch_index =  260
batch_index =  261
batch_index =  262
batch_index =  263
batch_index =  264
batch_index =  265
batch_index =  266
batch_index =  267
batch_index =  268
batch_index =  269
batch_index =  270
batch_index =  271
batch_index =  272
batch_index =  273
batch_index =  274
batch_index =  275
batch_index =  276
batch_index =  277
batch_index =  278
batch_index =  279
batch_index =  280
batch_index =  281
batch_index =  282
batch_index =  283
batch_index =  284
batch_index =  285
batch_index =  286
batch_index =  287
batch_index =  288
batch_index =  289
batch_index =  290
batch_index =  291
batch_index =  292
batch_index =  293
batch_index =  294
batch_index =  295
batch_index =  296
batch_index =  297
batch_index =  298
batch_index =  299
batch_index =  300
batch_index =  301
batch_index =  302
batch_index =  303
batch_index =  304
batch_index =  305
batch_index =  306
batch_index =  307
batch_index =  308
batch_index =  309
batch_index =  310
batch_index =  311
batch_index =  312
Saving cifar10 testset perceptual attack examples...
standard trained classifier accuary on perceptual attack testset:14.0200%
standard trained classifier loss on perceptual attack testset:6.9648613929748535
---------------------------------------




---------------------------------------
Torch cuda is available
args.subcommand=run, run the command line
date: 20211019
Experiment result save dir: /home/maggie/mmat/result/attack/snow/alexnet-cifar10/20211019/00000
initilize the dataset loading parameters
load cifar10 dataset
Loading *cifar10* train dataloader finished !
Loading *cifar10* test dataloader finished !
initlize perceptual classifier
pixel snow attack
generating testset perceptual attack examples...
batch_index =0000/0313
images.shape: torch.Size([32, 3, 32, 32])
labels.shape: torch.Size([32])
labels[:10]: tensor([3, 8, 8, 0, 6, 6, 1, 6, 3, 1])
batch_index =0001/0313
per_x_test.shape: torch.Size([64, 3, 32, 32])
per_y_test.shape: torch.Size([64])
per_y_test[:10]: tensor([3, 8, 8, 0, 6, 6, 1, 6, 3, 1], device='cuda:0')
self._x_test.shape: torch.Size([10000, 3, 32, 32])
self._y_test.shape: torch.Size([10000])
self._y_test[:10]: tensor([3, 8, 8, 0, 6, 6, 1, 6, 3, 1], device='cuda:0')
Saving cifar10 testset perceptual attack examples...
standard trained classifier accuary on perceptual attack testset:68.7500%
standard trained classifier loss on perceptual attack testset:1.624769687652588
---------------------------------------




---------------------------------------
Torch cuda is available
args.subcommand=run, run the command line
date: 20211019
Experiment result save dir: /home/maggie/mmat/result/attack/snow/alexnet-cifar10/20211019/00001
initilize the dataset loading parameters
load cifar10 dataset
Loading *cifar10* train dataloader finished !
Loading *cifar10* test dataloader finished !
initlize perceptual classifier
pixel snow attack
generating testset perceptual attack examples...
batch_index =0000/0313
batch_index =0001/0313
batch_index =0002/0313
batch_index =0003/0313
batch_index =0004/0313
batch_index =0005/0313
batch_index =0006/0313
batch_index =0007/0313
batch_index =0008/0313
batch_index =0009/0313
batch_index =0010/0313
batch_index =0011/0313
batch_index =0012/0313
batch_index =0013/0313
batch_index =0014/0313
batch_index =0015/0313
batch_index =0016/0313
batch_index =0017/0313
batch_index =0018/0313
batch_index =0019/0313
batch_index =0020/0313
batch_index =0021/0313
batch_index =0022/0313
batch_index =0023/0313
batch_index =0024/0313
batch_index =0025/0313
batch_index =0026/0313
batch_index =0027/0313
batch_index =0028/0313
batch_index =0029/0313
batch_index =0030/0313
batch_index =0031/0313
batch_index =0032/0313
batch_index =0033/0313
batch_index =0034/0313
batch_index =0035/0313
batch_index =0036/0313
batch_index =0037/0313
batch_index =0038/0313
batch_index =0039/0313
batch_index =0040/0313
batch_index =0041/0313
batch_index =0042/0313
batch_index =0043/0313
batch_index =0044/0313
batch_index =0045/0313
batch_index =0046/0313
batch_index =0047/0313
batch_index =0048/0313
batch_index =0049/0313
batch_index =0050/0313
batch_index =0051/0313
batch_index =0052/0313
batch_index =0053/0313
batch_index =0054/0313
batch_index =0055/0313
batch_index =0056/0313
batch_index =0057/0313
batch_index =0058/0313
batch_index =0059/0313
batch_index =0060/0313
batch_index =0061/0313
batch_index =0062/0313
batch_index =0063/0313
batch_index =0064/0313
batch_index =0065/0313
batch_index =0066/0313
batch_index =0067/0313
batch_index =0068/0313
batch_index =0069/0313
batch_index =0070/0313
batch_index =0071/0313
batch_index =0072/0313
batch_index =0073/0313
batch_index =0074/0313
batch_index =0075/0313
batch_index =0076/0313
batch_index =0077/0313
batch_index =0078/0313
batch_index =0079/0313
batch_index =0080/0313
batch_index =0081/0313
batch_index =0082/0313
batch_index =0083/0313
batch_index =0084/0313
batch_index =0085/0313
batch_index =0086/0313
batch_index =0087/0313
batch_index =0088/0313
batch_index =0089/0313
batch_index =0090/0313
batch_index =0091/0313
batch_index =0092/0313
batch_index =0093/0313
batch_index =0094/0313
batch_index =0095/0313
batch_index =0096/0313
batch_index =0097/0313
batch_index =0098/0313
batch_index =0099/0313
batch_index =0100/0313
batch_index =0101/0313
batch_index =0102/0313
batch_index =0103/0313
batch_index =0104/0313
batch_index =0105/0313
batch_index =0106/0313
batch_index =0107/0313
batch_index =0108/0313
batch_index =0109/0313
batch_index =0110/0313
batch_index =0111/0313
batch_index =0112/0313
batch_index =0113/0313
batch_index =0114/0313
batch_index =0115/0313
batch_index =0116/0313
batch_index =0117/0313
batch_index =0118/0313
batch_index =0119/0313
batch_index =0120/0313
batch_index =0121/0313
batch_index =0122/0313
batch_index =0123/0313
batch_index =0124/0313
batch_index =0125/0313
batch_index =0126/0313
batch_index =0127/0313
batch_index =0128/0313
batch_index =0129/0313
batch_index =0130/0313
batch_index =0131/0313
batch_index =0132/0313
batch_index =0133/0313
batch_index =0134/0313
batch_index =0135/0313
batch_index =0136/0313
batch_index =0137/0313
batch_index =0138/0313
batch_index =0139/0313
batch_index =0140/0313
batch_index =0141/0313
batch_index =0142/0313
batch_index =0143/0313
batch_index =0144/0313
batch_index =0145/0313
batch_index =0146/0313
batch_index =0147/0313
batch_index =0148/0313
batch_index =0149/0313
batch_index =0150/0313
batch_index =0151/0313
batch_index =0152/0313
batch_index =0153/0313
batch_index =0154/0313
batch_index =0155/0313
batch_index =0156/0313
batch_index =0157/0313
batch_index =0158/0313
batch_index =0159/0313
batch_index =0160/0313
batch_index =0161/0313
batch_index =0162/0313
batch_index =0163/0313
batch_index =0164/0313
batch_index =0165/0313
batch_index =0166/0313
batch_index =0167/0313
batch_index =0168/0313
batch_index =0169/0313
batch_index =0170/0313
batch_index =0171/0313
batch_index =0172/0313
batch_index =0173/0313
batch_index =0174/0313
batch_index =0175/0313
batch_index =0176/0313
batch_index =0177/0313
batch_index =0178/0313
batch_index =0179/0313
batch_index =0180/0313
batch_index =0181/0313
batch_index =0182/0313
batch_index =0183/0313
batch_index =0184/0313
batch_index =0185/0313
batch_index =0186/0313
batch_index =0187/0313
batch_index =0188/0313
batch_index =0189/0313
batch_index =0190/0313
batch_index =0191/0313
batch_index =0192/0313
batch_index =0193/0313
batch_index =0194/0313
batch_index =0195/0313
batch_index =0196/0313
batch_index =0197/0313
batch_index =0198/0313
batch_index =0199/0313
batch_index =0200/0313
batch_index =0201/0313
batch_index =0202/0313
batch_index =0203/0313
batch_index =0204/0313
batch_index =0205/0313
batch_index =0206/0313
batch_index =0207/0313
batch_index =0208/0313
batch_index =0209/0313
batch_index =0210/0313
batch_index =0211/0313
batch_index =0212/0313
batch_index =0213/0313
batch_index =0214/0313
batch_index =0215/0313
batch_index =0216/0313
batch_index =0217/0313
batch_index =0218/0313
batch_index =0219/0313
batch_index =0220/0313
batch_index =0221/0313
batch_index =0222/0313
batch_index =0223/0313
batch_index =0224/0313
batch_index =0225/0313
batch_index =0226/0313
batch_index =0227/0313
batch_index =0228/0313
batch_index =0229/0313
batch_index =0230/0313
batch_index =0231/0313
batch_index =0232/0313
batch_index =0233/0313
batch_index =0234/0313
batch_index =0235/0313
batch_index =0236/0313
batch_index =0237/0313
batch_index =0238/0313
batch_index =0239/0313
batch_index =0240/0313
batch_index =0241/0313
batch_index =0242/0313
batch_index =0243/0313
batch_index =0244/0313
batch_index =0245/0313
batch_index =0246/0313
batch_index =0247/0313
batch_index =0248/0313
batch_index =0249/0313
batch_index =0250/0313
batch_index =0251/0313
batch_index =0252/0313
batch_index =0253/0313
batch_index =0254/0313
batch_index =0255/0313
batch_index =0256/0313
batch_index =0257/0313
batch_index =0258/0313
batch_index =0259/0313
batch_index =0260/0313
batch_index =0261/0313
batch_index =0262/0313
batch_index =0263/0313
batch_index =0264/0313
batch_index =0265/0313
batch_index =0266/0313
batch_index =0267/0313
batch_index =0268/0313
batch_index =0269/0313
batch_index =0270/0313
batch_index =0271/0313
batch_index =0272/0313
batch_index =0273/0313
batch_index =0274/0313
batch_index =0275/0313
batch_index =0276/0313
batch_index =0277/0313
batch_index =0278/0313
batch_index =0279/0313
batch_index =0280/0313
batch_index =0281/0313
batch_index =0282/0313
batch_index =0283/0313
batch_index =0284/0313
batch_index =0285/0313
batch_index =0286/0313
batch_index =0287/0313
batch_index =0288/0313
batch_index =0289/0313
batch_index =0290/0313
batch_index =0291/0313
batch_index =0292/0313
batch_index =0293/0313
batch_index =0294/0313
batch_index =0295/0313
batch_index =0296/0313
batch_index =0297/0313
batch_index =0298/0313
batch_index =0299/0313
batch_index =0300/0313
batch_index =0301/0313
batch_index =0302/0313
batch_index =0303/0313
batch_index =0304/0313
batch_index =0305/0313
batch_index =0306/0313
batch_index =0307/0313
batch_index =0308/0313
batch_index =0309/0313
batch_index =0310/0313
batch_index =0311/0313
batch_index =0312/0313
per_x_test.shape: torch.Size([10000, 3, 32, 32])
per_y_test.shape: torch.Size([10000])
per_y_test[:10]: tensor([3, 8, 8, 0, 6, 6, 1, 6, 3, 1], device='cuda:0')
self._x_test.shape: torch.Size([10000, 3, 32, 32])
self._y_test.shape: torch.Size([10000])
self._y_test[:10]: tensor([3, 8, 8, 0, 6, 6, 1, 6, 3, 1], device='cuda:0')
Saving cifar10 testset perceptual attack examples...
standard trained classifier accuary on perceptual attack testset:69.6100%
standard trained classifier loss on perceptual attack testset:1.2073789834976196
---------------------------------------




---------------------------------------
Torch cuda is available
args.subcommand=run, run the command line
date: 20211019
Experiment result save dir: /home/maggie/mmat/result/attack/elastic/alexnet-cifar10/20211019/00001
initilize the dataset loading parameters
load cifar10 dataset
Loading *cifar10* train dataloader finished !
Loading *cifar10* test dataloader finished !
initlize perceptual classifier
pixel elastic attack
generating testset perceptual attack examples...
batch_index = 0000/0313
/home/xieyi/anaconda3/envs/mmat/lib/python3.7/site-packages/torch/nn/functional.py:3829: UserWarning: Default grid_sample and affine_grid behavior has changed to align_corners=False since 1.3.0. Please specify align_corners=True if the old behavior is desired. See the documentation of grid_sample for details.
  "Default grid_sample and affine_grid behavior has changed "
batch_index = 0001/0313
batch_index = 0002/0313
batch_index = 0003/0313
batch_index = 0004/0313
batch_index = 0005/0313
batch_index = 0006/0313
batch_index = 0007/0313
batch_index = 0008/0313
batch_index = 0009/0313
batch_index = 0010/0313
batch_index = 0011/0313
batch_index = 0012/0313
batch_index = 0013/0313
batch_index = 0014/0313
batch_index = 0015/0313
batch_index = 0016/0313
batch_index = 0017/0313
batch_index = 0018/0313
batch_index = 0019/0313
batch_index = 0020/0313
batch_index = 0021/0313
batch_index = 0022/0313
batch_index = 0023/0313
batch_index = 0024/0313
batch_index = 0025/0313
batch_index = 0026/0313
batch_index = 0027/0313
batch_index = 0028/0313
batch_index = 0029/0313
batch_index = 0030/0313
batch_index = 0031/0313
batch_index = 0032/0313
batch_index = 0033/0313
batch_index = 0034/0313
batch_index = 0035/0313
batch_index = 0036/0313
batch_index = 0037/0313
batch_index = 0038/0313
batch_index = 0039/0313
batch_index = 0040/0313
batch_index = 0041/0313
batch_index = 0042/0313
batch_index = 0043/0313
batch_index = 0044/0313
batch_index = 0045/0313
batch_index = 0046/0313
batch_index = 0047/0313
batch_index = 0048/0313
batch_index = 0049/0313
batch_index = 0050/0313
batch_index = 0051/0313
batch_index = 0052/0313
batch_index = 0053/0313
batch_index = 0054/0313
batch_index = 0055/0313
batch_index = 0056/0313
batch_index = 0057/0313
batch_index = 0058/0313
batch_index = 0059/0313
batch_index = 0060/0313
batch_index = 0061/0313
batch_index = 0062/0313
batch_index = 0063/0313
batch_index = 0064/0313
batch_index = 0065/0313
batch_index = 0066/0313
batch_index = 0067/0313
batch_index = 0068/0313
batch_index = 0069/0313
batch_index = 0070/0313
batch_index = 0071/0313
batch_index = 0072/0313
batch_index = 0073/0313
batch_index = 0074/0313
batch_index = 0075/0313
batch_index = 0076/0313
batch_index = 0077/0313
batch_index = 0078/0313
batch_index = 0079/0313
batch_index = 0080/0313
batch_index = 0081/0313
batch_index = 0082/0313
batch_index = 0083/0313
batch_index = 0084/0313
batch_index = 0085/0313
batch_index = 0086/0313
batch_index = 0087/0313
batch_index = 0088/0313
batch_index = 0089/0313
batch_index = 0090/0313
batch_index = 0091/0313
batch_index = 0092/0313
batch_index = 0093/0313
batch_index = 0094/0313
batch_index = 0095/0313
batch_index = 0096/0313
batch_index = 0097/0313
batch_index = 0098/0313
batch_index = 0099/0313
batch_index = 0100/0313
batch_index = 0101/0313
batch_index = 0102/0313
batch_index = 0103/0313
batch_index = 0104/0313
batch_index = 0105/0313
batch_index = 0106/0313
batch_index = 0107/0313
batch_index = 0108/0313
batch_index = 0109/0313
batch_index = 0110/0313
batch_index = 0111/0313
batch_index = 0112/0313
batch_index = 0113/0313
batch_index = 0114/0313
batch_index = 0115/0313
batch_index = 0116/0313
batch_index = 0117/0313
batch_index = 0118/0313
batch_index = 0119/0313
batch_index = 0120/0313
batch_index = 0121/0313
batch_index = 0122/0313
batch_index = 0123/0313
batch_index = 0124/0313
batch_index = 0125/0313
batch_index = 0126/0313
batch_index = 0127/0313
batch_index = 0128/0313
batch_index = 0129/0313
batch_index = 0130/0313
batch_index = 0131/0313
batch_index = 0132/0313
batch_index = 0133/0313
batch_index = 0134/0313
batch_index = 0135/0313
batch_index = 0136/0313
batch_index = 0137/0313
batch_index = 0138/0313
batch_index = 0139/0313
batch_index = 0140/0313
batch_index = 0141/0313
batch_index = 0142/0313
batch_index = 0143/0313
batch_index = 0144/0313
batch_index = 0145/0313
batch_index = 0146/0313
batch_index = 0147/0313
batch_index = 0148/0313
batch_index = 0149/0313
batch_index = 0150/0313
batch_index = 0151/0313
batch_index = 0152/0313
batch_index = 0153/0313
batch_index = 0154/0313
batch_index = 0155/0313
batch_index = 0156/0313
batch_index = 0157/0313
batch_index = 0158/0313
batch_index = 0159/0313
batch_index = 0160/0313
batch_index = 0161/0313
batch_index = 0162/0313
batch_index = 0163/0313
batch_index = 0164/0313
batch_index = 0165/0313
batch_index = 0166/0313
batch_index = 0167/0313
batch_index = 0168/0313
batch_index = 0169/0313
batch_index = 0170/0313
batch_index = 0171/0313
batch_index = 0172/0313
batch_index = 0173/0313
batch_index = 0174/0313
batch_index = 0175/0313
batch_index = 0176/0313
batch_index = 0177/0313
batch_index = 0178/0313
batch_index = 0179/0313
batch_index = 0180/0313
batch_index = 0181/0313
batch_index = 0182/0313
batch_index = 0183/0313
batch_index = 0184/0313
batch_index = 0185/0313
batch_index = 0186/0313
batch_index = 0187/0313
batch_index = 0188/0313
batch_index = 0189/0313
batch_index = 0190/0313
batch_index = 0191/0313
batch_index = 0192/0313
batch_index = 0193/0313
batch_index = 0194/0313
batch_index = 0195/0313
batch_index = 0196/0313
batch_index = 0197/0313
batch_index = 0198/0313
batch_index = 0199/0313
batch_index = 0200/0313
batch_index = 0201/0313
batch_index = 0202/0313
batch_index = 0203/0313
batch_index = 0204/0313
batch_index = 0205/0313
batch_index = 0206/0313
batch_index = 0207/0313
batch_index = 0208/0313
batch_index = 0209/0313
batch_index = 0210/0313
batch_index = 0211/0313
batch_index = 0212/0313
batch_index = 0213/0313
batch_index = 0214/0313
batch_index = 0215/0313
batch_index = 0216/0313
batch_index = 0217/0313
batch_index = 0218/0313
batch_index = 0219/0313
batch_index = 0220/0313
batch_index = 0221/0313
batch_index = 0222/0313
batch_index = 0223/0313
batch_index = 0224/0313
batch_index = 0225/0313
batch_index = 0226/0313
batch_index = 0227/0313
batch_index = 0228/0313
batch_index = 0229/0313
batch_index = 0230/0313
batch_index = 0231/0313
batch_index = 0232/0313
batch_index = 0233/0313
batch_index = 0234/0313
batch_index = 0235/0313
batch_index = 0236/0313
batch_index = 0237/0313
batch_index = 0238/0313
batch_index = 0239/0313
batch_index = 0240/0313
batch_index = 0241/0313
batch_index = 0242/0313
batch_index = 0243/0313
batch_index = 0244/0313
batch_index = 0245/0313
batch_index = 0246/0313
batch_index = 0247/0313
batch_index = 0248/0313
batch_index = 0249/0313
batch_index = 0250/0313
batch_index = 0251/0313
batch_index = 0252/0313
batch_index = 0253/0313
batch_index = 0254/0313
batch_index = 0255/0313
batch_index = 0256/0313
batch_index = 0257/0313
batch_index = 0258/0313
batch_index = 0259/0313
batch_index = 0260/0313
batch_index = 0261/0313
batch_index = 0262/0313
batch_index = 0263/0313
batch_index = 0264/0313
batch_index = 0265/0313
batch_index = 0266/0313
batch_index = 0267/0313
batch_index = 0268/0313
batch_index = 0269/0313
batch_index = 0270/0313
batch_index = 0271/0313
batch_index = 0272/0313
batch_index = 0273/0313
batch_index = 0274/0313
batch_index = 0275/0313
batch_index = 0276/0313
batch_index = 0277/0313
batch_index = 0278/0313
batch_index = 0279/0313
batch_index = 0280/0313
batch_index = 0281/0313
batch_index = 0282/0313
batch_index = 0283/0313
batch_index = 0284/0313
batch_index = 0285/0313
batch_index = 0286/0313
batch_index = 0287/0313
batch_index = 0288/0313
batch_index = 0289/0313
batch_index = 0290/0313
batch_index = 0291/0313
batch_index = 0292/0313
batch_index = 0293/0313
batch_index = 0294/0313
batch_index = 0295/0313
batch_index = 0296/0313
batch_index = 0297/0313
batch_index = 0298/0313
batch_index = 0299/0313
batch_index = 0300/0313
batch_index = 0301/0313
batch_index = 0302/0313
batch_index = 0303/0313
batch_index = 0304/0313
batch_index = 0305/0313
batch_index = 0306/0313
batch_index = 0307/0313
batch_index = 0308/0313
batch_index = 0309/0313
batch_index = 0310/0313
batch_index = 0311/0313
batch_index = 0312/0313
per_x_test.shape: torch.Size([10000, 3, 32, 32])
per_y_test.shape: torch.Size([10000])
per_y_test[:10]: tensor([3, 8, 8, 0, 6, 6, 1, 6, 3, 1], device='cuda:0')
self._x_test.shape: torch.Size([10000, 3, 32, 32])
self._y_test.shape: torch.Size([10000])
self._y_test[:10]: tensor([3, 8, 8, 0, 6, 6, 1, 6, 3, 1], device='cuda:0')
Saving cifar10 testset perceptual attack examples...
standard trained classifier accuary on perceptual attack testset:12.5900%
standard trained classifier loss on perceptual attack testset:6.560965538024902
---------------------------------------


