

---------------------------------------
Torch cuda is available
args.subcommand=run, run the command line
date: 20210917
Experiment result save dir: /home/maggie/mmat/result/attack/fgsm/alexnet-kmnist/20210917/00000
initilize the dataset loading parameters
Loading *kmnist* train dataloader finished !
Loading *kmnist* test dataloader finished !
local cla_network_pkl: /home/maggie/mmat/result/train/cla-train/alexnet-kmnist/20210912/00000-testacc-0.9789/train-kmnist-dataset/standard-trained-classifier-alexnet-on-clean-kmnist-finished.pkl
initlize classifier
learned calssify model != None
Get FGSM examples generate model
self._args.attack_eps: 0.3
Traceback (most recent call last):
  File "tasklauncher-20210917.py", line 76, in <module>
    x_train_adv, y_train_adv, x_test_adv, y_test_adv = attack_classifier.generate(cle_train_dataloader,cle_test_dataloader,exp_result_dir)          #     GPU Tensor
  File "/home/maggie/mmat/attacks/advattack.py", line 136, in generate
    self._x_train, self._y_train = self.__getsettensor__(self._train_dataloader)
  File "/home/maggie/mmat/clamodels/classifier.py", line 585, in __getsettensor__
    xset_tensor  = self.__getxsettensor__(dataloader)
  File "/home/maggie/mmat/clamodels/classifier.py", line 663, in __getxsettensor__
    return xset_tensor.cuda()                                       #   xset_tensor原本是CPU Tensor, 转成GPU Tenso,便于后面与mix样本拼接
UnboundLocalError: local variable 'xset_tensor' referenced before assignment


---------------------------------------
Torch cuda is available
args.subcommand=run, run the command line
date: 20210917
Experiment result save dir: /home/maggie/mmat/result/attack/fgsm/resnet18-kmnist/20210917/00000
initilize the dataset loading parameters
Loading *kmnist* train dataloader finished !
Loading *kmnist* test dataloader finished !
local cla_network_pkl: /home/maggie/mmat/result/train/cla-train/resnet18-kmnist/20210912/00000-testacc-0.9732/train-kmnist-dataset/standard-trained-classifier-resnet18-on-clean-kmnist-epoch-0018.pkl
initlize classifier
learned calssify model != None
Get FGSM examples generate model
self._args.attack_eps: 0.3
Traceback (most recent call last):
  File "tasklauncher-20210917.py", line 76, in <module>
    x_train_adv, y_train_adv, x_test_adv, y_test_adv = attack_classifier.generate(cle_train_dataloader,cle_test_dataloader,exp_result_dir)          #     GPU Tensor
  File "/home/maggie/mmat/attacks/advattack.py", line 136, in generate
    self._x_train, self._y_train = self.__getsettensor__(self._train_dataloader)
  File "/home/maggie/mmat/clamodels/classifier.py", line 585, in __getsettensor__
    xset_tensor  = self.__getxsettensor__(dataloader)
  File "/home/maggie/mmat/clamodels/classifier.py", line 663, in __getxsettensor__
    return xset_tensor.cuda()                                       #   xset_tensor原本是CPU Tensor, 转成GPU Tenso,便于后面与mix样本拼接
UnboundLocalError: local variable 'xset_tensor' referenced before assignment


---------------------------------------
Torch cuda is available
args.subcommand=run, run the command line
date: 20210917
Experiment result save dir: /home/maggie/mmat/result/attack/fgsm/resnet34-kmnist/20210917/00000
initilize the dataset loading parameters
Loading *kmnist* train dataloader finished !
Loading *kmnist* test dataloader finished !
local cla_network_pkl: /home/maggie/mmat/result/train/cla-train/resnet34-kmnist/20210912/00000-testacc-0.9744/train-kmnist-dataset/standard-trained-classifier-resnet34-on-clean-kmnist-epoch-0014.pkl
initlize classifier
learned calssify model != None
Get FGSM examples generate model
self._args.attack_eps: 0.3
Traceback (most recent call last):
  File "tasklauncher-20210917.py", line 76, in <module>
    x_train_adv, y_train_adv, x_test_adv, y_test_adv = attack_classifier.generate(cle_train_dataloader,cle_test_dataloader,exp_result_dir)          #     GPU Tensor
  File "/home/maggie/mmat/attacks/advattack.py", line 136, in generate
    self._x_train, self._y_train = self.__getsettensor__(self._train_dataloader)
  File "/home/maggie/mmat/clamodels/classifier.py", line 585, in __getsettensor__
    xset_tensor  = self.__getxsettensor__(dataloader)
  File "/home/maggie/mmat/clamodels/classifier.py", line 663, in __getxsettensor__
    return xset_tensor.cuda()                                       #   xset_tensor原本是CPU Tensor, 转成GPU Tenso,便于后面与mix样本拼接
UnboundLocalError: local variable 'xset_tensor' referenced before assignment


---------------------------------------
Torch cuda is available
args.subcommand=run, run the command line
date: 20210917
Experiment result save dir: /home/maggie/mmat/result/attack/fgsm/resnet50-kmnist/20210917/00000
initilize the dataset loading parameters
Loading *kmnist* train dataloader finished !
Loading *kmnist* test dataloader finished !
local cla_network_pkl: /home/maggie/mmat/result/train/cla-train/resnet50-kmnist/20210913/00000-testacc-0.9615/train-kmnist-dataset/standard-trained-classifier-resnet50-on-clean-kmnist-epoch-0019.pkl
initlize classifier
learned calssify model != None
Get FGSM examples generate model
self._args.attack_eps: 0.3
Traceback (most recent call last):
  File "tasklauncher-20210917.py", line 76, in <module>
    x_train_adv, y_train_adv, x_test_adv, y_test_adv = attack_classifier.generate(cle_train_dataloader,cle_test_dataloader,exp_result_dir)          #     GPU Tensor
  File "/home/maggie/mmat/attacks/advattack.py", line 136, in generate
    self._x_train, self._y_train = self.__getsettensor__(self._train_dataloader)
  File "/home/maggie/mmat/clamodels/classifier.py", line 585, in __getsettensor__
    xset_tensor  = self.__getxsettensor__(dataloader)
  File "/home/maggie/mmat/clamodels/classifier.py", line 663, in __getxsettensor__
    return xset_tensor.cuda()                                       #   xset_tensor原本是CPU Tensor, 转成GPU Tenso,便于后面与mix样本拼接
UnboundLocalError: local variable 'xset_tensor' referenced before assignment


---------------------------------------
Torch cuda is available
args.subcommand=run, run the command line
date: 20210917
Experiment result save dir: /home/maggie/mmat/result/attack/fgsm/vgg19-kmnist/20210917/00000
initilize the dataset loading parameters
Loading *kmnist* train dataloader finished !
Loading *kmnist* test dataloader finished !
local cla_network_pkl: /home/maggie/mmat/result/train/cla-train/vgg19-kmnist/20210913/00003-testacc-0.9809/train-kmnist-dataset/standard-trained-classifier-vgg19-on-clean-kmnist-epoch-0014.pkl
initlize classifier
learned calssify model != None
Get FGSM examples generate model
self._args.attack_eps: 0.3
Traceback (most recent call last):
  File "tasklauncher-20210917.py", line 76, in <module>
    x_train_adv, y_train_adv, x_test_adv, y_test_adv = attack_classifier.generate(cle_train_dataloader,cle_test_dataloader,exp_result_dir)          #     GPU Tensor
  File "/home/maggie/mmat/attacks/advattack.py", line 136, in generate
    self._x_train, self._y_train = self.__getsettensor__(self._train_dataloader)
  File "/home/maggie/mmat/clamodels/classifier.py", line 585, in __getsettensor__
    xset_tensor  = self.__getxsettensor__(dataloader)
  File "/home/maggie/mmat/clamodels/classifier.py", line 663, in __getxsettensor__
    return xset_tensor.cuda()                                       #   xset_tensor原本是CPU Tensor, 转成GPU Tenso,便于后面与mix样本拼接
UnboundLocalError: local variable 'xset_tensor' referenced before assignment


---------------------------------------
Torch cuda is available
args.subcommand=run, run the command line
date: 20210917
Experiment result save dir: /home/maggie/mmat/result/attack/fgsm/densenet169-kmnist/20210917/00000
initilize the dataset loading parameters
Loading *kmnist* train dataloader finished !
Loading *kmnist* test dataloader finished !
local cla_network_pkl: /home/maggie/mmat/result/train/cla-train/densenet169-kmnist/20210913/00000-testacc-0.9752/train-kmnist-dataset/standard-trained-classifier-densenet169-on-clean-kmnist-epoch-0018.pkl
initlize classifier
learned calssify model != None
Get FGSM examples generate model
self._args.attack_eps: 0.3
Traceback (most recent call last):
  File "tasklauncher-20210917.py", line 76, in <module>
    x_train_adv, y_train_adv, x_test_adv, y_test_adv = attack_classifier.generate(cle_train_dataloader,cle_test_dataloader,exp_result_dir)          #     GPU Tensor
  File "/home/maggie/mmat/attacks/advattack.py", line 136, in generate
    self._x_train, self._y_train = self.__getsettensor__(self._train_dataloader)
  File "/home/maggie/mmat/clamodels/classifier.py", line 585, in __getsettensor__
    xset_tensor  = self.__getxsettensor__(dataloader)
  File "/home/maggie/mmat/clamodels/classifier.py", line 663, in __getxsettensor__
    return xset_tensor.cuda()                                       #   xset_tensor原本是CPU Tensor, 转成GPU Tenso,便于后面与mix样本拼接
UnboundLocalError: local variable 'xset_tensor' referenced before assignment


---------------------------------------
Torch cuda is available
args.subcommand=run, run the command line
date: 20210917
Experiment result save dir: /home/maggie/mmat/result/attack/fgsm/googlenet-kmnist/20210917/00000
initilize the dataset loading parameters
Loading *kmnist* train dataloader finished !
Loading *kmnist* test dataloader finished !
local cla_network_pkl: /home/maggie/mmat/result/train/cla-train/googlenet-kmnist/20210913/00003-testacc-0.9804/train-kmnist-dataset/standard-trained-classifier-googlenet-on-clean-kmnist-epoch-0015.pkl
initlize classifier
learned calssify model != None
Get FGSM examples generate model
self._args.attack_eps: 0.3
Traceback (most recent call last):
  File "tasklauncher-20210917.py", line 76, in <module>
    x_train_adv, y_train_adv, x_test_adv, y_test_adv = attack_classifier.generate(cle_train_dataloader,cle_test_dataloader,exp_result_dir)          #     GPU Tensor
  File "/home/maggie/mmat/attacks/advattack.py", line 136, in generate
    self._x_train, self._y_train = self.__getsettensor__(self._train_dataloader)
  File "/home/maggie/mmat/clamodels/classifier.py", line 585, in __getsettensor__
    xset_tensor  = self.__getxsettensor__(dataloader)
  File "/home/maggie/mmat/clamodels/classifier.py", line 663, in __getxsettensor__
    return xset_tensor.cuda()                                       #   xset_tensor原本是CPU Tensor, 转成GPU Tenso,便于后面与mix样本拼接
UnboundLocalError: local variable 'xset_tensor' referenced before assignment


---------------------------------------
Torch cuda is available
args.subcommand=run, run the command line
date: 20210917
Experiment result save dir: /home/maggie/mmat/result/attack/fgsm/alexnet-kmnist/20210917/00000
initilize the dataset loading parameters
Loading *kmnist* train dataloader finished !
Loading *kmnist* test dataloader finished !
local cla_network_pkl: /home/maggie/mmat/result/train/cla-train/alexnet-kmnist/20210912/00000-testacc-0.9789/train-kmnist-dataset/standard-trained-classifier-alexnet-on-clean-kmnist-finished.pkl
initlize classifier
learned calssify model != None
Get FGSM examples generate model
self._args.attack_eps: 0.3
generating adversarial examples...
finished generate adversarial examples !
Saving kmnist trainset  adversarial examples...
Saving kmnist testset  adversarial examples...
standard trained classifier accuary on adversarial testset:82.2400%
standard trained classifier loss on adversarial testset:0.9325307011604309
---------------------------------------




---------------------------------------
Torch cuda is available
args.subcommand=run, run the command line
date: 20210917
Experiment result save dir: /home/maggie/mmat/result/attack/fgsm/resnet18-kmnist/20210917/00000
initilize the dataset loading parameters
Loading *kmnist* train dataloader finished !
Loading *kmnist* test dataloader finished !
local cla_network_pkl: /home/maggie/mmat/result/train/cla-train/resnet18-kmnist/20210912/00000-testacc-0.9732/train-kmnist-dataset/standard-trained-classifier-resnet18-on-clean-kmnist-epoch-0018.pkl
initlize classifier
learned calssify model != None
Get FGSM examples generate model
self._args.attack_eps: 0.3
generating adversarial examples...
finished generate adversarial examples !
Saving kmnist trainset  adversarial examples...
Saving kmnist testset  adversarial examples...
standard trained classifier accuary on adversarial testset:78.9300%
standard trained classifier loss on adversarial testset:1.258835792541504
---------------------------------------




---------------------------------------
Torch cuda is available
args.subcommand=run, run the command line
date: 20210917
Experiment result save dir: /home/maggie/mmat/result/attack/fgsm/resnet34-kmnist/20210917/00000
initilize the dataset loading parameters
Loading *kmnist* train dataloader finished !
Loading *kmnist* test dataloader finished !
local cla_network_pkl: /home/maggie/mmat/result/train/cla-train/resnet34-kmnist/20210912/00000-testacc-0.9744/train-kmnist-dataset/standard-trained-classifier-resnet34-on-clean-kmnist-epoch-0014.pkl
initlize classifier
learned calssify model != None
Get FGSM examples generate model
self._args.attack_eps: 0.3
generating adversarial examples...
finished generate adversarial examples !
Saving kmnist trainset  adversarial examples...
Saving kmnist testset  adversarial examples...
standard trained classifier accuary on adversarial testset:77.2900%
standard trained classifier loss on adversarial testset:1.1696505546569824
---------------------------------------




---------------------------------------
Torch cuda is available
args.subcommand=run, run the command line
date: 20210917
Experiment result save dir: /home/maggie/mmat/result/attack/fgsm/resnet50-kmnist/20210917/00000
initilize the dataset loading parameters
Loading *kmnist* train dataloader finished !
Loading *kmnist* test dataloader finished !
local cla_network_pkl: /home/maggie/mmat/result/train/cla-train/resnet50-kmnist/20210913/00000-testacc-0.9615/train-kmnist-dataset/standard-trained-classifier-resnet50-on-clean-kmnist-epoch-0019.pkl
initlize classifier
learned calssify model != None
Get FGSM examples generate model
self._args.attack_eps: 0.3
generating adversarial examples...
finished generate adversarial examples !
Saving kmnist trainset  adversarial examples...
Saving kmnist testset  adversarial examples...
standard trained classifier accuary on adversarial testset:74.3800%
standard trained classifier loss on adversarial testset:1.768792986869812
---------------------------------------




---------------------------------------
Torch cuda is available
args.subcommand=run, run the command line
date: 20210917
Experiment result save dir: /home/maggie/mmat/result/attack/fgsm/vgg19-kmnist/20210917/00000
initilize the dataset loading parameters
Loading *kmnist* train dataloader finished !
Loading *kmnist* test dataloader finished !
local cla_network_pkl: /home/maggie/mmat/result/train/cla-train/vgg19-kmnist/20210913/00003-testacc-0.9809/train-kmnist-dataset/standard-trained-classifier-vgg19-on-clean-kmnist-epoch-0014.pkl
initlize classifier
learned calssify model != None
Get FGSM examples generate model
self._args.attack_eps: 0.3
generating adversarial examples...
finished generate adversarial examples !
Saving kmnist trainset  adversarial examples...
Saving kmnist testset  adversarial examples...
standard trained classifier accuary on adversarial testset:75.4300%
standard trained classifier loss on adversarial testset:1.2328300476074219
---------------------------------------




---------------------------------------
Torch cuda is available
args.subcommand=run, run the command line
date: 20210917
Experiment result save dir: /home/maggie/mmat/result/attack/fgsm/densenet169-kmnist/20210917/00000
initilize the dataset loading parameters
Loading *kmnist* train dataloader finished !
Loading *kmnist* test dataloader finished !
local cla_network_pkl: /home/maggie/mmat/result/train/cla-train/densenet169-kmnist/20210913/00000-testacc-0.9752/train-kmnist-dataset/standard-trained-classifier-densenet169-on-clean-kmnist-epoch-0018.pkl
initlize classifier
learned calssify model != None
Get FGSM examples generate model
self._args.attack_eps: 0.3
generating adversarial examples...
finished generate adversarial examples !
Saving kmnist trainset  adversarial examples...
Saving kmnist testset  adversarial examples...
standard trained classifier accuary on adversarial testset:70.2100%
standard trained classifier loss on adversarial testset:1.5837883949279785
---------------------------------------




---------------------------------------
Torch cuda is available
args.subcommand=run, run the command line
date: 20210917
Experiment result save dir: /home/maggie/mmat/result/attack/fgsm/googlenet-kmnist/20210917/00000
initilize the dataset loading parameters
Loading *kmnist* train dataloader finished !
Loading *kmnist* test dataloader finished !
local cla_network_pkl: /home/maggie/mmat/result/train/cla-train/googlenet-kmnist/20210913/00003-testacc-0.9804/train-kmnist-dataset/standard-trained-classifier-googlenet-on-clean-kmnist-epoch-0015.pkl
initlize classifier
learned calssify model != None
Get FGSM examples generate model
self._args.attack_eps: 0.3
generating adversarial examples...
finished generate adversarial examples !
Saving kmnist trainset  adversarial examples...
Saving kmnist testset  adversarial examples...
Traceback (most recent call last):
  File "tasklauncher-20210917.py", line 77, in <module>
    adv_test_accuracy, adv_test_loss = attack_classifier.evaluatefromtensor(target_model,x_test_adv,y_test_adv)
  File "/home/maggie/mmat/clamodels/classifier.py", line 561, in evaluatefromtensor
    output, aux1, aux2 = classifier(imgs)
ValueError: too many values to unpack (expected 3)


---------------------------------------
Torch cuda is available
args.subcommand=run, run the command line
date: 20210917
Experiment result save dir: /home/maggie/mmat/result/attack/fgsm/googlenet-kmnist/20210917/00000
initilize the dataset loading parameters
Loading *kmnist* train dataloader finished !
Loading *kmnist* test dataloader finished !
local cla_network_pkl: /home/maggie/mmat/result/train/cla-train/googlenet-kmnist/20210913/00003-testacc-0.9804/train-kmnist-dataset/standard-trained-classifier-googlenet-on-clean-kmnist-epoch-0015.pkl
initlize classifier
learned calssify model != None
Get FGSM examples generate model
self._args.attack_eps: 0.3
generating adversarial examples...
finished generate adversarial examples !
Saving kmnist trainset  adversarial examples...
Saving kmnist testset  adversarial examples...
standard trained classifier accuary on adversarial testset:81.0000%
standard trained classifier loss on adversarial testset:0.9429131150245667
---------------------------------------


