

---------------------------------------
Torch cuda is available
args.subcommand=run, run the command line
date: 20211020
blackbox attack
Experiment result save dir: /home/maggie/mmat/result/defense/rmt/fgsm/basemixup-betasampler/preactresnet34-cifar10/blackbox/20211020/00001
initilize the dataset loading parameters
load cifar10 dataset
Loading *cifar10* train dataloader finished !
Loading *cifar10* test dataloader finished !
Traceback (most recent call last):
  File "tasklauncher-20211020.py", line 181, in <module>
    learned_model = torch.load(args.cla_network_pkl)
  File "/home/xieyi/anaconda3/envs/mmat/lib/python3.7/site-packages/torch/serialization.py", line 592, in load
    return _load(opened_zipfile, map_location, pickle_module, **pickle_load_args)
  File "/home/xieyi/anaconda3/envs/mmat/lib/python3.7/site-packages/torch/serialization.py", line 851, in _load
    result = unpickler.load()
  File "/home/xieyi/anaconda3/envs/mmat/lib/python3.7/site-packages/torch/serialization.py", line 843, in persistent_load
    load_tensor(data_type, size, key, _maybe_decode_ascii(location))
  File "/home/xieyi/anaconda3/envs/mmat/lib/python3.7/site-packages/torch/serialization.py", line 832, in load_tensor
    loaded_storages[key] = restore_location(storage, location)
  File "/home/xieyi/anaconda3/envs/mmat/lib/python3.7/site-packages/torch/serialization.py", line 175, in default_restore_location
    result = fn(storage, location)
  File "/home/xieyi/anaconda3/envs/mmat/lib/python3.7/site-packages/torch/serialization.py", line 157, in _cuda_deserialize
    return obj.cuda(device)
  File "/home/xieyi/anaconda3/envs/mmat/lib/python3.7/site-packages/torch/_utils.py", line 80, in _cuda
    return new_type(self.size()).copy_(self, non_blocking)
  File "/home/xieyi/anaconda3/envs/mmat/lib/python3.7/site-packages/torch/cuda/__init__.py", line 484, in _lazy_new
    return super(_CudaBase, cls).__new__(cls, *args, **kwargs)
KeyboardInterrupt
