

---------------------------------------
Torch cuda is available
args.subcommand=run, run the command line
date: 20220624
Experiment result save dir: /home/maggie/mmat/result/project/stylegan2ada-svhn/20220624/00000
initilize the dataset loading parameters
Using downloaded and verified file: /home/data/maggie/svhn/train_32x32.mat
Loading *svhn* train dataloader finished !
Loading *svhn* test dataloader finished !
projecting test set
self._args.dataset: svhn
sample_num: 26032
batch_num: 814
batch_size: 32
Projecting *svhn* 0/814 batch data sets...
running projecting main()..............
Project original images from images tensor set !
projecting samples num: 32
projecting 00000000 image:
Setting up PyTorch plugin "bias_act_plugin"... /home/xieyi/anaconda3/envs/mmat/lib/python3.7/site-packages/torch/utils/cpp_extension.py:286: UserWarning: 

                               !! WARNING !!

!!!!!!!!!!!!!!!!!!!!!!!!!!!!!!!!!!!!!!!!!!!!!!!!!!!!!!!!!!!!!!!!!!!!!!!!!!!!!!!
Your compiler (c++) is not compatible with the compiler Pytorch was
built with for this platform, which is g++ on linux. Please
use g++ to to compile your extension. Alternatively, you may
compile PyTorch from source using c++, and then you can also use
c++ to compile your extension.

See https://github.com/pytorch/pytorch/blob/master/CONTRIBUTING.md for help
with compiling PyTorch from source.
!!!!!!!!!!!!!!!!!!!!!!!!!!!!!!!!!!!!!!!!!!!!!!!!!!!!!!!!!!!!!!!!!!!!!!!!!!!!!!!

                              !! WARNING !!

  platform=sys.platform))
Done.
Setting up PyTorch plugin "upfirdn2d_plugin"... /home/xieyi/anaconda3/envs/mmat/lib/python3.7/site-packages/torch/utils/cpp_extension.py:286: UserWarning: 

                               !! WARNING !!

!!!!!!!!!!!!!!!!!!!!!!!!!!!!!!!!!!!!!!!!!!!!!!!!!!!!!!!!!!!!!!!!!!!!!!!!!!!!!!!
Your compiler (c++) is not compatible with the compiler Pytorch was
built with for this platform, which is g++ on linux. Please
use g++ to to compile your extension. Alternatively, you may
compile PyTorch from source using c++, and then you can also use
c++ to compile your extension.

See https://github.com/pytorch/pytorch/blob/master/CONTRIBUTING.md for help
with compiling PyTorch from source.
!!!!!!!!!!!!!!!!!!!!!!!!!!!!!!!!!!!!!!!!!!!!!!!!!!!!!!!!!!!!!!!!!!!!!!!!!!!!!!!

                              !! WARNING !!

  platform=sys.platform))
Done.
label = 0005-5
projecting samples num: 32
projecting 00000001 image:
Traceback (most recent call last):
  File "tasklauncher-20220624.py", line 180, in <module>
    generate_model.projectmain(cle_test_dataloader)     #20220624 投影CIFAR10测试集
  File "/home/maggie/mmat/genmodels/mixgenerate.py", line 228, in projectmain
    pro_w_trainbatch, pro_y_trainbatch = self.__batchproject__(batch_index,cle_x_trainbatch, cle_y_trainbatch)                                 #   numpy
  File "/home/maggie/mmat/genmodels/mixgenerate.py", line 428, in __batchproject__
    self._model.project(self._exp_result_dir,cle_x_trainbatch,cle_y_trainbatch,batch_index)         #   调用stylegan2ada的project
  File "/home/maggie/mmat/genmodels/stylegan2ada.py", line 528, in project
    projected_w_set, projected_y_set = self.__projectmain__(self._args, self._exp_result_dir,ori_x_set, ori_y_set)
  File "/home/maggie/mmat/genmodels/stylegan2ada.py", line 539, in __projectmain__
    projected_w_set, projected_y_set = self.__ramxyproject__()
  File "/home/maggie/mmat/genmodels/stylegan2ada.py", line 632, in __ramxyproject__
    laber_index = target_y_set[index]
  File "/home/maggie/mmat/genmodels/stylegan2ada.py", line 702, in __xyproject__
    verbose=True
  File "/home/maggie/mmat/genmodels/stylegan2ada.py", line 1105, in __project__
    loss.backward()
  File "/home/xieyi/anaconda3/envs/mmat/lib/python3.7/site-packages/torch/tensor.py", line 245, in backward
    torch.autograd.backward(self, gradient, retain_graph, create_graph, inputs=inputs)
  File "/home/xieyi/anaconda3/envs/mmat/lib/python3.7/site-packages/torch/autograd/__init__.py", line 147, in backward
    allow_unreachable=True, accumulate_grad=True)  # allow_unreachable flag
KeyboardInterrupt


---------------------------------------
Torch cuda is available
args.subcommand=run, run the command line
date: 20220624
Experiment result save dir: /home/maggie/mmat/result/project/stylegan2ada-svhn/20220624/00001
initilize the dataset loading parameters
Using downloaded and verified file: /home/data/maggie/svhn/train_32x32.mat
Loading *svhn* train dataloader finished !
Loading *svhn* test dataloader finished !
projecting test set
self._args.dataset: svhn
sample_num: 26032
batch_num: 814
batch_size: 32
Projecting *svhn* 0/814 batch data sets...
running projecting main()..............
Project original images from images tensor set !
projecting samples num: 32
projecting 00000000 image:
Setting up PyTorch plugin "bias_act_plugin"... /home/xieyi/anaconda3/envs/mmat/lib/python3.7/site-packages/torch/utils/cpp_extension.py:286: UserWarning: 

                               !! WARNING !!

!!!!!!!!!!!!!!!!!!!!!!!!!!!!!!!!!!!!!!!!!!!!!!!!!!!!!!!!!!!!!!!!!!!!!!!!!!!!!!!
Your compiler (c++) is not compatible with the compiler Pytorch was
built with for this platform, which is g++ on linux. Please
use g++ to to compile your extension. Alternatively, you may
compile PyTorch from source using c++, and then you can also use
c++ to compile your extension.

See https://github.com/pytorch/pytorch/blob/master/CONTRIBUTING.md for help
with compiling PyTorch from source.
!!!!!!!!!!!!!!!!!!!!!!!!!!!!!!!!!!!!!!!!!!!!!!!!!!!!!!!!!!!!!!!!!!!!!!!!!!!!!!!

                              !! WARNING !!

  platform=sys.platform))
Done.
Setting up PyTorch plugin "upfirdn2d_plugin"... /home/xieyi/anaconda3/envs/mmat/lib/python3.7/site-packages/torch/utils/cpp_extension.py:286: UserWarning: 

                               !! WARNING !!

!!!!!!!!!!!!!!!!!!!!!!!!!!!!!!!!!!!!!!!!!!!!!!!!!!!!!!!!!!!!!!!!!!!!!!!!!!!!!!!
Your compiler (c++) is not compatible with the compiler Pytorch was
built with for this platform, which is g++ on linux. Please
use g++ to to compile your extension. Alternatively, you may
compile PyTorch from source using c++, and then you can also use
c++ to compile your extension.

See https://github.com/pytorch/pytorch/blob/master/CONTRIBUTING.md for help
with compiling PyTorch from source.
!!!!!!!!!!!!!!!!!!!!!!!!!!!!!!!!!!!!!!!!!!!!!!!!!!!!!!!!!!!!!!!!!!!!!!!!!!!!!!!

                              !! WARNING !!

  platform=sys.platform))
