

---------------------------------------
Torch cuda is available
args.subcommand=run, run the command line
date: 20210924
Experiment result save dir: /home/maggie/mmat/result/train/cla-train/preactresnet18-cifar10/20210924/00000
initilize the dataset loading parameters
load cifar10 dataset
Loading *cifar10* train dataloader finished !
Loading *cifar10* test dataloader finished !
initlize classifier
learned calssify model = None
使用文献对比模型
model_name: preactresnet18
classes_number: 10
pretrain_flag: False
img_channels: 3
last_name: linear
last_module: Linear(in_features=512, out_features=10, bias=True)
self._trainset_len: 50000
self._trainbatch_num: 196
self._testset_len: 10000
0epoch learning rate:0.01
[Epoch 1/20] [Batch 1/196] [Batch classify loss: 2.319389] 
[Epoch 1/20] [Batch 2/196] [Batch classify loss: 38.532497] 
[Epoch 1/20] [Batch 3/196] [Batch classify loss: 19.900167] 
[Epoch 1/20] [Batch 4/196] [Batch classify loss: 8.157959] 
[Epoch 1/20] [Batch 5/196] [Batch classify loss: 6.466513] 
[Epoch 1/20] [Batch 6/196] [Batch classify loss: 24.386164] 
[Epoch 1/20] [Batch 7/196] [Batch classify loss: 17.461840] 
[Epoch 1/20] [Batch 8/196] [Batch classify loss: 11.922576] 
[Epoch 1/20] [Batch 9/196] [Batch classify loss: 11.445984] 
[Epoch 1/20] [Batch 10/196] [Batch classify loss: 9.873044] 
[Epoch 1/20] [Batch 11/196] [Batch classify loss: 11.160989] 
[Epoch 1/20] [Batch 12/196] [Batch classify loss: 13.623098] 
[Epoch 1/20] [Batch 13/196] [Batch classify loss: 21.615530] 
[Epoch 1/20] [Batch 14/196] [Batch classify loss: 7.167979] 
[Epoch 1/20] [Batch 15/196] [Batch classify loss: 4.904310] 
[Epoch 1/20] [Batch 16/196] [Batch classify loss: 9.389703] 
[Epoch 1/20] [Batch 17/196] [Batch classify loss: 4.217088] 
[Epoch 1/20] [Batch 18/196] [Batch classify loss: 10.213043] 
[Epoch 1/20] [Batch 19/196] [Batch classify loss: 10.773664] 
[Epoch 1/20] [Batch 20/196] [Batch classify loss: 13.426575] 
[Epoch 1/20] [Batch 21/196] [Batch classify loss: 6.994336] 
[Epoch 1/20] [Batch 22/196] [Batch classify loss: 4.225230] 
[Epoch 1/20] [Batch 23/196] [Batch classify loss: 3.836096] 
[Epoch 1/20] [Batch 24/196] [Batch classify loss: 4.491749] 
[Epoch 1/20] [Batch 25/196] [Batch classify loss: 5.937910] 
[Epoch 1/20] [Batch 26/196] [Batch classify loss: 4.244112] 
[Epoch 1/20] [Batch 27/196] [Batch classify loss: 2.304994] 
[Epoch 1/20] [Batch 28/196] [Batch classify loss: 2.831314] 
[Epoch 1/20] [Batch 29/196] [Batch classify loss: 4.566528] 
[Epoch 1/20] [Batch 30/196] [Batch classify loss: 3.272865] 
[Epoch 1/20] [Batch 31/196] [Batch classify loss: 4.815260] 
[Epoch 1/20] [Batch 32/196] [Batch classify loss: 3.767316] 
[Epoch 1/20] [Batch 33/196] [Batch classify loss: 3.622680] 
[Epoch 1/20] [Batch 34/196] [Batch classify loss: 2.669576] 
[Epoch 1/20] [Batch 35/196] [Batch classify loss: 2.817741] 
[Epoch 1/20] [Batch 36/196] [Batch classify loss: 3.612897] 
[Epoch 1/20] [Batch 37/196] [Batch classify loss: 2.992393] 
[Epoch 1/20] [Batch 38/196] [Batch classify loss: 2.704845] 
[Epoch 1/20] [Batch 39/196] [Batch classify loss: 2.850504] 
[Epoch 1/20] [Batch 40/196] [Batch classify loss: 2.457432] 
[Epoch 1/20] [Batch 41/196] [Batch classify loss: 3.041768] 
[Epoch 1/20] [Batch 42/196] [Batch classify loss: 2.484492] 
[Epoch 1/20] [Batch 43/196] [Batch classify loss: 2.851169] 
[Epoch 1/20] [Batch 44/196] [Batch classify loss: 2.304972] 
[Epoch 1/20] [Batch 45/196] [Batch classify loss: 2.641411] 
[Epoch 1/20] [Batch 46/196] [Batch classify loss: 2.385781] 
[Epoch 1/20] [Batch 47/196] [Batch classify loss: 2.555662] 
[Epoch 1/20] [Batch 48/196] [Batch classify loss: 2.730815] 
[Epoch 1/20] [Batch 49/196] [Batch classify loss: 2.527180] 
[Epoch 1/20] [Batch 50/196] [Batch classify loss: 2.436998] 
[Epoch 1/20] [Batch 51/196] [Batch classify loss: 2.359857] 
[Epoch 1/20] [Batch 52/196] [Batch classify loss: 2.351764] 
[Epoch 1/20] [Batch 53/196] [Batch classify loss: 2.328087] 
[Epoch 1/20] [Batch 54/196] [Batch classify loss: 2.396000] 
[Epoch 1/20] [Batch 55/196] [Batch classify loss: 2.293169] 
[Epoch 1/20] [Batch 56/196] [Batch classify loss: 2.364041] 
[Epoch 1/20] [Batch 57/196] [Batch classify loss: 2.325068] 
[Epoch 1/20] [Batch 58/196] [Batch classify loss: 2.284090] 
[Epoch 1/20] [Batch 59/196] [Batch classify loss: 2.476357] 
[Epoch 1/20] [Batch 60/196] [Batch classify loss: 2.283142] 
[Epoch 1/20] [Batch 61/196] [Batch classify loss: 2.387434] 
[Epoch 1/20] [Batch 62/196] [Batch classify loss: 2.286462] 
[Epoch 1/20] [Batch 63/196] [Batch classify loss: 2.289049] 
[Epoch 1/20] [Batch 64/196] [Batch classify loss: 2.607523] 
[Epoch 1/20] [Batch 65/196] [Batch classify loss: 2.276107] 
[Epoch 1/20] [Batch 66/196] [Batch classify loss: 2.304109] 
[Epoch 1/20] [Batch 67/196] [Batch classify loss: 2.298775] 
[Epoch 1/20] [Batch 68/196] [Batch classify loss: 2.395043] 
[Epoch 1/20] [Batch 69/196] [Batch classify loss: 2.303852] 
[Epoch 1/20] [Batch 70/196] [Batch classify loss: 2.289231] 
[Epoch 1/20] [Batch 71/196] [Batch classify loss: 2.278792] 
[Epoch 1/20] [Batch 72/196] [Batch classify loss: 2.457207] 
[Epoch 1/20] [Batch 73/196] [Batch classify loss: 2.294015] 
[Epoch 1/20] [Batch 74/196] [Batch classify loss: 2.428907] 
[Epoch 1/20] [Batch 75/196] [Batch classify loss: 2.328075] 
[Epoch 1/20] [Batch 76/196] [Batch classify loss: 2.392431] 
[Epoch 1/20] [Batch 77/196] [Batch classify loss: 2.344166] 
[Epoch 1/20] [Batch 78/196] [Batch classify loss: 2.283003] 
[Epoch 1/20] [Batch 79/196] [Batch classify loss: 2.332579] 
[Epoch 1/20] [Batch 80/196] [Batch classify loss: 2.281382] 
[Epoch 1/20] [Batch 81/196] [Batch classify loss: 2.399541] 
[Epoch 1/20] [Batch 82/196] [Batch classify loss: 2.293747] 
[Epoch 1/20] [Batch 83/196] [Batch classify loss: 2.280265] 
[Epoch 1/20] [Batch 84/196] [Batch classify loss: 2.330580] 
[Epoch 1/20] [Batch 85/196] [Batch classify loss: 2.369909] 
[Epoch 1/20] [Batch 86/196] [Batch classify loss: 2.292834] 
[Epoch 1/20] [Batch 87/196] [Batch classify loss: 2.463730] 
[Epoch 1/20] [Batch 88/196] [Batch classify loss: 2.344544] 
[Epoch 1/20] [Batch 89/196] [Batch classify loss: 2.297909] 
[Epoch 1/20] [Batch 90/196] [Batch classify loss: 2.316149] 
[Epoch 1/20] [Batch 91/196] [Batch classify loss: 2.286105] 
[Epoch 1/20] [Batch 92/196] [Batch classify loss: 2.298307] 
[Epoch 1/20] [Batch 93/196] [Batch classify loss: 2.334822] 
[Epoch 1/20] [Batch 94/196] [Batch classify loss: 2.312798] 
[Epoch 1/20] [Batch 95/196] [Batch classify loss: 2.310103] 
[Epoch 1/20] [Batch 96/196] [Batch classify loss: 2.296903] 
[Epoch 1/20] [Batch 97/196] [Batch classify loss: 2.333017] 
[Epoch 1/20] [Batch 98/196] [Batch classify loss: 2.281691] 
[Epoch 1/20] [Batch 99/196] [Batch classify loss: 2.365662] 
[Epoch 1/20] [Batch 100/196] [Batch classify loss: 2.294835] 
[Epoch 1/20] [Batch 101/196] [Batch classify loss: 2.343004] 
[Epoch 1/20] [Batch 102/196] [Batch classify loss: 2.326705] 
[Epoch 1/20] [Batch 103/196] [Batch classify loss: 2.307827] 
[Epoch 1/20] [Batch 104/196] [Batch classify loss: 2.287847] 
[Epoch 1/20] [Batch 105/196] [Batch classify loss: 2.316455] 
[Epoch 1/20] [Batch 106/196] [Batch classify loss: 2.283218] 
[Epoch 1/20] [Batch 107/196] [Batch classify loss: 2.281856] 
[Epoch 1/20] [Batch 108/196] [Batch classify loss: 2.313182] 
[Epoch 1/20] [Batch 109/196] [Batch classify loss: 2.264668] 
[Epoch 1/20] [Batch 110/196] [Batch classify loss: 2.294550] 
[Epoch 1/20] [Batch 111/196] [Batch classify loss: 2.307720] 
[Epoch 1/20] [Batch 112/196] [Batch classify loss: 2.302049] 
[Epoch 1/20] [Batch 113/196] [Batch classify loss: 2.337970] 
[Epoch 1/20] [Batch 114/196] [Batch classify loss: 2.274304] 
[Epoch 1/20] [Batch 115/196] [Batch classify loss: 2.425427] 
[Epoch 1/20] [Batch 116/196] [Batch classify loss: 2.295878] 
[Epoch 1/20] [Batch 117/196] [Batch classify loss: 2.287736] 
[Epoch 1/20] [Batch 118/196] [Batch classify loss: 2.263612] 
[Epoch 1/20] [Batch 119/196] [Batch classify loss: 2.279395] 
[Epoch 1/20] [Batch 120/196] [Batch classify loss: 2.333448] 
[Epoch 1/20] [Batch 121/196] [Batch classify loss: 2.288880] 
[Epoch 1/20] [Batch 122/196] [Batch classify loss: 2.290766] 
[Epoch 1/20] [Batch 123/196] [Batch classify loss: 2.303429] 
[Epoch 1/20] [Batch 124/196] [Batch classify loss: 2.274853] 
[Epoch 1/20] [Batch 125/196] [Batch classify loss: 2.255609] 
[Epoch 1/20] [Batch 126/196] [Batch classify loss: 2.259793] 
[Epoch 1/20] [Batch 127/196] [Batch classify loss: 2.254581] 
[Epoch 1/20] [Batch 128/196] [Batch classify loss: 2.268696] 
[Epoch 1/20] [Batch 129/196] [Batch classify loss: 2.279356] 
[Epoch 1/20] [Batch 130/196] [Batch classify loss: 2.249352] 
[Epoch 1/20] [Batch 131/196] [Batch classify loss: 2.304560] 
[Epoch 1/20] [Batch 132/196] [Batch classify loss: 2.312922] 
[Epoch 1/20] [Batch 133/196] [Batch classify loss: 2.255039] 
[Epoch 1/20] [Batch 134/196] [Batch classify loss: 2.235080] 
[Epoch 1/20] [Batch 135/196] [Batch classify loss: 2.221489] 
[Epoch 1/20] [Batch 136/196] [Batch classify loss: 2.262473] 
[Epoch 1/20] [Batch 137/196] [Batch classify loss: 2.255245] 
[Epoch 1/20] [Batch 138/196] [Batch classify loss: 2.242234] 
[Epoch 1/20] [Batch 139/196] [Batch classify loss: 2.233900] 
[Epoch 1/20] [Batch 140/196] [Batch classify loss: 2.235544] 
[Epoch 1/20] [Batch 141/196] [Batch classify loss: 2.197349] 
[Epoch 1/20] [Batch 142/196] [Batch classify loss: 2.215322] 
[Epoch 1/20] [Batch 143/196] [Batch classify loss: 2.172137] 
[Epoch 1/20] [Batch 144/196] [Batch classify loss: 2.191342] 
[Epoch 1/20] [Batch 145/196] [Batch classify loss: 2.203853] 
[Epoch 1/20] [Batch 146/196] [Batch classify loss: 2.228287] 
[Epoch 1/20] [Batch 147/196] [Batch classify loss: 2.226544] 
[Epoch 1/20] [Batch 148/196] [Batch classify loss: 2.141564] 
[Epoch 1/20] [Batch 149/196] [Batch classify loss: 2.187294] 
[Epoch 1/20] [Batch 150/196] [Batch classify loss: 2.122936] 
[Epoch 1/20] [Batch 151/196] [Batch classify loss: 2.189364] 
[Epoch 1/20] [Batch 152/196] [Batch classify loss: 2.120575] 
[Epoch 1/20] [Batch 153/196] [Batch classify loss: 2.192292] 
[Epoch 1/20] [Batch 154/196] [Batch classify loss: 2.120456] 
[Epoch 1/20] [Batch 155/196] [Batch classify loss: 2.102693] 
[Epoch 1/20] [Batch 156/196] [Batch classify loss: 2.145136] 
[Epoch 1/20] [Batch 157/196] [Batch classify loss: 2.122011] 
[Epoch 1/20] [Batch 158/196] [Batch classify loss: 3.819724] 
[Epoch 1/20] [Batch 159/196] [Batch classify loss: 2.230490] 
[Epoch 1/20] [Batch 160/196] [Batch classify loss: 2.271508] 
[Epoch 1/20] [Batch 161/196] [Batch classify loss: 2.296540] 
[Epoch 1/20] [Batch 162/196] [Batch classify loss: 2.286544] 
[Epoch 1/20] [Batch 163/196] [Batch classify loss: 2.268769] 
[Epoch 1/20] [Batch 164/196] [Batch classify loss: 2.271648] 
[Epoch 1/20] [Batch 165/196] [Batch classify loss: 2.374642] 
[Epoch 1/20] [Batch 166/196] [Batch classify loss: 2.302605] 
[Epoch 1/20] [Batch 167/196] [Batch classify loss: 2.323692] 
[Epoch 1/20] [Batch 168/196] [Batch classify loss: 2.286240] 
[Epoch 1/20] [Batch 169/196] [Batch classify loss: 2.277633] 
