

---------------------------------------
Torch cuda is available
args.subcommand=run, run the command line
date: 20220704
exp_result_dir: /root/autodl-tmp/maggie/result/train/gen-train/stylegan2ada-imagenetmixed10/20220704
Experiment result save dir: /root/autodl-tmp/maggie/result/train/gen-train/stylegan2ada-imagenetmixed10/20220704/00000
initilize the dataset loading parameters
custom_dataset.__dict__.keys() dict_keys(['ds_name', 'data_path', 'num_classes', 'mean', 'std', 'transform_train', 'transform_test', 'custom_class', 'label_mapping', 'custom_class_args'])
==> Preparing dataset custom_imagenet..
Loading *imagenetmixed10* train dataloader finished !
==> Preparing dataset custom_imagenet..
Loading *imagenetmixed10* test dataloader finished !
running stylegan2ada train main()...............
args.resume_pkl: /root/autodl-tmp/maggie/result/train/gen-train/stylegan2ada-imagenetmixed10/20220703/00001/imagenetmixed10-auto2-batch128-ada-bgc-noresume/network-snapshot-004259.pkl

Training options:
{
  "num_gpus": 2,
  "image_snapshot_ticks": 20,
  "network_snapshot_ticks": 20,
  "metrics": [
    "fid50k_full"
  ],
  "random_seed": 0,
  "training_set_kwargs": {
    "class_name": "utils.stylegan2ada.training.dataset.ImageFolderDataset",
    "path": "/root/autodl-tmp/maggie/data/imagenetmixed10/imagenetmixed104stylegan2ada/datasets/imagenetmixed10.zip",
    "use_labels": false,
    "max_size": 77237,
    "xflip": false,
    "resolution": 256
  },
  "data_loader_kwargs": {
    "pin_memory": true,
    "num_workers": 16,
    "prefetch_factor": 2
  },
  "G_kwargs": {
    "class_name": "utils.stylegan2ada.training.networks.Generator",
    "z_dim": 512,
    "w_dim": 512,
    "mapping_kwargs": {
      "num_layers": 2
    },
    "synthesis_kwargs": {
      "channel_base": 16384,
      "channel_max": 512,
      "num_fp16_res": 4,
      "conv_clamp": 256
    }
  },
  "D_kwargs": {
    "class_name": "utils.stylegan2ada.training.networks.Discriminator",
    "block_kwargs": {},
    "mapping_kwargs": {},
    "epilogue_kwargs": {
      "mbstd_group_size": 4
    },
    "channel_base": 16384,
    "channel_max": 512,
    "num_fp16_res": 4,
    "conv_clamp": 256
  },
  "G_opt_kwargs": {
    "class_name": "torch.optim.Adam",
    "lr": 0.0025,
    "betas": [
      0,
      0.99
    ],
    "eps": 1e-08
  },
  "D_opt_kwargs": {
    "class_name": "torch.optim.Adam",
    "lr": 0.0025,
    "betas": [
      0,
      0.99
    ],
    "eps": 1e-08
  },
  "loss_kwargs": {
    "class_name": "utils.stylegan2ada.training.loss.StyleGAN2Loss",
    "r1_gamma": 0.4096
  },
  "total_kimg": 25000,
  "batch_size": 128,
  "batch_gpu": 64,
  "ema_kimg": 10.0,
  "ema_rampup": 0.05,
  "ada_target": 0.6,
  "augment_kwargs": {
    "class_name": "utils.stylegan2ada.training.augment.AugmentPipe",
    "xflip": 1,
    "rotate90": 1,
    "xint": 1,
    "scale": 1,
    "rotate": 1,
    "aniso": 1,
    "xfrac": 1,
    "brightness": 1,
    "contrast": 1,
    "lumaflip": 1,
    "hue": 1,
    "saturation": 1
  },
  "resume_pkl": "/root/autodl-tmp/maggie/result/train/gen-train/stylegan2ada-imagenetmixed10/20220703/00001/imagenetmixed10-auto2-batch128-ada-bgc-noresume/network-snapshot-004259.pkl",
  "run_dir": "/root/autodl-tmp/maggie/result/train/gen-train/stylegan2ada-imagenetmixed10/20220704/00000/imagenetmixed10-auto2-batch128-ada-bgc-noresume"
}

Output directory:   /root/autodl-tmp/maggie/result/train/gen-train/stylegan2ada-imagenetmixed10/20220704/00000/imagenetmixed10-auto2-batch128-ada-bgc-noresume
Training data:      /root/autodl-tmp/maggie/data/imagenetmixed10/imagenetmixed104stylegan2ada/datasets/imagenetmixed10.zip
Training duration:  25000 kimg
Number of GPUs:     2
Number of images:   77237
Image resolution:   256
Conditional model:  False
Dataset x-flips:    False

Creating output directory...
Launching processes...
Loading training set...

Num images:  77237
Image shape: [3, 256, 256]
Label shape: [0]

Constructing networks...
resume_pkl: /root/autodl-tmp/maggie/result/train/gen-train/stylegan2ada-imagenetmixed10/20220703/00001/imagenetmixed10-auto2-batch128-ada-bgc-noresume/network-snapshot-004259.pkl
rank: 1
resume_pkl: /root/autodl-tmp/maggie/result/train/gen-train/stylegan2ada-imagenetmixed10/20220703/00001/imagenetmixed10-auto2-batch128-ada-bgc-noresume/network-snapshot-004259.pkl
rank: 0
Resuming from "/root/autodl-tmp/maggie/result/train/gen-train/stylegan2ada-imagenetmixed10/20220703/00001/imagenetmixed10-auto2-batch128-ada-bgc-noresume/network-snapshot-004259.pkl"
Setting up PyTorch plugin "bias_act_plugin"... Done.
Setting up PyTorch plugin "upfirdn2d_plugin"... Done.

Generator             Parameters  Buffers  Output shape         Datatype
---                   ---         ---      ---                  ---     
mapping.fc0           262656      -        [64, 512]            float32 
mapping.fc1           262656      -        [64, 512]            float32 
mapping               -           512      [64, 14, 512]        float32 
synthesis.b4.conv1    2622465     32       [64, 512, 4, 4]      float32 
synthesis.b4.torgb    264195      -        [64, 3, 4, 4]        float32 
synthesis.b4:0        8192        16       [64, 512, 4, 4]      float32 
synthesis.b4:1        -           -        [64, 512, 4, 4]      float32 
synthesis.b8.conv0    2622465     80       [64, 512, 8, 8]      float32 
synthesis.b8.conv1    2622465     80       [64, 512, 8, 8]      float32 
synthesis.b8.torgb    264195      -        [64, 3, 8, 8]        float32 
synthesis.b8:0        -           16       [64, 512, 8, 8]      float32 
synthesis.b8:1        -           -        [64, 512, 8, 8]      float32 
synthesis.b16.conv0   2622465     272      [64, 512, 16, 16]    float32 
synthesis.b16.conv1   2622465     272      [64, 512, 16, 16]    float32 
synthesis.b16.torgb   264195      -        [64, 3, 16, 16]      float32 
synthesis.b16:0       -           16       [64, 512, 16, 16]    float32 
synthesis.b16:1       -           -        [64, 512, 16, 16]    float32 
synthesis.b32.conv0   2622465     1040     [64, 512, 32, 32]    float16 
synthesis.b32.conv1   2622465     1040     [64, 512, 32, 32]    float16 
synthesis.b32.torgb   264195      -        [64, 3, 32, 32]      float16 
synthesis.b32:0       -           16       [64, 512, 32, 32]    float16 
synthesis.b32:1       -           -        [64, 512, 32, 32]    float32 
synthesis.b64.conv0   1442561     4112     [64, 256, 64, 64]    float16 
synthesis.b64.conv1   721409      4112     [64, 256, 64, 64]    float16 
synthesis.b64.torgb   132099      -        [64, 3, 64, 64]      float16 
synthesis.b64:0       -           16       [64, 256, 64, 64]    float16 
synthesis.b64:1       -           -        [64, 256, 64, 64]    float32 
synthesis.b128.conv0  426369      16400    [64, 128, 128, 128]  float16 
synthesis.b128.conv1  213249      16400    [64, 128, 128, 128]  float16 
synthesis.b128.torgb  66051       -        [64, 3, 128, 128]    float16 
synthesis.b128:0      -           16       [64, 128, 128, 128]  float16 
synthesis.b128:1      -           -        [64, 128, 128, 128]  float32 
synthesis.b256.conv0  139457      65552    [64, 64, 256, 256]   float16 
synthesis.b256.conv1  69761       65552    [64, 64, 256, 256]   float16 
synthesis.b256.torgb  33027       -        [64, 3, 256, 256]    float16 
synthesis.b256:0      -           16       [64, 64, 256, 256]   float16 
synthesis.b256:1      -           -        [64, 64, 256, 256]   float32 
---                   ---         ---      ---                  ---     
Total                 23191522    175568   -                    -       


Discriminator  Parameters  Buffers  Output shape         Datatype
---            ---         ---      ---                  ---     
b256.fromrgb   256         16       [64, 64, 256, 256]   float16 
b256.skip      8192        16       [64, 128, 128, 128]  float16 
b256.conv0     36928       16       [64, 64, 256, 256]   float16 
b256.conv1     73856       16       [64, 128, 128, 128]  float16 
b256           -           16       [64, 128, 128, 128]  float16 
b128.skip      32768       16       [64, 256, 64, 64]    float16 
b128.conv0     147584      16       [64, 128, 128, 128]  float16 
b128.conv1     295168      16       [64, 256, 64, 64]    float16 
b128           -           16       [64, 256, 64, 64]    float16 
b64.skip       131072      16       [64, 512, 32, 32]    float16 
b64.conv0      590080      16       [64, 256, 64, 64]    float16 
b64.conv1      1180160     16       [64, 512, 32, 32]    float16 
b64            -           16       [64, 512, 32, 32]    float16 
b32.skip       262144      16       [64, 512, 16, 16]    float16 
b32.conv0      2359808     16       [64, 512, 32, 32]    float16 
b32.conv1      2359808     16       [64, 512, 16, 16]    float16 
b32            -           16       [64, 512, 16, 16]    float16 
b16.skip       262144      16       [64, 512, 8, 8]      float32 
b16.conv0      2359808     16       [64, 512, 16, 16]    float32 
b16.conv1      2359808     16       [64, 512, 8, 8]      float32 
b16            -           16       [64, 512, 8, 8]      float32 
b8.skip        262144      16       [64, 512, 4, 4]      float32 
b8.conv0       2359808     16       [64, 512, 8, 8]      float32 
b8.conv1       2359808     16       [64, 512, 4, 4]      float32 
b8             -           16       [64, 512, 4, 4]      float32 
b4.mbstd       -           -        [64, 513, 4, 4]      float32 
b4.conv        2364416     16       [64, 512, 4, 4]      float32 
b4.fc          4194816     -        [64, 512]            float32 
b4.out         513         -        [64, 1]              float32 
---            ---         ---      ---                  ---     
Total          24001089    416      -                    -       

Setting up augmentation...
Distributing across 2 GPUs...
Setting up training phases...
Exporting sample images...
Initializing logs...
Training for 25000 kimg...

tick 0     kimg 0.1      time 2m 18s       sec/tick 10.2    sec/kimg 79.52   maintenance 127.5  cpumem 6.11   gpumem 18.59  augment 0.000
Evaluating metrics...
{"results": {"fid50k_full": 95.83765477286778}, "metric": "fid50k_full", "total_time": 162.68323731422424, "total_time_str": "2m 43s", "num_gpus": 2, "snapshot_pkl": "network-snapshot-000000.pkl", "timestamp": 1656949261.9902325}
tick 1     kimg 4.2      time 6m 21s       sec/tick 67.8    sec/kimg 16.54   maintenance 176.0  cpumem 6.54   gpumem 17.70  augment 0.006
tick 2     kimg 8.3      time 7m 30s       sec/tick 67.9    sec/kimg 16.58   maintenance 0.3    cpumem 6.55   gpumem 17.70  augment 0.008
tick 3     kimg 12.4     time 8m 38s       sec/tick 68.0    sec/kimg 16.59   maintenance 0.3    cpumem 6.56   gpumem 17.71  augment 0.012
tick 4     kimg 16.5     time 9m 46s       sec/tick 68.0    sec/kimg 16.60   maintenance 0.3    cpumem 6.56   gpumem 17.76  augment 0.018
tick 5     kimg 20.6     time 10m 55s      sec/tick 68.0    sec/kimg 16.59   maintenance 0.3    cpumem 6.56   gpumem 17.82  augment 0.018
tick 6     kimg 24.7     time 12m 03s      sec/tick 68.0    sec/kimg 16.59   maintenance 0.3    cpumem 6.56   gpumem 17.74  augment 0.025
tick 7     kimg 28.8     time 13m 11s      sec/tick 68.0    sec/kimg 16.59   maintenance 0.3    cpumem 6.56   gpumem 17.74  augment 0.031
tick 8     kimg 32.9     time 14m 19s      sec/tick 68.0    sec/kimg 16.59   maintenance 0.3    cpumem 6.56   gpumem 17.75  augment 0.033
tick 9     kimg 37.0     time 15m 28s      sec/tick 68.0    sec/kimg 16.60   maintenance 0.3    cpumem 6.56   gpumem 17.90  augment 0.037
tick 10    kimg 41.1     time 16m 36s      sec/tick 68.0    sec/kimg 16.59   maintenance 0.3    cpumem 6.56   gpumem 17.80  augment 0.037
tick 11    kimg 45.2     time 17m 44s      sec/tick 68.0    sec/kimg 16.59   maintenance 0.3    cpumem 6.56   gpumem 17.79  augment 0.043
tick 12    kimg 49.3     time 18m 53s      sec/tick 68.0    sec/kimg 16.59   maintenance 0.3    cpumem 6.56   gpumem 17.78  augment 0.045
tick 13    kimg 53.4     time 20m 01s      sec/tick 68.0    sec/kimg 16.61   maintenance 0.3    cpumem 6.57   gpumem 17.93  augment 0.045
tick 14    kimg 57.5     time 21m 09s      sec/tick 68.0    sec/kimg 16.59   maintenance 0.3    cpumem 6.57   gpumem 17.80  augment 0.051
tick 15    kimg 61.6     time 22m 18s      sec/tick 68.1    sec/kimg 16.61   maintenance 0.3    cpumem 6.57   gpumem 17.94  augment 0.055
tick 16    kimg 65.7     time 23m 26s      sec/tick 68.0    sec/kimg 16.61   maintenance 0.3    cpumem 6.57   gpumem 17.82  augment 0.057
tick 17    kimg 69.8     time 24m 34s      sec/tick 68.0    sec/kimg 16.61   maintenance 0.3    cpumem 6.57   gpumem 17.78  augment 0.063
tick 18    kimg 73.9     time 25m 43s      sec/tick 68.1    sec/kimg 16.62   maintenance 0.3    cpumem 6.57   gpumem 17.82  augment 0.066
tick 19    kimg 78.0     time 26m 51s      sec/tick 68.0    sec/kimg 16.61   maintenance 0.3    cpumem 6.59   gpumem 17.93  augment 0.066
tick 20    kimg 82.0     time 28m 00s      sec/tick 68.0    sec/kimg 16.61   maintenance 0.3    cpumem 6.60   gpumem 17.88  augment 0.068
Evaluating metrics...
{"results": {"fid50k_full": 76.09337966980232}, "metric": "fid50k_full", "total_time": 159.84053921699524, "total_time_str": "2m 40s", "num_gpus": 2, "snapshot_pkl": "network-snapshot-000082.pkl", "timestamp": 1656950802.3079412}
tick 21    kimg 86.1     time 32m 02s      sec/tick 67.7    sec/kimg 16.53   maintenance 174.4  cpumem 6.64   gpumem 17.88  augment 0.072
tick 22    kimg 90.2     time 33m 10s      sec/tick 68.0    sec/kimg 16.60   maintenance 0.3    cpumem 6.64   gpumem 17.88  augment 0.076
tick 23    kimg 94.3     time 34m 18s      sec/tick 68.1    sec/kimg 16.62   maintenance 0.3    cpumem 6.64   gpumem 17.86  augment 0.076
tick 24    kimg 98.4     time 35m 27s      sec/tick 68.0    sec/kimg 16.61   maintenance 0.3    cpumem 6.64   gpumem 17.88  augment 0.080
tick 25    kimg 102.5    time 36m 35s      sec/tick 68.0    sec/kimg 16.60   maintenance 0.3    cpumem 6.64   gpumem 17.97  augment 0.084
tick 26    kimg 106.6    time 37m 43s      sec/tick 68.0    sec/kimg 16.60   maintenance 0.3    cpumem 6.65   gpumem 17.82  augment 0.086
tick 27    kimg 110.7    time 38m 52s      sec/tick 67.9    sec/kimg 16.59   maintenance 0.3    cpumem 6.65   gpumem 17.87  augment 0.090
tick 28    kimg 114.8    time 40m 00s      sec/tick 68.0    sec/kimg 16.60   maintenance 0.3    cpumem 6.65   gpumem 17.86  augment 0.090
tick 29    kimg 118.9    time 41m 08s      sec/tick 68.0    sec/kimg 16.60   maintenance 0.3    cpumem 6.65   gpumem 17.93  augment 0.092
tick 30    kimg 123.0    time 42m 17s      sec/tick 68.0    sec/kimg 16.60   maintenance 0.3    cpumem 6.65   gpumem 17.93  augment 0.092
tick 31    kimg 127.1    time 43m 25s      sec/tick 68.0    sec/kimg 16.60   maintenance 0.3    cpumem 6.65   gpumem 17.89  augment 0.096
tick 32    kimg 131.2    time 44m 33s      sec/tick 68.0    sec/kimg 16.61   maintenance 0.3    cpumem 6.65   gpumem 17.98  augment 0.098
tick 33    kimg 135.3    time 45m 42s      sec/tick 68.0    sec/kimg 16.61   maintenance 0.3    cpumem 6.65   gpumem 17.87  augment 0.100
tick 34    kimg 139.4    time 46m 50s      sec/tick 68.0    sec/kimg 16.61   maintenance 0.3    cpumem 6.65   gpumem 17.90  augment 0.102
tick 35    kimg 143.5    time 47m 58s      sec/tick 68.0    sec/kimg 16.61   maintenance 0.3    cpumem 6.65   gpumem 17.85  augment 0.104
tick 36    kimg 147.6    time 49m 07s      sec/tick 68.0    sec/kimg 16.59   maintenance 0.3    cpumem 6.65   gpumem 17.97  augment 0.102
tick 37    kimg 151.7    time 50m 15s      sec/tick 68.0    sec/kimg 16.61   maintenance 0.3    cpumem 6.65   gpumem 17.99  augment 0.104
tick 38    kimg 155.8    time 51m 24s      sec/tick 68.0    sec/kimg 16.61   maintenance 0.3    cpumem 6.65   gpumem 17.99  augment 0.109
tick 39    kimg 159.9    time 52m 32s      sec/tick 68.0    sec/kimg 16.61   maintenance 0.3    cpumem 6.65   gpumem 17.91  augment 0.111
tick 40    kimg 164.0    time 53m 40s      sec/tick 68.0    sec/kimg 16.60   maintenance 0.3    cpumem 6.65   gpumem 17.90  augment 0.111
Evaluating metrics...
{"results": {"fid50k_full": 75.0302854406669}, "metric": "fid50k_full", "total_time": 162.5750389099121, "total_time_str": "2m 43s", "num_gpus": 2, "snapshot_pkl": "network-snapshot-000163.pkl", "timestamp": 1656952346.6173413}
tick 41    kimg 168.1    time 57m 46s      sec/tick 67.9    sec/kimg 16.57   maintenance 178.1  cpumem 6.61   gpumem 17.99  augment 0.111
tick 42    kimg 172.2    time 58m 55s      sec/tick 68.1    sec/kimg 16.63   maintenance 0.3    cpumem 6.61   gpumem 17.83  augment 0.109
tick 43    kimg 176.3    time 1h 00m 03s   sec/tick 68.2    sec/kimg 16.64   maintenance 0.3    cpumem 6.61   gpumem 17.88  augment 0.109
tick 44    kimg 180.4    time 1h 01m 12s   sec/tick 68.2    sec/kimg 16.64   maintenance 0.3    cpumem 6.61   gpumem 17.92  augment 0.111
tick 45    kimg 184.4    time 1h 02m 20s   sec/tick 68.2    sec/kimg 16.65   maintenance 0.3    cpumem 6.61   gpumem 18.01  augment 0.111
tick 46    kimg 188.5    time 1h 03m 29s   sec/tick 68.1    sec/kimg 16.64   maintenance 0.3    cpumem 6.61   gpumem 18.04  augment 0.113
tick 47    kimg 192.6    time 1h 04m 37s   sec/tick 68.1    sec/kimg 16.64   maintenance 0.3    cpumem 6.61   gpumem 17.88  augment 0.111
tick 48    kimg 196.7    time 1h 05m 46s   sec/tick 68.2    sec/kimg 16.64   maintenance 0.3    cpumem 6.61   gpumem 17.88  augment 0.111
tick 49    kimg 200.8    time 1h 06m 54s   sec/tick 68.1    sec/kimg 16.63   maintenance 0.3    cpumem 6.61   gpumem 17.92  augment 0.109
tick 50    kimg 204.9    time 1h 08m 03s   sec/tick 68.2    sec/kimg 16.64   maintenance 0.3    cpumem 6.61   gpumem 17.99  augment 0.111
tick 51    kimg 209.0    time 1h 09m 11s   sec/tick 68.1    sec/kimg 16.64   maintenance 0.3    cpumem 6.61   gpumem 17.87  augment 0.111
tick 52    kimg 213.1    time 1h 10m 20s   sec/tick 68.1    sec/kimg 16.63   maintenance 0.3    cpumem 6.61   gpumem 18.09  augment 0.115
tick 53    kimg 217.2    time 1h 11m 28s   sec/tick 68.1    sec/kimg 16.62   maintenance 0.3    cpumem 6.61   gpumem 18.00  augment 0.115
tick 54    kimg 221.3    time 1h 12m 36s   sec/tick 68.1    sec/kimg 16.64   maintenance 0.3    cpumem 6.61   gpumem 17.92  augment 0.113
tick 55    kimg 225.4    time 1h 13m 45s   sec/tick 68.1    sec/kimg 16.63   maintenance 0.4    cpumem 6.61   gpumem 17.96  augment 0.113
tick 56    kimg 229.5    time 1h 14m 53s   sec/tick 68.2    sec/kimg 16.64   maintenance 0.3    cpumem 6.61   gpumem 17.90  augment 0.113
tick 57    kimg 233.6    time 1h 16m 02s   sec/tick 68.2    sec/kimg 16.64   maintenance 0.3    cpumem 6.61   gpumem 17.96  augment 0.115
tick 58    kimg 237.7    time 1h 17m 10s   sec/tick 68.2    sec/kimg 16.64   maintenance 0.3    cpumem 6.61   gpumem 17.92  augment 0.115
tick 59    kimg 241.8    time 1h 18m 19s   sec/tick 68.1    sec/kimg 16.63   maintenance 0.3    cpumem 6.61   gpumem 18.07  augment 0.115
tick 60    kimg 245.9    time 1h 19m 27s   sec/tick 68.1    sec/kimg 16.63   maintenance 0.3    cpumem 6.61   gpumem 17.89  augment 0.113
Evaluating metrics...
{"results": {"fid50k_full": 71.03791849592906}, "metric": "fid50k_full", "total_time": 159.5523190498352, "total_time_str": "2m 40s", "num_gpus": 2, "snapshot_pkl": "network-snapshot-000245.pkl", "timestamp": 1656953889.66804}
tick 61    kimg 250.0    time 1h 23m 29s   sec/tick 67.8    sec/kimg 16.56   maintenance 174.0  cpumem 6.61   gpumem 17.89  augment 0.113
tick 62    kimg 254.1    time 1h 24m 38s   sec/tick 68.0    sec/kimg 16.61   maintenance 0.3    cpumem 6.61   gpumem 17.94  augment 0.115
tick 63    kimg 258.2    time 1h 25m 46s   sec/tick 68.0    sec/kimg 16.60   maintenance 0.3    cpumem 6.61   gpumem 17.95  augment 0.118
tick 64    kimg 262.3    time 1h 26m 54s   sec/tick 68.0    sec/kimg 16.60   maintenance 0.3    cpumem 6.61   gpumem 17.88  augment 0.116
tick 65    kimg 266.4    time 1h 28m 03s   sec/tick 68.0    sec/kimg 16.61   maintenance 0.3    cpumem 6.61   gpumem 17.94  augment 0.112
tick 66    kimg 270.5    time 1h 29m 11s   sec/tick 68.0    sec/kimg 16.60   maintenance 0.3    cpumem 6.61   gpumem 17.93  augment 0.112
tick 67    kimg 274.6    time 1h 30m 19s   sec/tick 68.0    sec/kimg 16.61   maintenance 0.3    cpumem 6.62   gpumem 17.93  augment 0.114
tick 68    kimg 278.7    time 1h 31m 28s   sec/tick 68.0    sec/kimg 16.61   maintenance 0.3    cpumem 6.63   gpumem 18.07  augment 0.114
tick 69    kimg 282.8    time 1h 32m 36s   sec/tick 68.1    sec/kimg 16.62   maintenance 0.3    cpumem 6.63   gpumem 18.12  augment 0.114
tick 70    kimg 286.8    time 1h 33m 44s   sec/tick 68.1    sec/kimg 16.62   maintenance 0.3    cpumem 6.63   gpumem 17.90  augment 0.112
tick 71    kimg 290.9    time 1h 34m 53s   sec/tick 68.1    sec/kimg 16.61   maintenance 0.3    cpumem 6.63   gpumem 17.93  augment 0.112
tick 72    kimg 295.0    time 1h 36m 01s   sec/tick 68.0    sec/kimg 16.61   maintenance 0.3    cpumem 6.63   gpumem 17.89  augment 0.110
tick 73    kimg 299.1    time 1h 37m 10s   sec/tick 68.0    sec/kimg 16.61   maintenance 0.3    cpumem 6.63   gpumem 17.85  augment 0.108
tick 74    kimg 303.2    time 1h 38m 18s   sec/tick 68.1    sec/kimg 16.62   maintenance 0.3    cpumem 6.63   gpumem 18.07  augment 0.108
tick 75    kimg 307.3    time 1h 39m 26s   sec/tick 68.1    sec/kimg 16.62   maintenance 0.3    cpumem 6.63   gpumem 18.19  augment 0.110
tick 76    kimg 311.4    time 1h 40m 35s   sec/tick 68.0    sec/kimg 16.61   maintenance 0.3    cpumem 6.63   gpumem 17.88  augment 0.110
tick 77    kimg 315.5    time 1h 41m 43s   sec/tick 68.0    sec/kimg 16.61   maintenance 0.3    cpumem 6.63   gpumem 17.99  augment 0.110
tick 78    kimg 319.6    time 1h 42m 51s   sec/tick 68.0    sec/kimg 16.61   maintenance 0.3    cpumem 6.63   gpumem 17.88  augment 0.112
tick 79    kimg 323.7    time 1h 44m 00s   sec/tick 68.0    sec/kimg 16.60   maintenance 0.3    cpumem 6.63   gpumem 17.95  augment 0.110
tick 80    kimg 327.8    time 1h 45m 08s   sec/tick 68.1    sec/kimg 16.62   maintenance 0.3    cpumem 6.63   gpumem 17.89  augment 0.110
Evaluating metrics...
{"results": {"fid50k_full": 69.16222254767467}, "metric": "fid50k_full", "total_time": 163.02595925331116, "total_time_str": "2m 43s", "num_gpus": 2, "snapshot_pkl": "network-snapshot-000327.pkl", "timestamp": 1656955437.0648925}
tick 81    kimg 331.9    time 1h 49m 16s   sec/tick 67.7    sec/kimg 16.53   maintenance 180.5  cpumem 6.64   gpumem 17.98  augment 0.105
tick 82    kimg 336.0    time 1h 50m 25s   sec/tick 68.0    sec/kimg 16.59   maintenance 0.3    cpumem 6.64   gpumem 17.99  augment 0.105
tick 83    kimg 340.1    time 1h 51m 33s   sec/tick 68.1    sec/kimg 16.62   maintenance 0.3    cpumem 6.64   gpumem 17.92  augment 0.108
tick 84    kimg 344.2    time 1h 52m 42s   sec/tick 68.1    sec/kimg 16.62   maintenance 0.3    cpumem 6.64   gpumem 17.94  augment 0.105
tick 85    kimg 348.3    time 1h 53m 50s   sec/tick 68.0    sec/kimg 16.61   maintenance 0.3    cpumem 6.64   gpumem 17.93  augment 0.108
tick 86    kimg 352.4    time 1h 54m 58s   sec/tick 68.0    sec/kimg 16.61   maintenance 0.3    cpumem 6.64   gpumem 17.85  augment 0.103
tick 87    kimg 356.5    time 1h 56m 07s   sec/tick 68.0    sec/kimg 16.61   maintenance 0.3    cpumem 6.64   gpumem 17.95  augment 0.103
tick 88    kimg 360.6    time 1h 57m 15s   sec/tick 68.0    sec/kimg 16.61   maintenance 0.3    cpumem 6.64   gpumem 17.97  augment 0.103
tick 89    kimg 364.7    time 1h 58m 23s   sec/tick 68.0    sec/kimg 16.60   maintenance 0.3    cpumem 6.64   gpumem 17.94  augment 0.108
tick 90    kimg 368.8    time 1h 59m 32s   sec/tick 68.0    sec/kimg 16.60   maintenance 0.3    cpumem 6.64   gpumem 18.02  augment 0.112
tick 91    kimg 372.9    time 2h 00m 40s   sec/tick 68.1    sec/kimg 16.62   maintenance 0.3    cpumem 6.64   gpumem 17.90  augment 0.110
tick 92    kimg 377.0    time 2h 01m 48s   sec/tick 68.0    sec/kimg 16.60   maintenance 0.3    cpumem 6.64   gpumem 18.07  augment 0.110
tick 93    kimg 381.1    time 2h 02m 57s   sec/tick 68.0    sec/kimg 16.60   maintenance 0.3    cpumem 6.64   gpumem 18.13  augment 0.110
tick 94    kimg 385.2    time 2h 04m 05s   sec/tick 68.0    sec/kimg 16.59   maintenance 0.3    cpumem 6.64   gpumem 17.87  augment 0.112
tick 95    kimg 389.2    time 2h 05m 13s   sec/tick 68.0    sec/kimg 16.60   maintenance 0.3    cpumem 6.64   gpumem 18.01  augment 0.110
tick 96    kimg 393.3    time 2h 06m 22s   sec/tick 68.0    sec/kimg 16.59   maintenance 0.3    cpumem 6.64   gpumem 17.81  augment 0.105
tick 97    kimg 397.4    time 2h 07m 30s   sec/tick 68.0    sec/kimg 16.60   maintenance 0.3    cpumem 6.64   gpumem 17.91  augment 0.108
tick 98    kimg 401.5    time 2h 08m 38s   sec/tick 67.9    sec/kimg 16.59   maintenance 0.3    cpumem 6.64   gpumem 17.84  augment 0.103
tick 99    kimg 405.6    time 2h 09m 46s   sec/tick 68.0    sec/kimg 16.60   maintenance 0.3    cpumem 6.64   gpumem 17.96  augment 0.105
tick 100   kimg 409.7    time 2h 10m 55s   sec/tick 67.9    sec/kimg 16.59   maintenance 0.3    cpumem 6.64   gpumem 17.98  augment 0.103
Evaluating metrics...
{"results": {"fid50k_full": 70.61545780472377}, "metric": "fid50k_full", "total_time": 165.4547679424286, "total_time_str": "2m 45s", "num_gpus": 2, "snapshot_pkl": "network-snapshot-000409.pkl", "timestamp": 1656956983.9568968}
tick 101   kimg 413.8    time 2h 15m 03s   sec/tick 67.6    sec/kimg 16.50   maintenance 180.9  cpumem 6.64   gpumem 17.89  augment 0.103
tick 102   kimg 417.9    time 2h 16m 11s   sec/tick 67.8    sec/kimg 16.56   maintenance 0.3    cpumem 6.64   gpumem 17.89  augment 0.101
tick 103   kimg 422.0    time 2h 17m 20s   sec/tick 67.9    sec/kimg 16.58   maintenance 0.3    cpumem 6.64   gpumem 17.86  augment 0.103
tick 104   kimg 426.1    time 2h 18m 28s   sec/tick 67.8    sec/kimg 16.56   maintenance 0.3    cpumem 6.64   gpumem 18.00  augment 0.103
tick 105   kimg 430.2    time 2h 19m 36s   sec/tick 67.9    sec/kimg 16.57   maintenance 0.3    cpumem 6.64   gpumem 17.86  augment 0.103
tick 106   kimg 434.3    time 2h 20m 44s   sec/tick 67.9    sec/kimg 16.57   maintenance 0.3    cpumem 6.64   gpumem 17.97  augment 0.101
tick 107   kimg 438.4    time 2h 21m 52s   sec/tick 67.9    sec/kimg 16.57   maintenance 0.3    cpumem 6.64   gpumem 17.87  augment 0.099
tick 108   kimg 442.5    time 2h 23m 01s   sec/tick 67.9    sec/kimg 16.58   maintenance 0.3    cpumem 6.64   gpumem 17.86  augment 0.099
tick 109   kimg 446.6    time 2h 24m 09s   sec/tick 67.7    sec/kimg 16.54   maintenance 0.3    cpumem 6.64   gpumem 17.88  augment 0.093
tick 110   kimg 450.7    time 2h 25m 17s   sec/tick 67.9    sec/kimg 16.57   maintenance 0.3    cpumem 6.64   gpumem 17.94  augment 0.095
tick 111   kimg 454.8    time 2h 26m 25s   sec/tick 67.8    sec/kimg 16.56   maintenance 0.3    cpumem 6.64   gpumem 17.88  augment 0.099
tick 112   kimg 458.9    time 2h 27m 33s   sec/tick 67.9    sec/kimg 16.57   maintenance 0.3    cpumem 6.64   gpumem 17.92  augment 0.103
tick 113   kimg 463.0    time 2h 28m 42s   sec/tick 67.9    sec/kimg 16.57   maintenance 0.3    cpumem 6.64   gpumem 17.86  augment 0.108
tick 114   kimg 467.1    time 2h 29m 50s   sec/tick 67.9    sec/kimg 16.57   maintenance 0.3    cpumem 6.64   gpumem 17.89  augment 0.110
tick 115   kimg 471.2    time 2h 30m 58s   sec/tick 67.9    sec/kimg 16.58   maintenance 0.3    cpumem 6.64   gpumem 18.03  augment 0.112
tick 116   kimg 475.3    time 2h 32m 06s   sec/tick 67.9    sec/kimg 16.58   maintenance 0.3    cpumem 6.64   gpumem 17.99  augment 0.112
tick 117   kimg 479.4    time 2h 33m 14s   sec/tick 67.9    sec/kimg 16.58   maintenance 0.3    cpumem 6.64   gpumem 17.94  augment 0.114
tick 118   kimg 483.5    time 2h 34m 23s   sec/tick 67.9    sec/kimg 16.57   maintenance 0.3    cpumem 6.64   gpumem 17.90  augment 0.118
tick 119   kimg 487.6    time 2h 35m 31s   sec/tick 67.9    sec/kimg 16.58   maintenance 0.3    cpumem 6.64   gpumem 17.91  augment 0.118
tick 120   kimg 491.6    time 2h 36m 39s   sec/tick 67.9    sec/kimg 16.58   maintenance 0.3    cpumem 6.64   gpumem 17.93  augment 0.120
Evaluating metrics...
{"results": {"fid50k_full": 67.61967125451181}, "metric": "fid50k_full", "total_time": 162.85297989845276, "total_time_str": "2m 43s", "num_gpus": 2, "snapshot_pkl": "network-snapshot-000491.pkl", "timestamp": 1656958526.1853955}
tick 121   kimg 495.7    time 2h 40m 46s   sec/tick 67.7    sec/kimg 16.52   maintenance 178.7  cpumem 6.64   gpumem 17.92  augment 0.120
tick 122   kimg 499.8    time 2h 41m 54s   sec/tick 67.9    sec/kimg 16.58   maintenance 0.3    cpumem 6.64   gpumem 17.89  augment 0.114
tick 123   kimg 503.9    time 2h 43m 02s   sec/tick 68.0    sec/kimg 16.61   maintenance 0.3    cpumem 6.64   gpumem 18.08  augment 0.112
tick 124   kimg 508.0    time 2h 44m 11s   sec/tick 68.0    sec/kimg 16.60   maintenance 0.3    cpumem 6.64   gpumem 17.96  augment 0.116
tick 125   kimg 512.1    time 2h 45m 19s   sec/tick 68.0    sec/kimg 16.60   maintenance 0.3    cpumem 6.64   gpumem 17.91  augment 0.116
tick 126   kimg 516.2    time 2h 46m 27s   sec/tick 68.0    sec/kimg 16.59   maintenance 0.3    cpumem 6.64   gpumem 17.88  augment 0.110
tick 127   kimg 520.3    time 2h 47m 35s   sec/tick 68.0    sec/kimg 16.59   maintenance 0.3    cpumem 6.64   gpumem 17.88  augment 0.110
tick 128   kimg 524.4    time 2h 48m 44s   sec/tick 67.9    sec/kimg 16.59   maintenance 0.3    cpumem 6.64   gpumem 17.94  augment 0.112
tick 129   kimg 528.5    time 2h 49m 52s   sec/tick 67.9    sec/kimg 16.58   maintenance 0.3    cpumem 6.64   gpumem 18.02  augment 0.110
tick 130   kimg 532.6    time 2h 51m 00s   sec/tick 67.9    sec/kimg 16.58   maintenance 0.3    cpumem 6.64   gpumem 17.99  augment 0.112
tick 131   kimg 536.7    time 2h 52m 08s   sec/tick 67.9    sec/kimg 16.59   maintenance 0.3    cpumem 6.64   gpumem 18.12  augment 0.110
tick 132   kimg 540.8    time 2h 53m 17s   sec/tick 67.9    sec/kimg 16.58   maintenance 0.3    cpumem 6.64   gpumem 17.92  augment 0.112
tick 133   kimg 544.9    time 2h 54m 25s   sec/tick 67.9    sec/kimg 16.57   maintenance 0.3    cpumem 6.64   gpumem 17.90  augment 0.114
tick 134   kimg 549.0    time 2h 55m 33s   sec/tick 67.9    sec/kimg 16.58   maintenance 0.3    cpumem 6.64   gpumem 17.93  augment 0.110
tick 135   kimg 553.1    time 2h 56m 41s   sec/tick 67.9    sec/kimg 16.57   maintenance 0.3    cpumem 6.64   gpumem 17.82  augment 0.105
tick 136   kimg 557.2    time 2h 57m 50s   sec/tick 67.9    sec/kimg 16.58   maintenance 0.3    cpumem 6.64   gpumem 17.89  augment 0.110
tick 137   kimg 561.3    time 2h 58m 58s   sec/tick 67.9    sec/kimg 16.58   maintenance 0.3    cpumem 6.64   gpumem 17.99  augment 0.112
tick 138   kimg 565.4    time 3h 00m 06s   sec/tick 67.9    sec/kimg 16.57   maintenance 0.3    cpumem 6.64   gpumem 17.93  augment 0.112
tick 139   kimg 569.5    time 3h 01m 14s   sec/tick 67.9    sec/kimg 16.59   maintenance 0.3    cpumem 6.64   gpumem 17.92  augment 0.114
tick 140   kimg 573.6    time 3h 02m 23s   sec/tick 67.9    sec/kimg 16.58   maintenance 0.3    cpumem 6.64   gpumem 17.89  augment 0.116
Evaluating metrics...
{"results": {"fid50k_full": 68.47709500902252}, "metric": "fid50k_full", "total_time": 163.40269494056702, "total_time_str": "2m 43s", "num_gpus": 2, "snapshot_pkl": "network-snapshot-000573.pkl", "timestamp": 1656960069.5989096}
tick 141   kimg 577.7    time 3h 06m 29s   sec/tick 67.6    sec/kimg 16.52   maintenance 178.7  cpumem 6.64   gpumem 17.93  augment 0.116
tick 142   kimg 581.8    time 3h 07m 37s   sec/tick 67.9    sec/kimg 16.59   maintenance 0.3    cpumem 6.64   gpumem 17.87  augment 0.112
tick 143   kimg 585.9    time 3h 08m 46s   sec/tick 68.0    sec/kimg 16.59   maintenance 0.3    cpumem 6.64   gpumem 17.95  augment 0.114
tick 144   kimg 590.0    time 3h 09m 54s   sec/tick 67.9    sec/kimg 16.59   maintenance 0.3    cpumem 6.64   gpumem 18.00  augment 0.114
tick 145   kimg 594.0    time 3h 11m 02s   sec/tick 68.0    sec/kimg 16.59   maintenance 0.3    cpumem 6.64   gpumem 17.89  augment 0.116
tick 146   kimg 598.1    time 3h 12m 10s   sec/tick 68.0    sec/kimg 16.59   maintenance 0.3    cpumem 6.64   gpumem 17.97  augment 0.114
tick 147   kimg 602.2    time 3h 13m 19s   sec/tick 67.9    sec/kimg 16.58   maintenance 0.3    cpumem 6.64   gpumem 17.97  augment 0.114
tick 148   kimg 606.3    time 3h 14m 27s   sec/tick 67.9    sec/kimg 16.58   maintenance 0.3    cpumem 6.64   gpumem 17.99  augment 0.114
tick 149   kimg 610.4    time 3h 15m 35s   sec/tick 67.9    sec/kimg 16.59   maintenance 0.3    cpumem 6.64   gpumem 18.16  augment 0.116
tick 150   kimg 614.5    time 3h 16m 43s   sec/tick 67.9    sec/kimg 16.59   maintenance 0.3    cpumem 6.64   gpumem 17.97  augment 0.120
tick 151   kimg 618.6    time 3h 17m 52s   sec/tick 67.9    sec/kimg 16.58   maintenance 0.3    cpumem 6.64   gpumem 18.13  augment 0.122
tick 152   kimg 622.7    time 3h 19m 00s   sec/tick 68.0    sec/kimg 16.59   maintenance 0.3    cpumem 6.64   gpumem 18.12  augment 0.122
tick 153   kimg 626.8    time 3h 20m 08s   sec/tick 68.0    sec/kimg 16.59   maintenance 0.3    cpumem 6.64   gpumem 17.88  augment 0.122
tick 154   kimg 630.9    time 3h 21m 17s   sec/tick 68.0    sec/kimg 16.60   maintenance 0.3    cpumem 6.64   gpumem 18.03  augment 0.120
tick 155   kimg 635.0    time 3h 22m 25s   sec/tick 68.0    sec/kimg 16.60   maintenance 0.3    cpumem 6.64   gpumem 18.00  augment 0.124
tick 156   kimg 639.1    time 3h 23m 33s   sec/tick 68.0    sec/kimg 16.59   maintenance 0.3    cpumem 6.64   gpumem 17.90  augment 0.124
tick 157   kimg 643.2    time 3h 24m 42s   sec/tick 67.9    sec/kimg 16.59   maintenance 0.3    cpumem 6.65   gpumem 18.10  augment 0.128
tick 158   kimg 647.3    time 3h 25m 50s   sec/tick 68.0    sec/kimg 16.60   maintenance 0.3    cpumem 6.65   gpumem 18.07  augment 0.128
tick 159   kimg 651.4    time 3h 26m 58s   sec/tick 67.9    sec/kimg 16.58   maintenance 0.3    cpumem 6.65   gpumem 18.15  augment 0.126
tick 160   kimg 655.5    time 3h 28m 06s   sec/tick 67.9    sec/kimg 16.59   maintenance 0.3    cpumem 6.65   gpumem 17.97  augment 0.124
Evaluating metrics...
{"results": {"fid50k_full": 67.26343402029048}, "metric": "fid50k_full", "total_time": 164.8249433040619, "total_time_str": "2m 45s", "num_gpus": 2, "snapshot_pkl": "network-snapshot-000655.pkl", "timestamp": 1656961614.7674522}
tick 161   kimg 659.6    time 3h 32m 14s   sec/tick 67.7    sec/kimg 16.52   maintenance 180.0  cpumem 6.65   gpumem 17.86  augment 0.124
tick 162   kimg 663.7    time 3h 33m 22s   sec/tick 67.9    sec/kimg 16.58   maintenance 0.3    cpumem 6.65   gpumem 18.09  augment 0.124
tick 163   kimg 667.8    time 3h 34m 31s   sec/tick 68.0    sec/kimg 16.59   maintenance 0.3    cpumem 6.65   gpumem 17.90  augment 0.123
tick 164   kimg 671.9    time 3h 35m 39s   sec/tick 68.0    sec/kimg 16.60   maintenance 0.3    cpumem 6.65   gpumem 18.06  augment 0.123
tick 165   kimg 676.0    time 3h 36m 47s   sec/tick 68.0    sec/kimg 16.59   maintenance 0.3    cpumem 6.65   gpumem 18.07  augment 0.119
tick 166   kimg 680.1    time 3h 37m 56s   sec/tick 68.0    sec/kimg 16.59   maintenance 0.3    cpumem 6.65   gpumem 17.86  augment 0.119
tick 167   kimg 684.2    time 3h 39m 04s   sec/tick 67.9    sec/kimg 16.58   maintenance 0.3    cpumem 6.65   gpumem 17.82  augment 0.119
tick 168   kimg 688.3    time 3h 40m 12s   sec/tick 67.9    sec/kimg 16.58   maintenance 0.3    cpumem 6.65   gpumem 17.87  augment 0.121
tick 169   kimg 692.4    time 3h 41m 20s   sec/tick 67.9    sec/kimg 16.59   maintenance 0.3    cpumem 6.65   gpumem 17.92  augment 0.123
tick 170   kimg 696.4    time 3h 42m 29s   sec/tick 67.9    sec/kimg 16.58   maintenance 0.3    cpumem 6.65   gpumem 17.96  augment 0.117
tick 171   kimg 700.5    time 3h 43m 37s   sec/tick 67.9    sec/kimg 16.58   maintenance 0.3    cpumem 6.65   gpumem 18.00  augment 0.117
tick 172   kimg 704.6    time 3h 44m 45s   sec/tick 67.9    sec/kimg 16.58   maintenance 0.3    cpumem 6.65   gpumem 17.99  augment 0.113
tick 173   kimg 708.7    time 3h 45m 53s   sec/tick 67.9    sec/kimg 16.58   maintenance 0.3    cpumem 6.65   gpumem 18.03  augment 0.113
tick 174   kimg 712.8    time 3h 47m 02s   sec/tick 67.9    sec/kimg 16.58   maintenance 0.3    cpumem 6.65   gpumem 17.91  augment 0.111
tick 175   kimg 716.9    time 3h 48m 10s   sec/tick 68.0    sec/kimg 16.59   maintenance 0.3    cpumem 6.65   gpumem 17.96  augment 0.109
tick 176   kimg 721.0    time 3h 49m 18s   sec/tick 67.9    sec/kimg 16.59   maintenance 0.3    cpumem 6.65   gpumem 18.16  augment 0.109
tick 177   kimg 725.1    time 3h 50m 26s   sec/tick 67.9    sec/kimg 16.58   maintenance 0.3    cpumem 6.65   gpumem 17.93  augment 0.109
tick 178   kimg 729.2    time 3h 51m 35s   sec/tick 67.9    sec/kimg 16.58   maintenance 0.3    cpumem 6.65   gpumem 17.89  augment 0.106
tick 179   kimg 733.3    time 3h 52m 43s   sec/tick 67.9    sec/kimg 16.59   maintenance 0.3    cpumem 6.65   gpumem 17.95  augment 0.106
tick 180   kimg 737.4    time 3h 53m 51s   sec/tick 67.9    sec/kimg 16.58   maintenance 0.3    cpumem 6.65   gpumem 17.88  augment 0.109
Evaluating metrics...
{"results": {"fid50k_full": 66.31427159113925}, "metric": "fid50k_full", "total_time": 161.23258066177368, "total_time_str": "2m 41s", "num_gpus": 2, "snapshot_pkl": "network-snapshot-000737.pkl", "timestamp": 1656963155.5819995}
tick 181   kimg 741.5    time 3h 57m 55s   sec/tick 67.6    sec/kimg 16.51   maintenance 176.1  cpumem 6.65   gpumem 18.12  augment 0.111
tick 182   kimg 745.6    time 3h 59m 03s   sec/tick 67.8    sec/kimg 16.55   maintenance 0.3    cpumem 6.65   gpumem 18.01  augment 0.111
tick 183   kimg 749.7    time 4h 00m 11s   sec/tick 67.9    sec/kimg 16.57   maintenance 0.3    cpumem 6.65   gpumem 17.96  augment 0.104
tick 184   kimg 753.8    time 4h 01m 19s   sec/tick 67.9    sec/kimg 16.57   maintenance 0.3    cpumem 6.65   gpumem 17.89  augment 0.102
tick 185   kimg 757.9    time 4h 02m 28s   sec/tick 67.9    sec/kimg 16.57   maintenance 0.3    cpumem 6.65   gpumem 17.87  augment 0.104
tick 186   kimg 762.0    time 4h 03m 36s   sec/tick 67.9    sec/kimg 16.57   maintenance 0.3    cpumem 6.65   gpumem 17.93  augment 0.106
tick 187   kimg 766.1    time 4h 04m 44s   sec/tick 67.8    sec/kimg 16.55   maintenance 0.3    cpumem 6.65   gpumem 17.89  augment 0.111
tick 188   kimg 770.2    time 4h 05m 52s   sec/tick 67.8    sec/kimg 16.56   maintenance 0.3    cpumem 6.65   gpumem 17.90  augment 0.109
tick 189   kimg 774.3    time 4h 07m 00s   sec/tick 67.8    sec/kimg 16.55   maintenance 0.3    cpumem 6.65   gpumem 17.89  augment 0.109
tick 190   kimg 778.4    time 4h 08m 08s   sec/tick 67.9    sec/kimg 16.57   maintenance 0.3    cpumem 6.65   gpumem 18.03  augment 0.111
tick 191   kimg 782.5    time 4h 09m 17s   sec/tick 67.8    sec/kimg 16.56   maintenance 0.3    cpumem 6.65   gpumem 17.99  augment 0.111
tick 192   kimg 786.6    time 4h 10m 25s   sec/tick 67.8    sec/kimg 16.56   maintenance 0.3    cpumem 6.65   gpumem 18.02  augment 0.111
tick 193   kimg 790.7    time 4h 11m 33s   sec/tick 67.9    sec/kimg 16.57   maintenance 0.3    cpumem 6.65   gpumem 17.86  augment 0.111
tick 194   kimg 794.8    time 4h 12m 41s   sec/tick 67.9    sec/kimg 16.57   maintenance 0.3    cpumem 6.65   gpumem 18.13  augment 0.111
tick 195   kimg 798.8    time 4h 13m 49s   sec/tick 67.8    sec/kimg 16.56   maintenance 0.3    cpumem 6.67   gpumem 17.93  augment 0.111
tick 196   kimg 802.9    time 4h 14m 58s   sec/tick 67.8    sec/kimg 16.56   maintenance 0.3    cpumem 6.67   gpumem 17.92  augment 0.111
tick 197   kimg 807.0    time 4h 16m 06s   sec/tick 67.8    sec/kimg 16.56   maintenance 0.3    cpumem 6.67   gpumem 17.92  augment 0.109
tick 198   kimg 811.1    time 4h 17m 14s   sec/tick 67.9    sec/kimg 16.57   maintenance 0.3    cpumem 6.67   gpumem 17.98  augment 0.111
tick 199   kimg 815.2    time 4h 18m 22s   sec/tick 67.8    sec/kimg 16.56   maintenance 0.3    cpumem 6.67   gpumem 17.95  augment 0.111
tick 200   kimg 819.3    time 4h 19m 30s   sec/tick 67.9    sec/kimg 16.57   maintenance 0.3    cpumem 6.67   gpumem 18.19  augment 0.113
Evaluating metrics...
{"results": {"fid50k_full": 65.01696407267535}, "metric": "fid50k_full", "total_time": 160.33514595031738, "total_time_str": "2m 40s", "num_gpus": 2, "snapshot_pkl": "network-snapshot-000819.pkl", "timestamp": 1656964693.8837695}
tick 201   kimg 823.4    time 4h 23m 33s   sec/tick 67.6    sec/kimg 16.51   maintenance 175.3  cpumem 6.67   gpumem 17.98  augment 0.115
tick 202   kimg 827.5    time 4h 24m 41s   sec/tick 67.9    sec/kimg 16.57   maintenance 0.3    cpumem 6.67   gpumem 18.05  augment 0.119
tick 203   kimg 831.6    time 4h 25m 50s   sec/tick 67.9    sec/kimg 16.58   maintenance 0.3    cpumem 6.67   gpumem 18.00  augment 0.121
tick 204   kimg 835.7    time 4h 26m 58s   sec/tick 67.9    sec/kimg 16.59   maintenance 0.3    cpumem 6.67   gpumem 17.94  augment 0.119
tick 205   kimg 839.8    time 4h 28m 06s   sec/tick 67.9    sec/kimg 16.58   maintenance 0.3    cpumem 6.67   gpumem 17.93  augment 0.119
tick 206   kimg 843.9    time 4h 29m 14s   sec/tick 67.9    sec/kimg 16.58   maintenance 0.3    cpumem 6.67   gpumem 18.08  augment 0.119
tick 207   kimg 848.0    time 4h 30m 23s   sec/tick 67.9    sec/kimg 16.58   maintenance 0.3    cpumem 6.67   gpumem 17.91  augment 0.123
tick 208   kimg 852.1    time 4h 31m 31s   sec/tick 68.0    sec/kimg 16.59   maintenance 0.3    cpumem 6.67   gpumem 18.05  augment 0.123
tick 209   kimg 856.2    time 4h 32m 39s   sec/tick 67.9    sec/kimg 16.59   maintenance 0.3    cpumem 6.67   gpumem 17.93  augment 0.125
tick 210   kimg 860.3    time 4h 33m 47s   sec/tick 67.9    sec/kimg 16.58   maintenance 0.3    cpumem 6.67   gpumem 17.96  augment 0.127
tick 211   kimg 864.4    time 4h 34m 56s   sec/tick 67.9    sec/kimg 16.59   maintenance 0.3    cpumem 6.67   gpumem 17.91  augment 0.131
tick 212   kimg 868.5    time 4h 36m 04s   sec/tick 67.9    sec/kimg 16.59   maintenance 0.3    cpumem 6.67   gpumem 17.97  augment 0.129
tick 213   kimg 872.6    time 4h 37m 12s   sec/tick 68.0    sec/kimg 16.59   maintenance 0.3    cpumem 6.67   gpumem 17.98  augment 0.127
tick 214   kimg 876.7    time 4h 38m 21s   sec/tick 67.9    sec/kimg 16.58   maintenance 0.3    cpumem 6.67   gpumem 17.95  augment 0.127
tick 215   kimg 880.8    time 4h 39m 29s   sec/tick 67.9    sec/kimg 16.58   maintenance 0.3    cpumem 6.67   gpumem 17.93  augment 0.125
tick 216   kimg 884.9    time 4h 40m 37s   sec/tick 67.9    sec/kimg 16.59   maintenance 0.3    cpumem 6.67   gpumem 18.02  augment 0.121
tick 217   kimg 889.0    time 4h 41m 45s   sec/tick 67.9    sec/kimg 16.58   maintenance 0.3    cpumem 6.67   gpumem 17.95  augment 0.121
tick 218   kimg 893.1    time 4h 42m 54s   sec/tick 67.9    sec/kimg 16.58   maintenance 0.3    cpumem 6.67   gpumem 17.93  augment 0.121
tick 219   kimg 897.2    time 4h 44m 02s   sec/tick 67.9    sec/kimg 16.58   maintenance 0.3    cpumem 6.67   gpumem 18.03  augment 0.121
tick 220   kimg 901.2    time 4h 45m 10s   sec/tick 68.0    sec/kimg 16.59   maintenance 0.3    cpumem 6.67   gpumem 18.02  augment 0.123
Evaluating metrics...
{"results": {"fid50k_full": 64.82901394999699}, "metric": "fid50k_full", "total_time": 160.85667657852173, "total_time_str": "2m 41s", "num_gpus": 2, "snapshot_pkl": "network-snapshot-000901.pkl", "timestamp": 1656966234.894112}
tick 221   kimg 905.3    time 4h 49m 14s   sec/tick 67.7    sec/kimg 16.53   maintenance 176.4  cpumem 6.67   gpumem 18.03  augment 0.123
tick 222   kimg 909.4    time 4h 50m 23s   sec/tick 67.9    sec/kimg 16.58   maintenance 0.3    cpumem 6.67   gpumem 17.96  augment 0.121
tick 223   kimg 913.5    time 4h 51m 31s   sec/tick 68.0    sec/kimg 16.60   maintenance 0.3    cpumem 6.67   gpumem 18.03  augment 0.123
tick 224   kimg 917.6    time 4h 52m 39s   sec/tick 68.0    sec/kimg 16.61   maintenance 0.3    cpumem 6.67   gpumem 17.94  augment 0.127
tick 225   kimg 921.7    time 4h 53m 48s   sec/tick 68.0    sec/kimg 16.60   maintenance 0.3    cpumem 6.67   gpumem 17.94  augment 0.129
tick 226   kimg 925.8    time 4h 54m 56s   sec/tick 68.0    sec/kimg 16.60   maintenance 0.3    cpumem 6.67   gpumem 18.54  augment 0.127
tick 227   kimg 929.9    time 4h 56m 04s   sec/tick 68.0    sec/kimg 16.60   maintenance 0.3    cpumem 6.67   gpumem 18.08  augment 0.127
tick 228   kimg 934.0    time 4h 57m 12s   sec/tick 67.9    sec/kimg 16.59   maintenance 0.3    cpumem 6.67   gpumem 17.94  augment 0.125
tick 229   kimg 938.1    time 4h 58m 21s   sec/tick 68.0    sec/kimg 16.59   maintenance 0.3    cpumem 6.67   gpumem 17.87  augment 0.125
tick 230   kimg 942.2    time 4h 59m 29s   sec/tick 67.9    sec/kimg 16.59   maintenance 0.3    cpumem 6.67   gpumem 17.93  augment 0.123
tick 231   kimg 946.3    time 5h 00m 37s   sec/tick 67.9    sec/kimg 16.58   maintenance 0.3    cpumem 6.67   gpumem 17.91  augment 0.127
tick 232   kimg 950.4    time 5h 01m 46s   sec/tick 67.9    sec/kimg 16.59   maintenance 0.3    cpumem 6.67   gpumem 17.89  augment 0.125
tick 233   kimg 954.5    time 5h 02m 54s   sec/tick 68.0    sec/kimg 16.59   maintenance 0.3    cpumem 6.67   gpumem 18.00  augment 0.121
tick 234   kimg 958.6    time 5h 04m 02s   sec/tick 68.0    sec/kimg 16.59   maintenance 0.3    cpumem 6.67   gpumem 17.87  augment 0.121
tick 235   kimg 962.7    time 5h 05m 10s   sec/tick 68.0    sec/kimg 16.59   maintenance 0.3    cpumem 6.67   gpumem 17.86  augment 0.121
tick 236   kimg 966.8    time 5h 06m 19s   sec/tick 67.9    sec/kimg 16.59   maintenance 0.3    cpumem 6.67   gpumem 17.93  augment 0.121
tick 237   kimg 970.9    time 5h 07m 27s   sec/tick 68.0    sec/kimg 16.59   maintenance 0.3    cpumem 6.67   gpumem 18.04  augment 0.121
tick 238   kimg 975.0    time 5h 08m 35s   sec/tick 67.9    sec/kimg 16.59   maintenance 0.3    cpumem 6.67   gpumem 17.92  augment 0.121
tick 239   kimg 979.1    time 5h 09m 44s   sec/tick 67.9    sec/kimg 16.58   maintenance 0.3    cpumem 6.67   gpumem 18.03  augment 0.121
tick 240   kimg 983.2    time 5h 10m 52s   sec/tick 68.0    sec/kimg 16.59   maintenance 0.3    cpumem 6.67   gpumem 17.96  augment 0.125
Evaluating metrics...
{"results": {"fid50k_full": 62.423392240829855}, "metric": "fid50k_full", "total_time": 160.45490407943726, "total_time_str": "2m 40s", "num_gpus": 2, "snapshot_pkl": "network-snapshot-000983.pkl", "timestamp": 1656967775.7549243}
tick 241   kimg 987.3    time 5h 14m 55s   sec/tick 67.7    sec/kimg 16.52   maintenance 175.6  cpumem 6.67   gpumem 17.95  augment 0.125
tick 242   kimg 991.4    time 5h 16m 03s   sec/tick 68.0    sec/kimg 16.59   maintenance 0.3    cpumem 6.67   gpumem 17.93  augment 0.127
tick 243   kimg 995.5    time 5h 17m 12s   sec/tick 68.1    sec/kimg 16.61   maintenance 0.3    cpumem 6.67   gpumem 17.96  augment 0.125
tick 244   kimg 999.6    time 5h 18m 20s   sec/tick 68.0    sec/kimg 16.60   maintenance 0.3    cpumem 6.67   gpumem 18.01  augment 0.127
tick 245   kimg 1003.6   time 5h 19m 28s   sec/tick 68.0    sec/kimg 16.61   maintenance 0.3    cpumem 6.67   gpumem 17.93  augment 0.129
tick 246   kimg 1007.7   time 5h 20m 37s   sec/tick 68.0    sec/kimg 16.60   maintenance 0.3    cpumem 6.67   gpumem 17.96  augment 0.131
tick 247   kimg 1011.8   time 5h 21m 45s   sec/tick 68.0    sec/kimg 16.59   maintenance 0.3    cpumem 6.67   gpumem 17.97  augment 0.133
tick 248   kimg 1015.9   time 5h 22m 53s   sec/tick 68.0    sec/kimg 16.59   maintenance 0.3    cpumem 6.67   gpumem 18.11  augment 0.131
tick 249   kimg 1020.0   time 5h 24m 02s   sec/tick 67.9    sec/kimg 16.59   maintenance 0.3    cpumem 6.67   gpumem 17.91  augment 0.131
tick 250   kimg 1024.1   time 5h 25m 10s   sec/tick 67.9    sec/kimg 16.58   maintenance 0.3    cpumem 6.67   gpumem 17.95  augment 0.133
tick 251   kimg 1028.2   time 5h 26m 18s   sec/tick 67.9    sec/kimg 16.58   maintenance 0.3    cpumem 6.67   gpumem 18.06  augment 0.133
tick 252   kimg 1032.3   time 5h 27m 26s   sec/tick 68.0    sec/kimg 16.59   maintenance 0.3    cpumem 6.67   gpumem 17.91  augment 0.131
tick 253   kimg 1036.4   time 5h 28m 35s   sec/tick 68.0    sec/kimg 16.60   maintenance 0.3    cpumem 6.67   gpumem 17.97  augment 0.133
tick 254   kimg 1040.5   time 5h 29m 43s   sec/tick 68.0    sec/kimg 16.59   maintenance 0.3    cpumem 6.67   gpumem 17.98  augment 0.135
tick 255   kimg 1044.6   time 5h 30m 51s   sec/tick 68.0    sec/kimg 16.60   maintenance 0.3    cpumem 6.67   gpumem 17.89  augment 0.133
tick 256   kimg 1048.7   time 5h 32m 00s   sec/tick 67.9    sec/kimg 16.59   maintenance 0.3    cpumem 6.67   gpumem 18.16  augment 0.135
tick 257   kimg 1052.8   time 5h 33m 08s   sec/tick 68.0    sec/kimg 16.60   maintenance 0.3    cpumem 6.67   gpumem 17.95  augment 0.133
tick 258   kimg 1056.9   time 5h 34m 16s   sec/tick 68.0    sec/kimg 16.60   maintenance 0.3    cpumem 6.67   gpumem 17.89  augment 0.135
tick 259   kimg 1061.0   time 5h 35m 25s   sec/tick 68.0    sec/kimg 16.59   maintenance 0.3    cpumem 6.67   gpumem 18.11  augment 0.131
tick 260   kimg 1065.1   time 5h 36m 33s   sec/tick 67.9    sec/kimg 16.59   maintenance 0.3    cpumem 6.67   gpumem 17.91  augment 0.131
Evaluating metrics...
{"results": {"fid50k_full": 62.555211719028975}, "metric": "fid50k_full", "total_time": 162.08054113388062, "total_time_str": "2m 42s", "num_gpus": 2, "snapshot_pkl": "network-snapshot-001065.pkl", "timestamp": 1656969318.984286}
tick 261   kimg 1069.2   time 5h 40m 38s   sec/tick 67.7    sec/kimg 16.52   maintenance 177.8  cpumem 6.67   gpumem 17.95  augment 0.135
tick 262   kimg 1073.3   time 5h 41m 47s   sec/tick 67.9    sec/kimg 16.57   maintenance 0.3    cpumem 6.67   gpumem 17.91  augment 0.131
tick 263   kimg 1077.4   time 5h 42m 55s   sec/tick 67.9    sec/kimg 16.59   maintenance 0.3    cpumem 6.67   gpumem 17.96  augment 0.129
tick 264   kimg 1081.5   time 5h 44m 03s   sec/tick 67.9    sec/kimg 16.59   maintenance 0.3    cpumem 6.67   gpumem 17.92  augment 0.133
tick 265   kimg 1085.6   time 5h 45m 11s   sec/tick 67.9    sec/kimg 16.59   maintenance 0.3    cpumem 6.67   gpumem 17.96  augment 0.129
tick 266   kimg 1089.7   time 5h 46m 20s   sec/tick 67.9    sec/kimg 16.58   maintenance 0.3    cpumem 6.67   gpumem 18.07  augment 0.129
tick 267   kimg 1093.8   time 5h 47m 28s   sec/tick 67.9    sec/kimg 16.58   maintenance 0.3    cpumem 6.67   gpumem 18.00  augment 0.127
tick 268   kimg 1097.9   time 5h 48m 36s   sec/tick 67.9    sec/kimg 16.58   maintenance 0.3    cpumem 6.67   gpumem 18.07  augment 0.127
tick 269   kimg 1102.0   time 5h 49m 44s   sec/tick 67.9    sec/kimg 16.58   maintenance 0.3    cpumem 6.67   gpumem 17.87  augment 0.125
tick 270   kimg 1106.0   time 5h 50m 53s   sec/tick 67.9    sec/kimg 16.57   maintenance 0.3    cpumem 6.67   gpumem 17.97  augment 0.125
tick 271   kimg 1110.1   time 5h 52m 01s   sec/tick 67.9    sec/kimg 16.58   maintenance 0.3    cpumem 6.67   gpumem 17.93  augment 0.127
tick 272   kimg 1114.2   time 5h 53m 09s   sec/tick 67.9    sec/kimg 16.58   maintenance 0.3    cpumem 6.67   gpumem 17.93  augment 0.125
tick 273   kimg 1118.3   time 5h 54m 17s   sec/tick 67.9    sec/kimg 16.58   maintenance 0.3    cpumem 6.67   gpumem 17.93  augment 0.125
tick 274   kimg 1122.4   time 5h 55m 26s   sec/tick 67.9    sec/kimg 16.58   maintenance 0.3    cpumem 6.67   gpumem 17.93  augment 0.123
tick 275   kimg 1126.5   time 5h 56m 34s   sec/tick 67.9    sec/kimg 16.58   maintenance 0.3    cpumem 6.67   gpumem 17.90  augment 0.123
tick 276   kimg 1130.6   time 5h 57m 42s   sec/tick 67.9    sec/kimg 16.57   maintenance 0.3    cpumem 6.67   gpumem 17.96  augment 0.125
tick 277   kimg 1134.7   time 5h 58m 50s   sec/tick 67.9    sec/kimg 16.58   maintenance 0.3    cpumem 6.67   gpumem 17.87  augment 0.125
tick 278   kimg 1138.8   time 5h 59m 58s   sec/tick 67.9    sec/kimg 16.57   maintenance 0.3    cpumem 6.67   gpumem 17.98  augment 0.125
tick 279   kimg 1142.9   time 6h 01m 07s   sec/tick 68.0    sec/kimg 16.60   maintenance 0.3    cpumem 6.67   gpumem 17.96  augment 0.121
tick 280   kimg 1147.0   time 6h 02m 15s   sec/tick 67.9    sec/kimg 16.58   maintenance 0.3    cpumem 6.67   gpumem 17.99  augment 0.119
Evaluating metrics...
{"results": {"fid50k_full": 61.07285537023356}, "metric": "fid50k_full", "total_time": 158.69813084602356, "total_time_str": "2m 39s", "num_gpus": 2, "snapshot_pkl": "network-snapshot-001147.pkl", "timestamp": 1656970857.1800141}
tick 281   kimg 1151.1   time 6h 06m 17s   sec/tick 67.7    sec/kimg 16.53   maintenance 173.9  cpumem 6.67   gpumem 17.92  augment 0.121
tick 282   kimg 1155.2   time 6h 07m 25s   sec/tick 67.9    sec/kimg 16.58   maintenance 0.3    cpumem 6.67   gpumem 17.98  augment 0.121
tick 283   kimg 1159.3   time 6h 08m 33s   sec/tick 68.0    sec/kimg 16.60   maintenance 0.3    cpumem 6.67   gpumem 17.87  augment 0.121
tick 284   kimg 1163.4   time 6h 09m 41s   sec/tick 68.0    sec/kimg 16.60   maintenance 0.3    cpumem 6.67   gpumem 17.94  augment 0.121
tick 285   kimg 1167.5   time 6h 10m 50s   sec/tick 67.9    sec/kimg 16.59   maintenance 0.3    cpumem 6.67   gpumem 17.85  augment 0.121
tick 286   kimg 1171.6   time 6h 11m 58s   sec/tick 68.0    sec/kimg 16.59   maintenance 0.3    cpumem 6.67   gpumem 17.95  augment 0.119
tick 287   kimg 1175.7   time 6h 13m 06s   sec/tick 67.9    sec/kimg 16.58   maintenance 0.3    cpumem 6.67   gpumem 17.95  augment 0.117
tick 288   kimg 1179.8   time 6h 14m 14s   sec/tick 67.9    sec/kimg 16.57   maintenance 0.3    cpumem 6.67   gpumem 17.99  augment 0.117
tick 289   kimg 1183.9   time 6h 15m 23s   sec/tick 68.0    sec/kimg 16.60   maintenance 0.3    cpumem 6.67   gpumem 18.03  augment 0.119
tick 290   kimg 1188.0   time 6h 16m 31s   sec/tick 68.0    sec/kimg 16.59   maintenance 0.3    cpumem 6.67   gpumem 17.88  augment 0.119
tick 291   kimg 1192.1   time 6h 17m 39s   sec/tick 68.0    sec/kimg 16.59   maintenance 0.3    cpumem 6.67   gpumem 18.19  augment 0.119
tick 292   kimg 1196.2   time 6h 18m 48s   sec/tick 67.9    sec/kimg 16.59   maintenance 0.3    cpumem 6.67   gpumem 17.95  augment 0.119
tick 293   kimg 1200.3   time 6h 19m 56s   sec/tick 67.9    sec/kimg 16.59   maintenance 0.3    cpumem 6.67   gpumem 17.95  augment 0.119
tick 294   kimg 1204.4   time 6h 21m 04s   sec/tick 67.9    sec/kimg 16.58   maintenance 0.3    cpumem 6.67   gpumem 18.02  augment 0.123
tick 295   kimg 1208.4   time 6h 22m 12s   sec/tick 67.9    sec/kimg 16.59   maintenance 0.3    cpumem 6.67   gpumem 17.87  augment 0.127
tick 296   kimg 1212.5   time 6h 23m 21s   sec/tick 67.9    sec/kimg 16.57   maintenance 0.3    cpumem 6.67   gpumem 18.08  augment 0.123
tick 297   kimg 1216.6   time 6h 24m 29s   sec/tick 67.9    sec/kimg 16.57   maintenance 0.3    cpumem 6.67   gpumem 17.96  augment 0.119
tick 298   kimg 1220.7   time 6h 25m 37s   sec/tick 67.9    sec/kimg 16.58   maintenance 0.3    cpumem 6.67   gpumem 17.86  augment 0.119
tick 299   kimg 1224.8   time 6h 26m 45s   sec/tick 67.9    sec/kimg 16.59   maintenance 0.3    cpumem 6.67   gpumem 17.90  augment 0.123
tick 300   kimg 1228.9   time 6h 27m 54s   sec/tick 67.9    sec/kimg 16.59   maintenance 0.3    cpumem 6.67   gpumem 18.01  augment 0.123
Evaluating metrics...
{"results": {"fid50k_full": 59.7628150183434}, "metric": "fid50k_full", "total_time": 160.95800757408142, "total_time_str": "2m 41s", "num_gpus": 2, "snapshot_pkl": "network-snapshot-001228.pkl", "timestamp": 1656972397.305666}
tick 301   kimg 1233.0   time 6h 31m 57s   sec/tick 67.7    sec/kimg 16.53   maintenance 175.3  cpumem 6.67   gpumem 17.95  augment 0.123
tick 302   kimg 1237.1   time 6h 33m 05s   sec/tick 67.9    sec/kimg 16.58   maintenance 0.3    cpumem 6.67   gpumem 17.94  augment 0.123
tick 303   kimg 1241.2   time 6h 34m 13s   sec/tick 68.0    sec/kimg 16.60   maintenance 0.3    cpumem 6.67   gpumem 17.93  augment 0.121
tick 304   kimg 1245.3   time 6h 35m 22s   sec/tick 67.9    sec/kimg 16.58   maintenance 0.3    cpumem 6.67   gpumem 18.07  augment 0.123
tick 305   kimg 1249.4   time 6h 36m 30s   sec/tick 68.0    sec/kimg 16.59   maintenance 0.3    cpumem 6.67   gpumem 17.92  augment 0.123
tick 306   kimg 1253.5   time 6h 37m 38s   sec/tick 68.0    sec/kimg 16.59   maintenance 0.3    cpumem 6.67   gpumem 17.98  augment 0.123
tick 307   kimg 1257.6   time 6h 38m 46s   sec/tick 67.9    sec/kimg 16.58   maintenance 0.3    cpumem 6.67   gpumem 17.98  augment 0.125
tick 308   kimg 1261.7   time 6h 39m 55s   sec/tick 68.0    sec/kimg 16.59   maintenance 0.3    cpumem 6.67   gpumem 18.04  augment 0.127
tick 309   kimg 1265.8   time 6h 41m 03s   sec/tick 68.0    sec/kimg 16.60   maintenance 0.3    cpumem 6.67   gpumem 17.95  augment 0.127
tick 310   kimg 1269.9   time 6h 42m 11s   sec/tick 67.9    sec/kimg 16.58   maintenance 0.3    cpumem 6.67   gpumem 17.90  augment 0.125
tick 311   kimg 1274.0   time 6h 43m 20s   sec/tick 68.0    sec/kimg 16.59   maintenance 0.3    cpumem 6.67   gpumem 17.88  augment 0.127
tick 312   kimg 1278.1   time 6h 44m 28s   sec/tick 67.9    sec/kimg 16.59   maintenance 0.3    cpumem 6.67   gpumem 17.96  augment 0.129
tick 313   kimg 1282.2   time 6h 45m 36s   sec/tick 68.0    sec/kimg 16.59   maintenance 0.3    cpumem 6.67   gpumem 17.87  augment 0.129
tick 314   kimg 1286.3   time 6h 46m 44s   sec/tick 67.9    sec/kimg 16.59   maintenance 0.3    cpumem 6.67   gpumem 18.01  augment 0.131
tick 315   kimg 1290.4   time 6h 47m 53s   sec/tick 68.0    sec/kimg 16.59   maintenance 0.3    cpumem 6.67   gpumem 17.99  augment 0.131
tick 316   kimg 1294.5   time 6h 49m 01s   sec/tick 67.9    sec/kimg 16.59   maintenance 0.3    cpumem 6.67   gpumem 17.96  augment 0.129
tick 317   kimg 1298.6   time 6h 50m 09s   sec/tick 67.9    sec/kimg 16.59   maintenance 0.3    cpumem 6.67   gpumem 18.00  augment 0.127
tick 318   kimg 1302.7   time 6h 51m 18s   sec/tick 67.9    sec/kimg 16.58   maintenance 0.3    cpumem 6.67   gpumem 17.96  augment 0.125
tick 319   kimg 1306.8   time 6h 52m 26s   sec/tick 67.9    sec/kimg 16.58   maintenance 0.3    cpumem 6.67   gpumem 17.89  augment 0.124
tick 320   kimg 1310.8   time 6h 53m 34s   sec/tick 67.9    sec/kimg 16.59   maintenance 0.3    cpumem 6.67   gpumem 17.95  augment 0.122
Evaluating metrics...
{"results": {"fid50k_full": 59.527229129226825}, "metric": "fid50k_full", "total_time": 156.57840156555176, "total_time_str": "2m 37s", "num_gpus": 2, "snapshot_pkl": "network-snapshot-001310.pkl", "timestamp": 1656973933.14028}
tick 321   kimg 1314.9   time 6h 57m 33s   sec/tick 67.8    sec/kimg 16.54   maintenance 170.8  cpumem 6.67   gpumem 17.94  augment 0.126
tick 322   kimg 1319.0   time 6h 58m 41s   sec/tick 67.9    sec/kimg 16.58   maintenance 0.3    cpumem 6.67   gpumem 18.00  augment 0.124
tick 323   kimg 1323.1   time 6h 59m 49s   sec/tick 68.0    sec/kimg 16.59   maintenance 0.3    cpumem 6.67   gpumem 17.99  augment 0.120
tick 324   kimg 1327.2   time 7h 00m 57s   sec/tick 67.9    sec/kimg 16.59   maintenance 0.3    cpumem 6.67   gpumem 18.14  augment 0.118
tick 325   kimg 1331.3   time 7h 02m 06s   sec/tick 67.9    sec/kimg 16.58   maintenance 0.3    cpumem 6.67   gpumem 17.90  augment 0.120
tick 326   kimg 1335.4   time 7h 03m 14s   sec/tick 67.9    sec/kimg 16.59   maintenance 0.3    cpumem 6.67   gpumem 17.92  augment 0.124
tick 327   kimg 1339.5   time 7h 04m 22s   sec/tick 67.9    sec/kimg 16.58   maintenance 0.3    cpumem 6.67   gpumem 17.90  augment 0.126
tick 328   kimg 1343.6   time 7h 05m 30s   sec/tick 67.9    sec/kimg 16.59   maintenance 0.3    cpumem 6.67   gpumem 17.91  augment 0.124
tick 329   kimg 1347.7   time 7h 06m 39s   sec/tick 67.9    sec/kimg 16.58   maintenance 0.3    cpumem 6.67   gpumem 18.01  augment 0.126
tick 330   kimg 1351.8   time 7h 07m 47s   sec/tick 68.0    sec/kimg 16.60   maintenance 0.3    cpumem 6.67   gpumem 17.90  augment 0.124
tick 331   kimg 1355.9   time 7h 08m 55s   sec/tick 68.0    sec/kimg 16.59   maintenance 0.3    cpumem 6.67   gpumem 18.00  augment 0.128
tick 332   kimg 1360.0   time 7h 10m 04s   sec/tick 67.9    sec/kimg 16.59   maintenance 0.3    cpumem 6.67   gpumem 17.93  augment 0.124
tick 333   kimg 1364.1   time 7h 11m 12s   sec/tick 67.9    sec/kimg 16.58   maintenance 0.3    cpumem 6.67   gpumem 17.88  augment 0.124
tick 334   kimg 1368.2   time 7h 12m 20s   sec/tick 68.0    sec/kimg 16.59   maintenance 0.3    cpumem 6.67   gpumem 18.01  augment 0.124
tick 335   kimg 1372.3   time 7h 13m 28s   sec/tick 67.9    sec/kimg 16.59   maintenance 0.3    cpumem 6.67   gpumem 17.91  augment 0.126
tick 336   kimg 1376.4   time 7h 14m 37s   sec/tick 67.9    sec/kimg 16.58   maintenance 0.3    cpumem 6.67   gpumem 18.02  augment 0.128
tick 337   kimg 1380.5   time 7h 15m 45s   sec/tick 67.9    sec/kimg 16.58   maintenance 0.3    cpumem 6.67   gpumem 17.93  augment 0.130
tick 338   kimg 1384.6   time 7h 16m 53s   sec/tick 67.9    sec/kimg 16.58   maintenance 0.3    cpumem 6.67   gpumem 18.08  augment 0.130
tick 339   kimg 1388.7   time 7h 18m 01s   sec/tick 67.9    sec/kimg 16.58   maintenance 0.3    cpumem 6.67   gpumem 18.00  augment 0.132
tick 340   kimg 1392.8   time 7h 19m 10s   sec/tick 67.9    sec/kimg 16.58   maintenance 0.3    cpumem 6.67   gpumem 17.84  augment 0.134
Evaluating metrics...
{"results": {"fid50k_full": 61.41296829721375}, "metric": "fid50k_full", "total_time": 159.58536744117737, "total_time_str": "2m 40s", "num_gpus": 2, "snapshot_pkl": "network-snapshot-001392.pkl", "timestamp": 1656975472.1590753}
tick 341   kimg 1396.9   time 7h 23m 11s   sec/tick 67.6    sec/kimg 16.51   maintenance 174.2  cpumem 6.67   gpumem 17.99  augment 0.132
tick 342   kimg 1401.0   time 7h 24m 20s   sec/tick 67.8    sec/kimg 16.56   maintenance 0.3    cpumem 6.67   gpumem 17.92  augment 0.130
tick 343   kimg 1405.1   time 7h 25m 28s   sec/tick 67.9    sec/kimg 16.57   maintenance 0.3    cpumem 6.67   gpumem 17.96  augment 0.132
tick 344   kimg 1409.2   time 7h 26m 36s   sec/tick 67.9    sec/kimg 16.57   maintenance 0.3    cpumem 6.67   gpumem 17.92  augment 0.136
tick 345   kimg 1413.2   time 7h 27m 44s   sec/tick 67.8    sec/kimg 16.56   maintenance 0.3    cpumem 6.67   gpumem 18.07  augment 0.136
tick 346   kimg 1417.3   time 7h 28m 52s   sec/tick 67.8    sec/kimg 16.56   maintenance 0.3    cpumem 6.67   gpumem 17.93  augment 0.138
tick 347   kimg 1421.4   time 7h 30m 01s   sec/tick 67.8    sec/kimg 16.56   maintenance 0.3    cpumem 6.67   gpumem 17.90  augment 0.136
tick 348   kimg 1425.5   time 7h 31m 09s   sec/tick 67.9    sec/kimg 16.57   maintenance 0.3    cpumem 6.67   gpumem 17.92  augment 0.136
tick 349   kimg 1429.6   time 7h 32m 17s   sec/tick 67.8    sec/kimg 16.56   maintenance 0.3    cpumem 6.67   gpumem 18.03  augment 0.136
tick 350   kimg 1433.7   time 7h 33m 25s   sec/tick 67.9    sec/kimg 16.57   maintenance 0.3    cpumem 6.67   gpumem 18.19  augment 0.134
tick 351   kimg 1437.8   time 7h 34m 33s   sec/tick 67.9    sec/kimg 16.57   maintenance 0.3    cpumem 6.67   gpumem 18.00  augment 0.136
tick 352   kimg 1441.9   time 7h 35m 42s   sec/tick 67.9    sec/kimg 16.57   maintenance 0.3    cpumem 6.67   gpumem 17.90  augment 0.138
tick 353   kimg 1446.0   time 7h 36m 50s   sec/tick 67.8    sec/kimg 16.56   maintenance 0.3    cpumem 6.67   gpumem 17.93  augment 0.134
tick 354   kimg 1450.1   time 7h 37m 58s   sec/tick 67.9    sec/kimg 16.58   maintenance 0.3    cpumem 6.67   gpumem 17.87  augment 0.136
tick 355   kimg 1454.2   time 7h 39m 06s   sec/tick 67.9    sec/kimg 16.57   maintenance 0.3    cpumem 6.67   gpumem 18.08  augment 0.134
tick 356   kimg 1458.3   time 7h 40m 14s   sec/tick 67.9    sec/kimg 16.58   maintenance 0.3    cpumem 6.67   gpumem 17.94  augment 0.136
tick 357   kimg 1462.4   time 7h 41m 23s   sec/tick 67.9    sec/kimg 16.57   maintenance 0.3    cpumem 6.67   gpumem 17.94  augment 0.136
tick 358   kimg 1466.5   time 7h 42m 31s   sec/tick 67.9    sec/kimg 16.58   maintenance 0.3    cpumem 6.67   gpumem 17.96  augment 0.138
tick 359   kimg 1470.6   time 7h 43m 39s   sec/tick 67.9    sec/kimg 16.58   maintenance 0.3    cpumem 6.67   gpumem 17.94  augment 0.136
tick 360   kimg 1474.7   time 7h 44m 47s   sec/tick 67.9    sec/kimg 16.57   maintenance 0.3    cpumem 6.67   gpumem 17.93  augment 0.136
Evaluating metrics...
{"results": {"fid50k_full": 59.8226047911796}, "metric": "fid50k_full", "total_time": 158.98543238639832, "total_time_str": "2m 39s", "num_gpus": 2, "snapshot_pkl": "network-snapshot-001474.pkl", "timestamp": 1656977008.09833}
tick 361   kimg 1478.8   time 7h 48m 48s   sec/tick 67.7    sec/kimg 16.53   maintenance 172.5  cpumem 6.68   gpumem 17.98  augment 0.134
tick 362   kimg 1482.9   time 7h 49m 56s   sec/tick 67.9    sec/kimg 16.58   maintenance 0.3    cpumem 6.68   gpumem 18.01  augment 0.138
tick 363   kimg 1487.0   time 7h 51m 04s   sec/tick 68.0    sec/kimg 16.59   maintenance 0.3    cpumem 6.68   gpumem 18.11  augment 0.136
tick 364   kimg 1491.1   time 7h 52m 12s   sec/tick 68.0    sec/kimg 16.60   maintenance 0.3    cpumem 6.68   gpumem 18.02  augment 0.138
tick 365   kimg 1495.2   time 7h 53m 21s   sec/tick 67.9    sec/kimg 16.59   maintenance 0.3    cpumem 6.68   gpumem 18.04  augment 0.140
tick 366   kimg 1499.3   time 7h 54m 29s   sec/tick 67.9    sec/kimg 16.58   maintenance 0.3    cpumem 6.68   gpumem 18.01  augment 0.140
tick 367   kimg 1503.4   time 7h 55m 37s   sec/tick 67.9    sec/kimg 16.59   maintenance 0.3    cpumem 6.68   gpumem 17.94  augment 0.142
tick 368   kimg 1507.5   time 7h 56m 45s   sec/tick 67.9    sec/kimg 16.58   maintenance 0.3    cpumem 6.68   gpumem 18.09  augment 0.140
tick 369   kimg 1511.6   time 7h 57m 54s   sec/tick 68.0    sec/kimg 16.60   maintenance 0.3    cpumem 6.68   gpumem 18.10  augment 0.140
tick 370   kimg 1515.6   time 7h 59m 02s   sec/tick 67.9    sec/kimg 16.59   maintenance 0.3    cpumem 6.68   gpumem 17.91  augment 0.140
tick 371   kimg 1519.7   time 8h 00m 10s   sec/tick 67.9    sec/kimg 16.58   maintenance 0.3    cpumem 6.68   gpumem 17.92  augment 0.138
tick 372   kimg 1523.8   time 8h 01m 18s   sec/tick 67.9    sec/kimg 16.59   maintenance 0.3    cpumem 6.68   gpumem 17.88  augment 0.140
tick 373   kimg 1527.9   time 8h 02m 27s   sec/tick 67.9    sec/kimg 16.59   maintenance 0.3    cpumem 6.68   gpumem 17.95  augment 0.140
tick 374   kimg 1532.0   time 8h 03m 35s   sec/tick 68.0    sec/kimg 16.59   maintenance 0.3    cpumem 6.68   gpumem 17.94  augment 0.142
tick 375   kimg 1536.1   time 8h 04m 43s   sec/tick 67.9    sec/kimg 16.57   maintenance 0.3    cpumem 6.68   gpumem 17.95  augment 0.138
tick 376   kimg 1540.2   time 8h 05m 52s   sec/tick 68.0    sec/kimg 16.59   maintenance 0.3    cpumem 6.68   gpumem 18.02  augment 0.140
tick 377   kimg 1544.3   time 8h 07m 00s   sec/tick 67.9    sec/kimg 16.59   maintenance 0.3    cpumem 6.68   gpumem 18.03  augment 0.140
tick 378   kimg 1548.4   time 8h 08m 08s   sec/tick 67.9    sec/kimg 16.59   maintenance 0.3    cpumem 6.68   gpumem 18.10  augment 0.138
tick 379   kimg 1552.5   time 8h 09m 16s   sec/tick 67.9    sec/kimg 16.58   maintenance 0.3    cpumem 6.68   gpumem 17.99  augment 0.136
tick 380   kimg 1556.6   time 8h 10m 25s   sec/tick 67.9    sec/kimg 16.59   maintenance 0.3    cpumem 6.68   gpumem 18.20  augment 0.136
Evaluating metrics...
{"results": {"fid50k_full": 59.633254829565516}, "metric": "fid50k_full", "total_time": 159.28920459747314, "total_time_str": "2m 39s", "num_gpus": 2, "snapshot_pkl": "network-snapshot-001556.pkl", "timestamp": 1656978546.2489486}
tick 381   kimg 1560.7   time 8h 14m 26s   sec/tick 67.7    sec/kimg 16.53   maintenance 173.3  cpumem 6.68   gpumem 17.94  augment 0.136
tick 382   kimg 1564.8   time 8h 15m 34s   sec/tick 67.9    sec/kimg 16.58   maintenance 0.3    cpumem 6.68   gpumem 18.00  augment 0.134
tick 383   kimg 1568.9   time 8h 16m 42s   sec/tick 67.9    sec/kimg 16.59   maintenance 0.3    cpumem 6.68   gpumem 17.88  augment 0.136
tick 384   kimg 1573.0   time 8h 17m 50s   sec/tick 68.0    sec/kimg 16.59   maintenance 0.3    cpumem 6.68   gpumem 18.11  augment 0.136
tick 385   kimg 1577.1   time 8h 18m 59s   sec/tick 68.0    sec/kimg 16.60   maintenance 0.3    cpumem 6.68   gpumem 18.10  augment 0.134
tick 386   kimg 1581.2   time 8h 20m 07s   sec/tick 68.0    sec/kimg 16.60   maintenance 0.3    cpumem 6.68   gpumem 17.89  augment 0.130
tick 387   kimg 1585.3   time 8h 21m 15s   sec/tick 68.0    sec/kimg 16.59   maintenance 0.3    cpumem 6.68   gpumem 18.01  augment 0.130
tick 388   kimg 1589.4   time 8h 22m 24s   sec/tick 68.0    sec/kimg 16.59   maintenance 0.3    cpumem 6.68   gpumem 18.03  augment 0.132
tick 389   kimg 1593.5   time 8h 23m 32s   sec/tick 68.0    sec/kimg 16.59   maintenance 0.3    cpumem 6.68   gpumem 17.95  augment 0.132
tick 390   kimg 1597.6   time 8h 24m 40s   sec/tick 67.9    sec/kimg 16.59   maintenance 0.3    cpumem 6.68   gpumem 17.92  augment 0.134
tick 391   kimg 1601.7   time 8h 25m 49s   sec/tick 67.9    sec/kimg 16.58   maintenance 0.3    cpumem 6.68   gpumem 17.98  augment 0.130
tick 392   kimg 1605.8   time 8h 26m 57s   sec/tick 68.0    sec/kimg 16.59   maintenance 0.3    cpumem 6.68   gpumem 17.93  augment 0.132
tick 393   kimg 1609.9   time 8h 28m 05s   sec/tick 67.9    sec/kimg 16.59   maintenance 0.3    cpumem 6.68   gpumem 18.00  augment 0.136
tick 394   kimg 1614.0   time 8h 29m 13s   sec/tick 68.0    sec/kimg 16.59   maintenance 0.3    cpumem 6.68   gpumem 18.04  augment 0.140
tick 395   kimg 1618.0   time 8h 30m 22s   sec/tick 68.0    sec/kimg 16.60   maintenance 0.3    cpumem 6.68   gpumem 18.03  augment 0.142
tick 396   kimg 1622.1   time 8h 31m 30s   sec/tick 68.0    sec/kimg 16.60   maintenance 0.3    cpumem 6.68   gpumem 18.18  augment 0.146
tick 397   kimg 1626.2   time 8h 32m 38s   sec/tick 68.0    sec/kimg 16.60   maintenance 0.3    cpumem 6.68   gpumem 18.07  augment 0.153
tick 398   kimg 1630.3   time 8h 33m 47s   sec/tick 68.0    sec/kimg 16.60   maintenance 0.3    cpumem 6.68   gpumem 17.92  augment 0.157
tick 399   kimg 1634.4   time 8h 34m 55s   sec/tick 68.0    sec/kimg 16.60   maintenance 0.3    cpumem 6.68   gpumem 18.01  augment 0.159
tick 400   kimg 1638.5   time 8h 36m 03s   sec/tick 68.0    sec/kimg 16.61   maintenance 0.3    cpumem 6.68   gpumem 18.01  augment 0.161
Evaluating metrics...
{"results": {"fid50k_full": 56.811425138909236}, "metric": "fid50k_full", "total_time": 158.2365140914917, "total_time_str": "2m 38s", "num_gpus": 2, "snapshot_pkl": "network-snapshot-001638.pkl", "timestamp": 1656980084.2956774}
tick 401   kimg 1642.6   time 8h 40m 04s   sec/tick 67.8    sec/kimg 16.55   maintenance 172.6  cpumem 6.70   gpumem 18.31  augment 0.161
tick 402   kimg 1646.7   time 8h 41m 12s   sec/tick 68.0    sec/kimg 16.61   maintenance 0.3    cpumem 6.70   gpumem 17.98  augment 0.163
tick 403   kimg 1650.8   time 8h 42m 21s   sec/tick 68.1    sec/kimg 16.62   maintenance 0.3    cpumem 6.70   gpumem 18.01  augment 0.163
tick 404   kimg 1654.9   time 8h 43m 29s   sec/tick 68.1    sec/kimg 16.62   maintenance 0.3    cpumem 6.70   gpumem 18.01  augment 0.161
tick 405   kimg 1659.0   time 8h 44m 37s   sec/tick 68.0    sec/kimg 16.61   maintenance 0.3    cpumem 6.70   gpumem 17.92  augment 0.163
tick 406   kimg 1663.1   time 8h 45m 46s   sec/tick 68.0    sec/kimg 16.61   maintenance 0.3    cpumem 6.70   gpumem 18.01  augment 0.163
tick 407   kimg 1667.2   time 8h 46m 54s   sec/tick 68.0    sec/kimg 16.61   maintenance 0.3    cpumem 6.70   gpumem 18.05  augment 0.159
tick 408   kimg 1671.3   time 8h 48m 02s   sec/tick 68.0    sec/kimg 16.61   maintenance 0.3    cpumem 6.70   gpumem 18.03  augment 0.155
tick 409   kimg 1675.4   time 8h 49m 11s   sec/tick 68.0    sec/kimg 16.60   maintenance 0.3    cpumem 6.70   gpumem 18.03  augment 0.155
tick 410   kimg 1679.5   time 8h 50m 19s   sec/tick 68.0    sec/kimg 16.59   maintenance 0.3    cpumem 6.70   gpumem 17.89  augment 0.153
tick 411   kimg 1683.6   time 8h 51m 27s   sec/tick 68.0    sec/kimg 16.59   maintenance 0.3    cpumem 6.70   gpumem 17.89  augment 0.155
tick 412   kimg 1687.7   time 8h 52m 36s   sec/tick 68.0    sec/kimg 16.60   maintenance 0.3    cpumem 6.70   gpumem 17.97  augment 0.151
tick 413   kimg 1691.8   time 8h 53m 44s   sec/tick 68.0    sec/kimg 16.60   maintenance 0.3    cpumem 6.70   gpumem 17.96  augment 0.153
tick 414   kimg 1695.9   time 8h 54m 52s   sec/tick 68.0    sec/kimg 16.61   maintenance 0.3    cpumem 6.72   gpumem 18.04  augment 0.153
tick 415   kimg 1700.0   time 8h 56m 01s   sec/tick 68.0    sec/kimg 16.60   maintenance 0.3    cpumem 6.72   gpumem 18.00  augment 0.155
tick 416   kimg 1704.1   time 8h 57m 09s   sec/tick 68.0    sec/kimg 16.60   maintenance 0.3    cpumem 6.72   gpumem 17.99  augment 0.157
tick 417   kimg 1708.2   time 8h 58m 17s   sec/tick 68.0    sec/kimg 16.60   maintenance 0.3    cpumem 6.72   gpumem 17.99  augment 0.155
tick 418   kimg 1712.3   time 8h 59m 26s   sec/tick 68.0    sec/kimg 16.61   maintenance 0.3    cpumem 6.72   gpumem 17.91  augment 0.153
tick 419   kimg 1716.4   time 9h 00m 34s   sec/tick 68.0    sec/kimg 16.59   maintenance 0.3    cpumem 6.72   gpumem 17.88  augment 0.151
tick 420   kimg 1720.4   time 9h 01m 42s   sec/tick 68.0    sec/kimg 16.60   maintenance 0.3    cpumem 6.72   gpumem 18.00  augment 0.153
Evaluating metrics...
{"results": {"fid50k_full": 57.52236646020933}, "metric": "fid50k_full", "total_time": 158.72712779045105, "total_time_str": "2m 39s", "num_gpus": 2, "snapshot_pkl": "network-snapshot-001720.pkl", "timestamp": 1656981623.7113497}
tick 421   kimg 1724.5   time 9h 05m 43s   sec/tick 67.7    sec/kimg 16.52   maintenance 173.1  cpumem 6.69   gpumem 18.00  augment 0.155
tick 422   kimg 1728.6   time 9h 06m 51s   sec/tick 67.9    sec/kimg 16.57   maintenance 0.3    cpumem 6.69   gpumem 17.95  augment 0.153
tick 423   kimg 1732.7   time 9h 08m 00s   sec/tick 68.0    sec/kimg 16.59   maintenance 0.3    cpumem 6.69   gpumem 18.07  augment 0.151
tick 424   kimg 1736.8   time 9h 09m 08s   sec/tick 68.0    sec/kimg 16.59   maintenance 0.3    cpumem 6.69   gpumem 17.94  augment 0.151
tick 425   kimg 1740.9   time 9h 10m 16s   sec/tick 68.0    sec/kimg 16.59   maintenance 0.3    cpumem 6.69   gpumem 18.05  augment 0.153
tick 426   kimg 1745.0   time 9h 11m 24s   sec/tick 68.0    sec/kimg 16.60   maintenance 0.3    cpumem 6.69   gpumem 17.94  augment 0.151
tick 427   kimg 1749.1   time 9h 12m 33s   sec/tick 68.0    sec/kimg 16.59   maintenance 0.3    cpumem 6.69   gpumem 18.00  augment 0.146
tick 428   kimg 1753.2   time 9h 13m 41s   sec/tick 68.0    sec/kimg 16.59   maintenance 0.3    cpumem 6.69   gpumem 17.99  augment 0.148
tick 429   kimg 1757.3   time 9h 14m 49s   sec/tick 68.0    sec/kimg 16.60   maintenance 0.3    cpumem 6.69   gpumem 18.00  augment 0.148
tick 430   kimg 1761.4   time 9h 15m 58s   sec/tick 68.0    sec/kimg 16.59   maintenance 0.3    cpumem 6.69   gpumem 17.99  augment 0.147
tick 431   kimg 1765.5   time 9h 17m 06s   sec/tick 68.0    sec/kimg 16.60   maintenance 0.3    cpumem 6.69   gpumem 18.02  augment 0.145
tick 432   kimg 1769.6   time 9h 18m 14s   sec/tick 68.0    sec/kimg 16.59   maintenance 0.3    cpumem 6.69   gpumem 17.91  augment 0.143
tick 433   kimg 1773.7   time 9h 19m 23s   sec/tick 68.0    sec/kimg 16.59   maintenance 0.3    cpumem 6.69   gpumem 18.22  augment 0.143
tick 434   kimg 1777.8   time 9h 20m 31s   sec/tick 67.9    sec/kimg 16.58   maintenance 0.3    cpumem 6.69   gpumem 18.11  augment 0.143
tick 435   kimg 1781.9   time 9h 21m 39s   sec/tick 68.0    sec/kimg 16.60   maintenance 0.3    cpumem 6.69   gpumem 18.11  augment 0.141
tick 436   kimg 1786.0   time 9h 22m 47s   sec/tick 67.9    sec/kimg 16.58   maintenance 0.3    cpumem 6.69   gpumem 18.02  augment 0.139
tick 437   kimg 1790.1   time 9h 23m 56s   sec/tick 67.9    sec/kimg 16.59   maintenance 0.3    cpumem 6.69   gpumem 17.96  augment 0.137
tick 438   kimg 1794.2   time 9h 25m 04s   sec/tick 67.9    sec/kimg 16.58   maintenance 0.3    cpumem 6.69   gpumem 18.05  augment 0.135
tick 439   kimg 1798.3   time 9h 26m 12s   sec/tick 68.0    sec/kimg 16.59   maintenance 0.3    cpumem 6.69   gpumem 17.97  augment 0.133
tick 440   kimg 1802.4   time 9h 27m 21s   sec/tick 67.9    sec/kimg 16.58   maintenance 0.3    cpumem 6.69   gpumem 17.96  augment 0.127
Evaluating metrics...
{"results": {"fid50k_full": 56.583122597315224}, "metric": "fid50k_full", "total_time": 161.13199710845947, "total_time_str": "2m 41s", "num_gpus": 2, "snapshot_pkl": "network-snapshot-001802.pkl", "timestamp": 1656983165.0528278}
tick 441   kimg 1806.5   time 9h 31m 24s   sec/tick 67.8    sec/kimg 16.54   maintenance 176.2  cpumem 6.69   gpumem 17.94  augment 0.129
tick 442   kimg 1810.6   time 9h 32m 33s   sec/tick 68.0    sec/kimg 16.59   maintenance 0.3    cpumem 6.69   gpumem 18.08  augment 0.127
tick 443   kimg 1814.7   time 9h 33m 41s   sec/tick 68.0    sec/kimg 16.60   maintenance 0.3    cpumem 6.69   gpumem 17.94  augment 0.129
tick 444   kimg 1818.8   time 9h 34m 50s   sec/tick 68.2    sec/kimg 16.65   maintenance 0.3    cpumem 6.69   gpumem 17.95  augment 0.127
tick 445   kimg 1822.8   time 9h 35m 58s   sec/tick 68.3    sec/kimg 16.67   maintenance 0.3    cpumem 6.69   gpumem 17.93  augment 0.127
tick 446   kimg 1826.9   time 9h 37m 07s   sec/tick 68.4    sec/kimg 16.69   maintenance 0.3    cpumem 6.69   gpumem 18.11  augment 0.125
tick 447   kimg 1831.0   time 9h 38m 16s   sec/tick 68.3    sec/kimg 16.67   maintenance 0.3    cpumem 6.69   gpumem 17.98  augment 0.125
tick 448   kimg 1835.1   time 9h 39m 24s   sec/tick 68.3    sec/kimg 16.68   maintenance 0.3    cpumem 6.69   gpumem 17.98  augment 0.125
tick 449   kimg 1839.2   time 9h 40m 33s   sec/tick 68.3    sec/kimg 16.68   maintenance 0.3    cpumem 6.69   gpumem 18.05  augment 0.123
tick 450   kimg 1843.3   time 9h 41m 42s   sec/tick 68.3    sec/kimg 16.67   maintenance 0.3    cpumem 6.69   gpumem 17.90  augment 0.125
tick 451   kimg 1847.4   time 9h 42m 50s   sec/tick 68.3    sec/kimg 16.67   maintenance 0.3    cpumem 6.69   gpumem 18.12  augment 0.127
tick 452   kimg 1851.5   time 9h 43m 59s   sec/tick 68.3    sec/kimg 16.67   maintenance 0.3    cpumem 6.69   gpumem 18.02  augment 0.131
tick 453   kimg 1855.6   time 9h 45m 07s   sec/tick 68.3    sec/kimg 16.67   maintenance 0.3    cpumem 6.69   gpumem 17.96  augment 0.131
tick 454   kimg 1859.7   time 9h 46m 16s   sec/tick 68.3    sec/kimg 16.67   maintenance 0.3    cpumem 6.69   gpumem 18.05  augment 0.131
tick 455   kimg 1863.8   time 9h 47m 25s   sec/tick 68.3    sec/kimg 16.67   maintenance 0.3    cpumem 6.69   gpumem 17.95  augment 0.131
tick 456   kimg 1867.9   time 9h 48m 33s   sec/tick 68.3    sec/kimg 16.68   maintenance 0.3    cpumem 6.69   gpumem 18.01  augment 0.133
tick 457   kimg 1872.0   time 9h 49m 42s   sec/tick 68.3    sec/kimg 16.68   maintenance 0.3    cpumem 6.69   gpumem 18.00  augment 0.135
tick 458   kimg 1876.1   time 9h 50m 51s   sec/tick 68.3    sec/kimg 16.68   maintenance 0.3    cpumem 6.69   gpumem 18.04  augment 0.137
tick 459   kimg 1880.2   time 9h 51m 59s   sec/tick 68.3    sec/kimg 16.68   maintenance 0.3    cpumem 6.69   gpumem 18.08  augment 0.141
tick 460   kimg 1884.3   time 9h 53m 08s   sec/tick 68.4    sec/kimg 16.69   maintenance 0.3    cpumem 6.69   gpumem 18.16  augment 0.141
Evaluating metrics...
{"results": {"fid50k_full": 56.77733749337159}, "metric": "fid50k_full", "total_time": 163.82469415664673, "total_time_str": "2m 44s", "num_gpus": 2, "snapshot_pkl": "network-snapshot-001884.pkl", "timestamp": 1656984714.1496937}
tick 461   kimg 1888.4   time 9h 57m 14s   sec/tick 68.1    sec/kimg 16.62   maintenance 177.9  cpumem 6.69   gpumem 17.98  augment 0.139
tick 462   kimg 1892.5   time 9h 58m 23s   sec/tick 68.3    sec/kimg 16.69   maintenance 0.3    cpumem 6.69   gpumem 17.96  augment 0.143
tick 463   kimg 1896.6   time 9h 59m 31s   sec/tick 68.4    sec/kimg 16.70   maintenance 0.3    cpumem 6.69   gpumem 18.00  augment 0.143
tick 464   kimg 1900.7   time 10h 00m 40s  sec/tick 68.4    sec/kimg 16.70   maintenance 0.3    cpumem 6.69   gpumem 17.99  augment 0.141
tick 465   kimg 1904.8   time 10h 01m 49s  sec/tick 68.4    sec/kimg 16.69   maintenance 0.3    cpumem 6.69   gpumem 17.86  augment 0.143
tick 466   kimg 1908.9   time 10h 02m 57s  sec/tick 68.3    sec/kimg 16.68   maintenance 0.3    cpumem 6.69   gpumem 17.99  augment 0.143
tick 467   kimg 1913.0   time 10h 04m 06s  sec/tick 68.1    sec/kimg 16.63   maintenance 0.3    cpumem 6.69   gpumem 18.00  augment 0.135
tick 468   kimg 1917.1   time 10h 05m 14s  sec/tick 68.2    sec/kimg 16.65   maintenance 0.3    cpumem 6.69   gpumem 17.96  augment 0.127
tick 469   kimg 1921.2   time 10h 06m 23s  sec/tick 68.3    sec/kimg 16.68   maintenance 0.3    cpumem 6.69   gpumem 18.03  augment 0.127
tick 470   kimg 1925.2   time 10h 07m 32s  sec/tick 68.4    sec/kimg 16.69   maintenance 0.3    cpumem 6.69   gpumem 18.04  augment 0.129
tick 471   kimg 1929.3   time 10h 08m 40s  sec/tick 68.4    sec/kimg 16.69   maintenance 0.3    cpumem 6.69   gpumem 17.98  augment 0.135
tick 472   kimg 1933.4   time 10h 09m 49s  sec/tick 68.3    sec/kimg 16.68   maintenance 0.3    cpumem 6.69   gpumem 17.91  augment 0.139
tick 473   kimg 1937.5   time 10h 10m 58s  sec/tick 68.3    sec/kimg 16.69   maintenance 0.3    cpumem 6.69   gpumem 17.99  augment 0.139
tick 474   kimg 1941.6   time 10h 12m 06s  sec/tick 68.4    sec/kimg 16.69   maintenance 0.3    cpumem 6.69   gpumem 18.17  augment 0.143
tick 475   kimg 1945.7   time 10h 13m 15s  sec/tick 68.4    sec/kimg 16.69   maintenance 0.3    cpumem 6.69   gpumem 17.92  augment 0.145
tick 476   kimg 1949.8   time 10h 14m 24s  sec/tick 68.3    sec/kimg 16.67   maintenance 0.3    cpumem 6.69   gpumem 17.98  augment 0.150
tick 477   kimg 1953.9   time 10h 15m 32s  sec/tick 68.3    sec/kimg 16.67   maintenance 0.3    cpumem 6.69   gpumem 17.95  augment 0.150
tick 478   kimg 1958.0   time 10h 16m 41s  sec/tick 68.3    sec/kimg 16.68   maintenance 0.3    cpumem 6.69   gpumem 17.99  augment 0.156
tick 479   kimg 1962.1   time 10h 17m 50s  sec/tick 68.3    sec/kimg 16.67   maintenance 0.3    cpumem 6.69   gpumem 18.12  augment 0.152
tick 480   kimg 1966.2   time 10h 18m 58s  sec/tick 68.3    sec/kimg 16.67   maintenance 0.3    cpumem 6.69   gpumem 17.91  augment 0.152
Evaluating metrics...
{"results": {"fid50k_full": 56.616471392040346}, "metric": "fid50k_full", "total_time": 160.58477973937988, "total_time_str": "2m 41s", "num_gpus": 2, "snapshot_pkl": "network-snapshot-001966.pkl", "timestamp": 1656986261.456039}
tick 481   kimg 1970.3   time 10h 23m 01s  sec/tick 68.2    sec/kimg 16.65   maintenance 174.9  cpumem 6.69   gpumem 17.92  augment 0.154
tick 482   kimg 1974.4   time 10h 24m 10s  sec/tick 68.4    sec/kimg 16.70   maintenance 0.3    cpumem 6.69   gpumem 18.07  augment 0.154
tick 483   kimg 1978.5   time 10h 25m 19s  sec/tick 68.4    sec/kimg 16.69   maintenance 0.3    cpumem 6.69   gpumem 17.99  augment 0.154
tick 484   kimg 1982.6   time 10h 26m 27s  sec/tick 68.3    sec/kimg 16.68   maintenance 0.3    cpumem 6.69   gpumem 17.98  augment 0.152
tick 485   kimg 1986.7   time 10h 27m 36s  sec/tick 68.3    sec/kimg 16.68   maintenance 0.3    cpumem 6.69   gpumem 17.98  augment 0.150
tick 486   kimg 1990.8   time 10h 28m 45s  sec/tick 68.3    sec/kimg 16.68   maintenance 0.3    cpumem 6.69   gpumem 17.97  augment 0.147
tick 487   kimg 1994.9   time 10h 29m 53s  sec/tick 68.3    sec/kimg 16.67   maintenance 0.3    cpumem 6.69   gpumem 17.94  augment 0.145
tick 488   kimg 1999.0   time 10h 31m 02s  sec/tick 68.3    sec/kimg 16.67   maintenance 0.3    cpumem 6.69   gpumem 18.05  augment 0.141
tick 489   kimg 2003.1   time 10h 32m 11s  sec/tick 68.3    sec/kimg 16.68   maintenance 0.3    cpumem 6.69   gpumem 18.07  augment 0.135
tick 490   kimg 2007.2   time 10h 33m 19s  sec/tick 68.3    sec/kimg 16.67   maintenance 0.3    cpumem 6.69   gpumem 18.01  augment 0.129
tick 491   kimg 2011.3   time 10h 34m 28s  sec/tick 68.3    sec/kimg 16.67   maintenance 0.3    cpumem 6.69   gpumem 18.15  augment 0.127
tick 492   kimg 2015.4   time 10h 35m 37s  sec/tick 68.3    sec/kimg 16.67   maintenance 0.3    cpumem 6.69   gpumem 17.98  augment 0.131
tick 493   kimg 2019.5   time 10h 36m 45s  sec/tick 68.2    sec/kimg 16.66   maintenance 0.3    cpumem 6.69   gpumem 18.02  augment 0.133
tick 494   kimg 2023.6   time 10h 37m 54s  sec/tick 68.3    sec/kimg 16.67   maintenance 0.3    cpumem 6.69   gpumem 18.08  augment 0.135
tick 495   kimg 2027.6   time 10h 39m 02s  sec/tick 68.3    sec/kimg 16.67   maintenance 0.3    cpumem 6.69   gpumem 18.05  augment 0.139
tick 496   kimg 2031.7   time 10h 40m 11s  sec/tick 68.3    sec/kimg 16.68   maintenance 0.3    cpumem 6.70   gpumem 17.89  augment 0.141
tick 497   kimg 2035.8   time 10h 41m 20s  sec/tick 68.3    sec/kimg 16.67   maintenance 0.3    cpumem 6.70   gpumem 17.93  augment 0.139
tick 498   kimg 2039.9   time 10h 42m 28s  sec/tick 68.3    sec/kimg 16.67   maintenance 0.3    cpumem 6.70   gpumem 17.97  augment 0.135
tick 499   kimg 2044.0   time 10h 43m 37s  sec/tick 68.3    sec/kimg 16.68   maintenance 0.3    cpumem 6.70   gpumem 17.96  augment 0.133
tick 500   kimg 2048.1   time 10h 44m 45s  sec/tick 68.3    sec/kimg 16.68   maintenance 0.3    cpumem 6.70   gpumem 18.01  augment 0.135
Evaluating metrics...
{"results": {"fid50k_full": 56.2357784288202}, "metric": "fid50k_full", "total_time": 159.07234358787537, "total_time_str": "2m 39s", "num_gpus": 2, "snapshot_pkl": "network-snapshot-002048.pkl", "timestamp": 1656987807.0243685}
tick 501   kimg 2052.2   time 10h 48m 47s  sec/tick 68.0    sec/kimg 16.61   maintenance 173.2  cpumem 6.72   gpumem 18.06  augment 0.135
tick 502   kimg 2056.3   time 10h 49m 55s  sec/tick 68.2    sec/kimg 16.66   maintenance 0.3    cpumem 6.72   gpumem 17.99  augment 0.133
tick 503   kimg 2060.4   time 10h 51m 04s  sec/tick 68.3    sec/kimg 16.67   maintenance 0.3    cpumem 6.72   gpumem 17.95  augment 0.135
tick 504   kimg 2064.5   time 10h 52m 13s  sec/tick 68.3    sec/kimg 16.67   maintenance 0.3    cpumem 6.72   gpumem 17.94  augment 0.135
