

---------------------------------------
Torch cuda is available
args.subcommand=run, run the command line
date: 20220711
exp_result_dir: /root/autodl-tmp/maggie/result/train/gen-train/stylegan2ada-imagenetmixed10/20220711
Experiment result save dir: /root/autodl-tmp/maggie/result/train/gen-train/stylegan2ada-imagenetmixed10/20220711/00000
initilize the dataset loading parameters
custom_dataset.__dict__.keys() dict_keys(['ds_name', 'data_path', 'num_classes', 'mean', 'std', 'transform_train', 'transform_test', 'custom_class', 'label_mapping', 'custom_class_args'])
==> Preparing dataset custom_imagenet..
Loading *imagenetmixed10* train dataloader finished !
==> Preparing dataset custom_imagenet..
Loading *imagenetmixed10* test dataloader finished !
running stylegan2ada train main()...............
args.resume_pkl: /root/autodl-tmp/maggie/result/train/gen-train/stylegan2ada-imagenetmixed10/20220709/00001/imagenetmixed10-auto4-batch256-ada-bgc-noresume/network-snapshot-021545.pkl

Training options:
{
  "num_gpus": 4,
  "image_snapshot_ticks": 20,
  "network_snapshot_ticks": 20,
  "metrics": [
    "fid50k_full"
  ],
  "random_seed": 0,
  "training_set_kwargs": {
    "class_name": "utils.stylegan2ada.training.dataset.ImageFolderDataset",
    "path": "/root/autodl-tmp/maggie/data/imagenetmixed10/imagenetmixed104stylegan2ada/datasets/imagenetmixed10.zip",
    "use_labels": false,
    "max_size": 77237,
    "xflip": false,
    "resolution": 256
  },
  "data_loader_kwargs": {
    "pin_memory": true,
    "num_workers": 32,
    "prefetch_factor": 2
  },
  "G_kwargs": {
    "class_name": "utils.stylegan2ada.training.networks.Generator",
    "z_dim": 512,
    "w_dim": 512,
    "mapping_kwargs": {
      "num_layers": 2
    },
    "synthesis_kwargs": {
      "channel_base": 16384,
      "channel_max": 512,
      "num_fp16_res": 4,
      "conv_clamp": 256
    }
  },
  "D_kwargs": {
    "class_name": "utils.stylegan2ada.training.networks.Discriminator",
    "block_kwargs": {},
    "mapping_kwargs": {},
    "epilogue_kwargs": {
      "mbstd_group_size": 4
    },
    "channel_base": 16384,
    "channel_max": 512,
    "num_fp16_res": 4,
    "conv_clamp": 256
  },
  "G_opt_kwargs": {
    "class_name": "torch.optim.Adam",
    "lr": 0.0025,
    "betas": [
      0,
      0.99
    ],
    "eps": 1e-08
  },
  "D_opt_kwargs": {
    "class_name": "torch.optim.Adam",
    "lr": 0.0025,
    "betas": [
      0,
      0.99
    ],
    "eps": 1e-08
  },
  "loss_kwargs": {
    "class_name": "utils.stylegan2ada.training.loss.StyleGAN2Loss",
    "r1_gamma": 0.2048
  },
  "total_kimg": 25000,
  "batch_size": 256,
  "batch_gpu": 64,
  "ema_kimg": 20.0,
  "ema_rampup": 0.05,
  "ada_target": 0.6,
  "augment_kwargs": {
    "class_name": "utils.stylegan2ada.training.augment.AugmentPipe",
    "xflip": 1,
    "rotate90": 1,
    "xint": 1,
    "scale": 1,
    "rotate": 1,
    "aniso": 1,
    "xfrac": 1,
    "brightness": 1,
    "contrast": 1,
    "lumaflip": 1,
    "hue": 1,
    "saturation": 1
  },
  "resume_pkl": "/root/autodl-tmp/maggie/result/train/gen-train/stylegan2ada-imagenetmixed10/20220709/00001/imagenetmixed10-auto4-batch256-ada-bgc-noresume/network-snapshot-021545.pkl",
  "run_dir": "/root/autodl-tmp/maggie/result/train/gen-train/stylegan2ada-imagenetmixed10/20220711/00000/imagenetmixed10-auto4-batch256-ada-bgc-noresume"
}

Output directory:   /root/autodl-tmp/maggie/result/train/gen-train/stylegan2ada-imagenetmixed10/20220711/00000/imagenetmixed10-auto4-batch256-ada-bgc-noresume
Training data:      /root/autodl-tmp/maggie/data/imagenetmixed10/imagenetmixed104stylegan2ada/datasets/imagenetmixed10.zip
Training duration:  25000 kimg
Number of GPUs:     4
Number of images:   77237
Image resolution:   256
Conditional model:  False
Dataset x-flips:    False

Creating output directory...
Launching processes...
Loading training set...
Exception ignored in: <function _MultiProcessingDataLoaderIter.__del__ at 0x7f7be0fab1f0>
Traceback (most recent call last):
  File "/root/miniconda3/envs/mmat/lib/python3.8/site-packages/torch/utils/data/dataloader.py", line 1324, in __del__
Traceback (most recent call last):
  File "tasklauncher-20220704.py", line 41, in <module>
    generate_model = MixGenerate(args, exp_result_dir, stylegan2ada_config_kwargs)
  File "/root/autodl-nas/maggie/mmat/genmodels/mixgenerate.py", line 87, in __init__
    self._shutdown_workers()
  File "/root/miniconda3/envs/mmat/lib/python3.8/site-packages/torch/utils/data/dataloader.py", line 1291, in _shutdown_workers
    if self._persistent_workers or self._workers_status[worker_id]:
AttributeError: '_MultiProcessingDataLoaderIter' object has no attribute '_workers_status'
    self._args.gen_network_pkl = self.__getpkl__()                                                                      #   训练好的模型路径赋值给 
  File "/root/autodl-nas/maggie/mmat/genmodels/mixgenerate.py", line 95, in __getpkl__
Exception ignored in: <function _MultiProcessingDataLoaderIter.__del__ at 0x7f5d5a8a61f0>
Traceback (most recent call last):
  File "/root/miniconda3/envs/mmat/lib/python3.8/site-packages/torch/utils/data/dataloader.py", line 1324, in __del__
    gen_network_pkl = self.__getgenpkl__()
  File "/root/autodl-nas/maggie/mmat/genmodels/mixgenerate.py", line 103, in __getgenpkl__
Exception ignored in: <function _MultiProcessingDataLoaderIter.__del__ at 0x7ff5f5c891f0>
Traceback (most recent call last):
  File "/root/miniconda3/envs/mmat/lib/python3.8/site-packages/torch/utils/data/dataloader.py", line 1324, in __del__
Exception ignored in: <function _MultiProcessingDataLoaderIter.__del__ at 0x7f95b5be91f0>
Traceback (most recent call last):
  File "/root/miniconda3/envs/mmat/lib/python3.8/site-packages/torch/utils/data/dataloader.py", line 1324, in __del__
    self._shutdown_workers()
  File "/root/miniconda3/envs/mmat/lib/python3.8/site-packages/torch/utils/data/dataloader.py", line 1291, in _shutdown_workers
    self._model.train(self._exp_result_dir, self._stylegan2ada_config_kwargs)
  File "/root/autodl-nas/maggie/mmat/genmodels/stylegan2ada.py", line 58, in train
    self.__train__()
  File "/root/autodl-nas/maggie/mmat/genmodels/stylegan2ada.py", line 61, in __train__
    self._shutdown_workers()    
snapshot_network_pkls = self.__trainmain__(self._args, self._exp_result_dir, **self._stylegan2ada_config_kwargs)
  File "/root/miniconda3/envs/mmat/lib/python3.8/site-packages/torch/utils/data/dataloader.py", line 1291, in _shutdown_workers
  File "/root/autodl-nas/maggie/mmat/genmodels/stylegan2ada.py", line 135, in __trainmain__
    if self._persistent_workers or self._workers_status[worker_id]:
    AttributeErrorself._shutdown_workers(): 
'_MultiProcessingDataLoaderIter' object has no attribute '_workers_status'
  File "/root/miniconda3/envs/mmat/lib/python3.8/site-packages/torch/utils/data/dataloader.py", line 1291, in _shutdown_workers
    snapshot_network_pkls = torch.multiprocessing.spawn(fn=self.__subprocess_fn__, args=(args, temp_dir), nprocs=args.num_gpus)
  File "/root/miniconda3/envs/mmat/lib/python3.8/site-packages/torch/multiprocessing/spawn.py", line 230, in spawn
    return start_processes(fn, args, nprocs, join, daemon, start_method='spawn')
  File "/root/miniconda3/envs/mmat/lib/python3.8/site-packages/torch/multiprocessing/spawn.py", line 188, in start_processes
    while not context.join():
  File "/root/miniconda3/envs/mmat/lib/python3.8/site-packages/torch/multiprocessing/spawn.py", line 99, in join
    ready = multiprocessing.connection.wait(
  File "/root/miniconda3/envs/mmat/lib/python3.8/multiprocessing/connection.py", line 931, in wait
    if self._persistent_workers or self._workers_status[worker_id]:
AttributeError: '_MultiProcessingDataLoaderIter' object has no attribute '_workers_status'
    if self._persistent_workers or self._workers_status[worker_id]:
AttributeError: '_MultiProcessingDataLoaderIter' object has no attribute '_workers_status'
    ready = selector.select(timeout)
  File "/root/miniconda3/envs/mmat/lib/python3.8/selectors.py", line 415, in select
    fd_event_list = self._selector.poll(timeout)
KeyboardInterrupt
Traceback (most recent call last):
  File "<string>", line 1, in <module>
  File "/root/miniconda3/envs/mmat/lib/python3.8/multiprocessing/spawn.py", line 116, in spawn_main
    exitcode = _main(fd, parent_sentinel)
  File "/root/miniconda3/envs/mmat/lib/python3.8/multiprocessing/spawn.py", line 125, in _main
    prepare(preparation_data)
  File "/root/miniconda3/envs/mmat/lib/python3.8/multiprocessing/spawn.py", line 236, in prepare
    _fixup_main_from_path(data['init_main_from_path'])
  File "/root/miniconda3/envs/mmat/lib/python3.8/multiprocessing/spawn.py", line 287, in _fixup_main_from_path
    main_content = runpy.run_path(main_path,
  File "/root/miniconda3/envs/mmat/lib/python3.8/runpy.py", line 265, in run_path
    return _run_module_code(code, init_globals, run_name,
  File "/root/miniconda3/envs/mmat/lib/python3.8/runpy.py", line 97, in _run_module_code
    _run_code(code, mod_globals, init_globals,
  File "/root/miniconda3/envs/mmat/lib/python3.8/runpy.py", line 87, in _run_code
    exec(code, run_globals)
  File "/root/autodl-nas/maggie/mmat/tasklauncher-20220704.py", line 6, in <module>
    from clamodels.classifier import MaggieClassifier
  File "/root/autodl-nas/maggie/mmat/clamodels/classifier.py", line 17, in <module>
    from art.estimators.classification import PyTorchClassifier
  File "/root/miniconda3/envs/mmat/lib/python3.8/site-packages/art/__init__.py", line 7, in <module>
    from art import attacks
  File "/root/miniconda3/envs/mmat/lib/python3.8/site-packages/art/attacks/__init__.py", line 8, in <module>
    from art.attacks import evasion
  File "/root/miniconda3/envs/mmat/lib/python3.8/site-packages/art/attacks/evasion/__init__.py", line 4, in <module>
    from art.attacks.evasion.adversarial_patch.adversarial_patch import AdversarialPatch
  File "/root/miniconda3/envs/mmat/lib/python3.8/site-packages/art/attacks/evasion/adversarial_patch/adversarial_patch.py", line 31, in <module>
    from art.attacks.evasion.adversarial_patch.adversarial_patch_numpy import AdversarialPatchNumpy
  File "/root/miniconda3/envs/mmat/lib/python3.8/site-packages/art/attacks/evasion/adversarial_patch/adversarial_patch_numpy.py", line 37, in <module>
    from art.estimators.estimator import BaseEstimator, NeuralNetworkMixin
  File "/root/miniconda3/envs/mmat/lib/python3.8/site-packages/art/estimators/__init__.py", line 17, in <module>
    from art.estimators import certification
  File "/root/miniconda3/envs/mmat/lib/python3.8/site-packages/art/estimators/certification/__init__.py", line 6, in <module>
    from art.estimators.certification import derandomized_smoothing
  File "/root/miniconda3/envs/mmat/lib/python3.8/site-packages/art/estimators/certification/derandomized_smoothing/__init__.py", line 6, in <module>
    from art.estimators.certification.derandomized_smoothing.tensorflow import TensorFlowV2DeRandomizedSmoothing
  File "/root/miniconda3/envs/mmat/lib/python3.8/site-packages/art/estimators/certification/derandomized_smoothing/tensorflow.py", line 29, in <module>
    import tensorflow as tf
  File "/root/miniconda3/envs/mmat/lib/python3.8/site-packages/tensorflow/__init__.py", line 243, in <module>
    from tensorflow.python.ops.gen_data_flow_ops import dynamic_partition
KeyboardInterrupt
Traceback (most recent call last):
  File "<string>", line 1, in <module>
  File "/root/miniconda3/envs/mmat/lib/python3.8/multiprocessing/spawn.py", line 116, in spawn_main
    exitcode = _main(fd, parent_sentinel)
  File "/root/miniconda3/envs/mmat/lib/python3.8/multiprocessing/spawn.py", line 125, in _main
    prepare(preparation_data)
  File "/root/miniconda3/envs/mmat/lib/python3.8/multiprocessing/spawn.py", line 236, in prepare
    _fixup_main_from_path(data['init_main_from_path'])
  File "/root/miniconda3/envs/mmat/lib/python3.8/multiprocessing/spawn.py", line 287, in _fixup_main_from_path
    main_content = runpy.run_path(main_path,
  File "/root/miniconda3/envs/mmat/lib/python3.8/runpy.py", line 265, in run_path
    return _run_module_code(code, init_globals, run_name,
  File "/root/miniconda3/envs/mmat/lib/python3.8/runpy.py", line 97, in _run_module_code
    _run_code(code, mod_globals, init_globals,
  File "/root/miniconda3/envs/mmat/lib/python3.8/runpy.py", line 87, in _run_code
    exec(code, run_globals)
  File "/root/autodl-nas/maggie/mmat/tasklauncher-20220704.py", line 6, in <module>
    from clamodels.classifier import MaggieClassifier
  File "/root/autodl-nas/maggie/mmat/clamodels/classifier.py", line 17, in <module>
    from art.estimators.classification import PyTorchClassifier
  File "/root/miniconda3/envs/mmat/lib/python3.8/site-packages/art/__init__.py", line 7, in <module>
    from art import attacks
  File "/root/miniconda3/envs/mmat/lib/python3.8/site-packages/art/attacks/__init__.py", line 8, in <module>
    from art.attacks import evasion
  File "/root/miniconda3/envs/mmat/lib/python3.8/site-packages/art/attacks/evasion/__init__.py", line 4, in <module>
    from art.attacks.evasion.adversarial_patch.adversarial_patch import AdversarialPatch
  File "/root/miniconda3/envs/mmat/lib/python3.8/site-packages/art/attacks/evasion/adversarial_patch/adversarial_patch.py", line 31, in <module>
    from art.attacks.evasion.adversarial_patch.adversarial_patch_numpy import AdversarialPatchNumpy
  File "/root/miniconda3/envs/mmat/lib/python3.8/site-packages/art/attacks/evasion/adversarial_patch/adversarial_patch_numpy.py", line 37, in <module>
    from art.estimators.estimator import BaseEstimator, NeuralNetworkMixin
  File "/root/miniconda3/envs/mmat/lib/python3.8/site-packages/art/estimators/__init__.py", line 17, in <module>
    from art.estimators import certification
  File "/root/miniconda3/envs/mmat/lib/python3.8/site-packages/art/estimators/certification/__init__.py", line 6, in <module>
    from art.estimators.certification import derandomized_smoothing
  File "/root/miniconda3/envs/mmat/lib/python3.8/site-packages/art/estimators/certification/derandomized_smoothing/__init__.py", line 6, in <module>
    from art.estimators.certification.derandomized_smoothing.tensorflow import TensorFlowV2DeRandomizedSmoothing
  File "/root/miniconda3/envs/mmat/lib/python3.8/site-packages/art/estimators/certification/derandomized_smoothing/tensorflow.py", line 29, in <module>
    import tensorflow as tf
  File "/root/miniconda3/envs/mmat/lib/python3.8/site-packages/tensorflow/__init__.py", line 49, in <module>
    from ._api.v2 import __internal__
  File "/root/miniconda3/envs/mmat/lib/python3.8/site-packages/tensorflow/_api/v2/__internal__/__init__.py", line 11, in <module>
    from . import distribute
  File "/root/miniconda3/envs/mmat/lib/python3.8/site-packages/tensorflow/_api/v2/__internal__/distribute/__init__.py", line 10, in <module>
    from . import combinations
  File "/root/miniconda3/envs/mmat/lib/python3.8/site-packages/tensorflow/_api/v2/__internal__/distribute/combinations/__init__.py", line 10, in <module>
    from tensorflow.python.distribute.combinations import generate
  File "/root/miniconda3/envs/mmat/lib/python3.8/site-packages/tensorflow/python/distribute/combinations.py", line 37, in <module>
    from tensorflow.python.distribute import multi_process_runner
  File "/root/miniconda3/envs/mmat/lib/python3.8/site-packages/tensorflow/python/distribute/multi_process_runner.py", line 55, in <module>
    import dill
  File "/root/miniconda3/envs/mmat/lib/python3.8/site-packages/dill/__init__.py", line 291, in <module>
    from . import source, temp, detect
  File "/root/miniconda3/envs/mmat/lib/python3.8/site-packages/dill/detect.py", line 14, in <module>
    from .pointers import parent, reference, at, parents, children
  File "<frozen importlib._bootstrap>", line 991, in _find_and_load
  File "<frozen importlib._bootstrap>", line 975, in _find_and_load_unlocked
  File "<frozen importlib._bootstrap>", line 657, in _load_unlocked
  File "<frozen importlib._bootstrap>", line 562, in module_from_spec
  File "<frozen importlib._bootstrap>", line 541, in _init_module_attrs
  File "<frozen importlib._bootstrap>", line 382, in cached
  File "<frozen importlib._bootstrap_external>", line 487, in _get_cached
  File "<frozen importlib._bootstrap_external>", line 380, in cache_from_source
  File "<frozen importlib._bootstrap_external>", line 132, in _path_split
KeyboardInterrupt
Traceback (most recent call last):
  File "<string>", line 1, in <module>
  File "/root/miniconda3/envs/mmat/lib/python3.8/multiprocessing/spawn.py", line 116, in spawn_main
    exitcode = _main(fd, parent_sentinel)
  File "/root/miniconda3/envs/mmat/lib/python3.8/multiprocessing/spawn.py", line 125, in _main
    prepare(preparation_data)
  File "/root/miniconda3/envs/mmat/lib/python3.8/multiprocessing/spawn.py", line 236, in prepare
    _fixup_main_from_path(data['init_main_from_path'])
  File "/root/miniconda3/envs/mmat/lib/python3.8/multiprocessing/spawn.py", line 287, in _fixup_main_from_path
    main_content = runpy.run_path(main_path,
  File "/root/miniconda3/envs/mmat/lib/python3.8/runpy.py", line 265, in run_path
    return _run_module_code(code, init_globals, run_name,
  File "/root/miniconda3/envs/mmat/lib/python3.8/runpy.py", line 97, in _run_module_code
    _run_code(code, mod_globals, init_globals,
  File "/root/miniconda3/envs/mmat/lib/python3.8/runpy.py", line 87, in _run_code
    exec(code, run_globals)
  File "/root/autodl-nas/maggie/mmat/tasklauncher-20220704.py", line 6, in <module>
    from clamodels.classifier import MaggieClassifier
  File "/root/autodl-nas/maggie/mmat/clamodels/classifier.py", line 15, in <module>
    from utils.saveplt import SaveAccuracyCurve
  File "/root/autodl-nas/maggie/mmat/utils/saveplt.py", line 8, in <module>
    import matplotlib.pyplot as plt
  File "/root/miniconda3/envs/mmat/lib/python3.8/site-packages/matplotlib/pyplot.py", line 39, in <module>
    from matplotlib import rcsetup, style
  File "/root/miniconda3/envs/mmat/lib/python3.8/site-packages/matplotlib/style/__init__.py", line 1, in <module>
    from .core import use, context, available, library, reload_library
  File "/root/miniconda3/envs/mmat/lib/python3.8/site-packages/matplotlib/style/core.py", line 207, in <module>
    _base_library = load_base_library()
  File "/root/miniconda3/envs/mmat/lib/python3.8/site-packages/matplotlib/style/core.py", line 160, in load_base_library
    library = read_style_directory(BASE_LIBRARY_PATH)
  File "/root/miniconda3/envs/mmat/lib/python3.8/site-packages/matplotlib/style/core.py", line 184, in read_style_directory
    styles[path.stem] = rc_params_from_file(
  File "/root/miniconda3/envs/mmat/lib/python3.8/site-packages/matplotlib/__init__.py", line 798, in rc_params_from_file
    config_from_file = _rc_params_in_file(fname, fail_on_error=fail_on_error)
  File "/root/miniconda3/envs/mmat/lib/python3.8/site-packages/matplotlib/__init__.py", line 730, in _rc_params_in_file
    line = transform(line)
  File "/root/miniconda3/envs/mmat/lib/python3.8/site-packages/matplotlib/__init__.py", line 709, in <lambda>
    def _rc_params_in_file(fname, transform=lambda x: x, fail_on_error=False):
KeyboardInterrupt
Traceback (most recent call last):
  File "<string>", line 1, in <module>
  File "/root/miniconda3/envs/mmat/lib/python3.8/multiprocessing/spawn.py", line 116, in spawn_main
    exitcode = _main(fd, parent_sentinel)
  File "/root/miniconda3/envs/mmat/lib/python3.8/multiprocessing/spawn.py", line 125, in _main
    prepare(preparation_data)
  File "/root/miniconda3/envs/mmat/lib/python3.8/multiprocessing/spawn.py", line 236, in prepare
    _fixup_main_from_path(data['init_main_from_path'])
  File "/root/miniconda3/envs/mmat/lib/python3.8/multiprocessing/spawn.py", line 287, in _fixup_main_from_path
    main_content = runpy.run_path(main_path,
  File "/root/miniconda3/envs/mmat/lib/python3.8/runpy.py", line 265, in run_path
    return _run_module_code(code, init_globals, run_name,
  File "/root/miniconda3/envs/mmat/lib/python3.8/runpy.py", line 97, in _run_module_code
    _run_code(code, mod_globals, init_globals,
  File "/root/miniconda3/envs/mmat/lib/python3.8/runpy.py", line 87, in _run_code
    exec(code, run_globals)
  File "/root/autodl-nas/maggie/mmat/tasklauncher-20220704.py", line 6, in <module>
    from clamodels.classifier import MaggieClassifier
  File "/root/autodl-nas/maggie/mmat/clamodels/classifier.py", line 17, in <module>
    from art.estimators.classification import PyTorchClassifier
  File "/root/miniconda3/envs/mmat/lib/python3.8/site-packages/art/__init__.py", line 7, in <module>
    from art import attacks
  File "/root/miniconda3/envs/mmat/lib/python3.8/site-packages/art/attacks/__init__.py", line 8, in <module>
    from art.attacks import evasion
  File "/root/miniconda3/envs/mmat/lib/python3.8/site-packages/art/attacks/evasion/__init__.py", line 4, in <module>
    from art.attacks.evasion.adversarial_patch.adversarial_patch import AdversarialPatch
  File "/root/miniconda3/envs/mmat/lib/python3.8/site-packages/art/attacks/evasion/adversarial_patch/adversarial_patch.py", line 31, in <module>
    from art.attacks.evasion.adversarial_patch.adversarial_patch_numpy import AdversarialPatchNumpy
  File "/root/miniconda3/envs/mmat/lib/python3.8/site-packages/art/attacks/evasion/adversarial_patch/adversarial_patch_numpy.py", line 37, in <module>
    from art.estimators.estimator import BaseEstimator, NeuralNetworkMixin
  File "/root/miniconda3/envs/mmat/lib/python3.8/site-packages/art/estimators/__init__.py", line 17, in <module>
    from art.estimators import certification
  File "/root/miniconda3/envs/mmat/lib/python3.8/site-packages/art/estimators/certification/__init__.py", line 6, in <module>
    from art.estimators.certification import derandomized_smoothing
  File "/root/miniconda3/envs/mmat/lib/python3.8/site-packages/art/estimators/certification/derandomized_smoothing/__init__.py", line 6, in <module>
    from art.estimators.certification.derandomized_smoothing.tensorflow import TensorFlowV2DeRandomizedSmoothing
  File "/root/miniconda3/envs/mmat/lib/python3.8/site-packages/art/estimators/certification/derandomized_smoothing/tensorflow.py", line 29, in <module>
    import tensorflow as tf
  File "/root/miniconda3/envs/mmat/lib/python3.8/site-packages/tensorflow/__init__.py", line 41, in <module>
    from tensorflow.python.tools import module_util as _module_util
  File "/root/miniconda3/envs/mmat/lib/python3.8/site-packages/tensorflow/python/__init__.py", line 39, in <module>
    from tensorflow.python import pywrap_tensorflow as _pywrap_tensorflow
  File "/root/miniconda3/envs/mmat/lib/python3.8/site-packages/tensorflow/python/pywrap_tensorflow.py", line 64, in <module>
    from tensorflow.python._pywrap_tensorflow_internal import *
KeyboardInterrupt
Error in atexit._run_exitfuncs:
Traceback (most recent call last):
  File "/root/miniconda3/envs/mmat/lib/python3.8/multiprocessing/popen_fork.py", line 27, in poll
Process SpawnProcess-1:
Process SpawnProcess-3:
Process SpawnProcess-2:
Process SpawnProcess-4:
    pid, sts = os.waitpid(self.pid, flag)
KeyboardInterrupt
Traceback (most recent call last):
  File "/root/miniconda3/envs/mmat/lib/python3.8/multiprocessing/process.py", line 318, in _bootstrap
    util._exit_function()
  File "/root/miniconda3/envs/mmat/lib/python3.8/multiprocessing/util.py", line 357, in _exit_function
    p.join()
  File "/root/miniconda3/envs/mmat/lib/python3.8/multiprocessing/process.py", line 149, in join
    res = self._popen.wait(timeout)
  File "/root/miniconda3/envs/mmat/lib/python3.8/multiprocessing/popen_fork.py", line 47, in wait
    return self.poll(os.WNOHANG if timeout == 0.0 else 0)
  File "/root/miniconda3/envs/mmat/lib/python3.8/multiprocessing/popen_fork.py", line 27, in poll
    pid, sts = os.waitpid(self.pid, flag)
KeyboardInterrupt
Traceback (most recent call last):
  File "/root/miniconda3/envs/mmat/lib/python3.8/multiprocessing/process.py", line 318, in _bootstrap
    util._exit_function()
  File "/root/miniconda3/envs/mmat/lib/python3.8/multiprocessing/util.py", line 357, in _exit_function
    p.join()
  File "/root/miniconda3/envs/mmat/lib/python3.8/multiprocessing/process.py", line 149, in join
    res = self._popen.wait(timeout)
  File "/root/miniconda3/envs/mmat/lib/python3.8/multiprocessing/popen_fork.py", line 47, in wait
    return self.poll(os.WNOHANG if timeout == 0.0 else 0)
  File "/root/miniconda3/envs/mmat/lib/python3.8/multiprocessing/popen_fork.py", line 27, in poll
    pid, sts = os.waitpid(self.pid, flag)
Traceback (most recent call last):
KeyboardInterrupt
  File "/root/miniconda3/envs/mmat/lib/python3.8/multiprocessing/process.py", line 318, in _bootstrap
    util._exit_function()
  File "/root/miniconda3/envs/mmat/lib/python3.8/multiprocessing/util.py", line 357, in _exit_function
    p.join()
  File "/root/miniconda3/envs/mmat/lib/python3.8/multiprocessing/process.py", line 149, in join
    res = self._popen.wait(timeout)
  File "/root/miniconda3/envs/mmat/lib/python3.8/multiprocessing/popen_fork.py", line 47, in wait
    return self.poll(os.WNOHANG if timeout == 0.0 else 0)
  File "/root/miniconda3/envs/mmat/lib/python3.8/multiprocessing/popen_fork.py", line 27, in poll
    pid, sts = os.waitpid(self.pid, flag)
KeyboardInterrupt
Traceback (most recent call last):
  File "/root/miniconda3/envs/mmat/lib/python3.8/multiprocessing/process.py", line 318, in _bootstrap
    util._exit_function()
  File "/root/miniconda3/envs/mmat/lib/python3.8/multiprocessing/util.py", line 357, in _exit_function
    p.join()
  File "/root/miniconda3/envs/mmat/lib/python3.8/multiprocessing/process.py", line 149, in join
    res = self._popen.wait(timeout)
  File "/root/miniconda3/envs/mmat/lib/python3.8/multiprocessing/popen_fork.py", line 47, in wait
    return self.poll(os.WNOHANG if timeout == 0.0 else 0)
  File "/root/miniconda3/envs/mmat/lib/python3.8/multiprocessing/popen_fork.py", line 27, in poll
    pid, sts = os.waitpid(self.pid, flag)
KeyboardInterrupt


---------------------------------------
Torch cuda is available
args.subcommand=run, run the command line
date: 20220711
exp_result_dir: /root/autodl-tmp/maggie/result/train/gen-train/stylegan2ada-imagenetmixed10/20220711
Experiment result save dir: /root/autodl-tmp/maggie/result/train/gen-train/stylegan2ada-imagenetmixed10/20220711/00001
initilize the dataset loading parameters
custom_dataset.__dict__.keys() dict_keys(['ds_name', 'data_path', 'num_classes', 'mean', 'std', 'transform_train', 'transform_test', 'custom_class', 'label_mapping', 'custom_class_args'])
==> Preparing dataset custom_imagenet..
Loading *imagenetmixed10* train dataloader finished !
==> Preparing dataset custom_imagenet..
Loading *imagenetmixed10* test dataloader finished !
running stylegan2ada train main()...............
args.resume_pkl: /root/autodl-tmp/maggie/result/train/gen-train/stylegan2ada-imagenetmixed10/20220709/00001/imagenetmixed10-auto4-batch256-ada-bgc-noresume/network-snapshot-021545.pkl

Training options:
{
  "num_gpus": 4,
  "image_snapshot_ticks": 20,
  "network_snapshot_ticks": 20,
  "metrics": [
    "fid50k_full"
  ],
  "random_seed": 0,
  "training_set_kwargs": {
    "class_name": "utils.stylegan2ada.training.dataset.ImageFolderDataset",
    "path": "/root/autodl-tmp/maggie/data/imagenetmixed10/imagenetmixed104stylegan2ada/datasets/imagenetmixed10.zip",
    "use_labels": false,
    "max_size": 77237,
    "xflip": false,
    "resolution": 256
  },
  "data_loader_kwargs": {
    "pin_memory": true,
    "num_workers": 32,
    "prefetch_factor": 2
  },
  "G_kwargs": {
    "class_name": "utils.stylegan2ada.training.networks.Generator",
    "z_dim": 512,
    "w_dim": 512,
    "mapping_kwargs": {
      "num_layers": 2
    },
    "synthesis_kwargs": {
      "channel_base": 16384,
      "channel_max": 512,
      "num_fp16_res": 4,
      "conv_clamp": 256
    }
  },
  "D_kwargs": {
    "class_name": "utils.stylegan2ada.training.networks.Discriminator",
    "block_kwargs": {},
    "mapping_kwargs": {},
    "epilogue_kwargs": {
      "mbstd_group_size": 4
    },
    "channel_base": 16384,
    "channel_max": 512,
    "num_fp16_res": 4,
    "conv_clamp": 256
  },
  "G_opt_kwargs": {
    "class_name": "torch.optim.Adam",
    "lr": 0.0025,
    "betas": [
      0,
      0.99
    ],
    "eps": 1e-08
  },
  "D_opt_kwargs": {
    "class_name": "torch.optim.Adam",
    "lr": 0.0025,
    "betas": [
      0,
      0.99
    ],
    "eps": 1e-08
  },
  "loss_kwargs": {
    "class_name": "utils.stylegan2ada.training.loss.StyleGAN2Loss",
    "r1_gamma": 0.2048
  },
  "total_kimg": 25000,
  "batch_size": 256,
  "batch_gpu": 64,
  "ema_kimg": 20.0,
  "ema_rampup": 0.05,
  "ada_target": 0.6,
  "augment_kwargs": {
    "class_name": "utils.stylegan2ada.training.augment.AugmentPipe",
    "xflip": 1,
    "rotate90": 1,
    "xint": 1,
    "scale": 1,
    "rotate": 1,
    "aniso": 1,
    "xfrac": 1,
    "brightness": 1,
    "contrast": 1,
    "lumaflip": 1,
    "hue": 1,
    "saturation": 1
  },
  "resume_pkl": "/root/autodl-tmp/maggie/result/train/gen-train/stylegan2ada-imagenetmixed10/20220709/00001/imagenetmixed10-auto4-batch256-ada-bgc-noresume/network-snapshot-021545.pkl",
  "run_dir": "/root/autodl-tmp/maggie/result/train/gen-train/stylegan2ada-imagenetmixed10/20220711/00001/imagenetmixed10-auto4-batch256-ada-bgc-noresume"
}

Output directory:   /root/autodl-tmp/maggie/result/train/gen-train/stylegan2ada-imagenetmixed10/20220711/00001/imagenetmixed10-auto4-batch256-ada-bgc-noresume
Training data:      /root/autodl-tmp/maggie/data/imagenetmixed10/imagenetmixed104stylegan2ada/datasets/imagenetmixed10.zip
Training duration:  25000 kimg
Number of GPUs:     4
Number of images:   77237
Image resolution:   256
Conditional model:  False
Dataset x-flips:    False

Creating output directory...
Launching processes...
Loading training set...
resume_pkl: /root/autodl-tmp/maggie/result/train/gen-train/stylegan2ada-imagenetmixed10/20220709/00001/imagenetmixed10-auto4-batch256-ada-bgc-noresume/network-snapshot-021545.pkl
rank: 2

Num images:  77237
Image shape: [3, 256, 256]
Label shape: [0]

Constructing networks...
resume_pkl: /root/autodl-tmp/maggie/result/train/gen-train/stylegan2ada-imagenetmixed10/20220709/00001/imagenetmixed10-auto4-batch256-ada-bgc-noresume/network-snapshot-021545.pkl
rank: 3
resume_pkl: /root/autodl-tmp/maggie/result/train/gen-train/stylegan2ada-imagenetmixed10/20220709/00001/imagenetmixed10-auto4-batch256-ada-bgc-noresume/network-snapshot-021545.pkl
rank: 1
resume_pkl: /root/autodl-tmp/maggie/result/train/gen-train/stylegan2ada-imagenetmixed10/20220709/00001/imagenetmixed10-auto4-batch256-ada-bgc-noresume/network-snapshot-021545.pkl
rank: 0
Resuming from "/root/autodl-tmp/maggie/result/train/gen-train/stylegan2ada-imagenetmixed10/20220709/00001/imagenetmixed10-auto4-batch256-ada-bgc-noresume/network-snapshot-021545.pkl"
Setting up PyTorch plugin "bias_act_plugin"... Done.
Setting up PyTorch plugin "upfirdn2d_plugin"... Done.

Generator             Parameters  Buffers  Output shape         Datatype
---                   ---         ---      ---                  ---     
mapping.fc0           262656      -        [64, 512]            float32 
mapping.fc1           262656      -        [64, 512]            float32 
mapping               -           512      [64, 14, 512]        float32 
synthesis.b4.conv1    2622465     32       [64, 512, 4, 4]      float32 
synthesis.b4.torgb    264195      -        [64, 3, 4, 4]        float32 
synthesis.b4:0        8192        16       [64, 512, 4, 4]      float32 
synthesis.b4:1        -           -        [64, 512, 4, 4]      float32 
synthesis.b8.conv0    2622465     80       [64, 512, 8, 8]      float32 
synthesis.b8.conv1    2622465     80       [64, 512, 8, 8]      float32 
synthesis.b8.torgb    264195      -        [64, 3, 8, 8]        float32 
synthesis.b8:0        -           16       [64, 512, 8, 8]      float32 
synthesis.b8:1        -           -        [64, 512, 8, 8]      float32 
synthesis.b16.conv0   2622465     272      [64, 512, 16, 16]    float32 
synthesis.b16.conv1   2622465     272      [64, 512, 16, 16]    float32 
synthesis.b16.torgb   264195      -        [64, 3, 16, 16]      float32 
synthesis.b16:0       -           16       [64, 512, 16, 16]    float32 
synthesis.b16:1       -           -        [64, 512, 16, 16]    float32 
synthesis.b32.conv0   2622465     1040     [64, 512, 32, 32]    float16 
synthesis.b32.conv1   2622465     1040     [64, 512, 32, 32]    float16 
synthesis.b32.torgb   264195      -        [64, 3, 32, 32]      float16 
synthesis.b32:0       -           16       [64, 512, 32, 32]    float16 
synthesis.b32:1       -           -        [64, 512, 32, 32]    float32 
synthesis.b64.conv0   1442561     4112     [64, 256, 64, 64]    float16 
synthesis.b64.conv1   721409      4112     [64, 256, 64, 64]    float16 
synthesis.b64.torgb   132099      -        [64, 3, 64, 64]      float16 
synthesis.b64:0       -           16       [64, 256, 64, 64]    float16 
synthesis.b64:1       -           -        [64, 256, 64, 64]    float32 
synthesis.b128.conv0  426369      16400    [64, 128, 128, 128]  float16 
synthesis.b128.conv1  213249      16400    [64, 128, 128, 128]  float16 
synthesis.b128.torgb  66051       -        [64, 3, 128, 128]    float16 
synthesis.b128:0      -           16       [64, 128, 128, 128]  float16 
synthesis.b128:1      -           -        [64, 128, 128, 128]  float32 
synthesis.b256.conv0  139457      65552    [64, 64, 256, 256]   float16 
synthesis.b256.conv1  69761       65552    [64, 64, 256, 256]   float16 
synthesis.b256.torgb  33027       -        [64, 3, 256, 256]    float16 
synthesis.b256:0      -           16       [64, 64, 256, 256]   float16 
synthesis.b256:1      -           -        [64, 64, 256, 256]   float32 
---                   ---         ---      ---                  ---     
Total                 23191522    175568   -                    -       


Discriminator  Parameters  Buffers  Output shape         Datatype
---            ---         ---      ---                  ---     
b256.fromrgb   256         16       [64, 64, 256, 256]   float16 
b256.skip      8192        16       [64, 128, 128, 128]  float16 
b256.conv0     36928       16       [64, 64, 256, 256]   float16 
b256.conv1     73856       16       [64, 128, 128, 128]  float16 
b256           -           16       [64, 128, 128, 128]  float16 
b128.skip      32768       16       [64, 256, 64, 64]    float16 
b128.conv0     147584      16       [64, 128, 128, 128]  float16 
b128.conv1     295168      16       [64, 256, 64, 64]    float16 
b128           -           16       [64, 256, 64, 64]    float16 
b64.skip       131072      16       [64, 512, 32, 32]    float16 
b64.conv0      590080      16       [64, 256, 64, 64]    float16 
b64.conv1      1180160     16       [64, 512, 32, 32]    float16 
b64            -           16       [64, 512, 32, 32]    float16 
b32.skip       262144      16       [64, 512, 16, 16]    float16 
b32.conv0      2359808     16       [64, 512, 32, 32]    float16 
b32.conv1      2359808     16       [64, 512, 16, 16]    float16 
b32            -           16       [64, 512, 16, 16]    float16 
b16.skip       262144      16       [64, 512, 8, 8]      float32 
b16.conv0      2359808     16       [64, 512, 16, 16]    float32 
b16.conv1      2359808     16       [64, 512, 8, 8]      float32 
b16            -           16       [64, 512, 8, 8]      float32 
b8.skip        262144      16       [64, 512, 4, 4]      float32 
b8.conv0       2359808     16       [64, 512, 8, 8]      float32 
b8.conv1       2359808     16       [64, 512, 4, 4]      float32 
b8             -           16       [64, 512, 4, 4]      float32 
b4.mbstd       -           -        [64, 513, 4, 4]      float32 
b4.conv        2364416     16       [64, 512, 4, 4]      float32 
b4.fc          4194816     -        [64, 512]            float32 
b4.out         513         -        [64, 1]              float32 
---            ---         ---      ---                  ---     
Total          24001089    416      -                    -       

Setting up augmentation...
Distributing across 4 GPUs...
Setting up training phases...
Exporting sample images...
Initializing logs...
Training for 25000 kimg...

tick 0     kimg 0.3      time 3m 19s       sec/tick 10.5    sec/kimg 41.09   maintenance 188.6  cpumem 6.52   gpumem 18.59  augment 0.000
Evaluating metrics...
{"results": {"fid50k_full": 28.936194804747252}, "metric": "fid50k_full", "total_time": 87.52729821205139, "total_time_str": "1m 28s", "num_gpus": 4, "snapshot_pkl": "network-snapshot-000000.pkl", "timestamp": 1657547219.6176264}
