

---------------------------------------
Torch cuda is available
args.subcommand=run, run the command line
date: 20220114
Experiment result save dir: /home/maggie/mmat/result/interpolate/2mixup/basemixup/betasampler/stylegan2ada-svhn/20220114/00001
initilize the dataset loading parameters
Using downloaded and verified file: /home/data/maggie/svhn/train_32x32.mat
Loading *svhn* train dataloader finished !
Loading *svhn* test dataloader finished !
Interpolate projectors from projectors npz files !
flag: DatasetTwoMixup
classification label name: ['0', '1', '2', '3', '4', '5', '6', '7', '8', '9']
projected_w_set_x.shape: torch.Size([24004, 8, 512])
projected_w_set_y.shape: torch.Size([24004, 8, 10])
--------------------Dual mixup----------------------
mixup different classes
w1_label_name: 2
w2_label_name: 1
mixup different classes
w1_label_name: 2
w2_label_name: 9
mixup different classes
w1_label_name: 2
w2_label_name: 3
mixup different classes
w1_label_name: 2
w2_label_name: 1
mixup different classes
w1_label_name: 2
w2_label_name: 6
mixup different classes
w1_label_name: 2
w2_label_name: 6
mixup different classes
w1_label_name: 2
w2_label_name: 3
mixup different classes
w1_label_name: 2
w2_label_name: 4
mixup same class
w1_label_name: 2
w2_label_name: 2
mixup different classes
w1_label_name: 2
w2_label_name: 5
mixup different classes
w1_label_name: 2
w2_label_name: 8
mixup different classes
w1_label_name: 3
w2_label_name: 1
mixup different classes
w1_label_name: 3
w2_label_name: 9
mixup different classes
w1_label_name: 3
w2_label_name: 2
mixup different classes
w1_label_name: 3
w2_label_name: 1
mixup different classes
w1_label_name: 3
w2_label_name: 6
mixup different classes
w1_label_name: 3
w2_label_name: 6
mixup same class
w1_label_name: 3
w2_label_name: 3
mixup different classes
w1_label_name: 3
w2_label_name: 4
mixup different classes
w1_label_name: 3
w2_label_name: 2
mixup different classes
w1_label_name: 3
w2_label_name: 5
mixup different classes
w1_label_name: 3
w2_label_name: 8
mixup different classes
w1_label_name: 4
w2_label_name: 1
mixup different classes
w1_label_name: 4
w2_label_name: 9
mixup different classes
w1_label_name: 4
w2_label_name: 2
mixup different classes
w1_label_name: 4
w2_label_name: 3
mixup different classes
w1_label_name: 4
w2_label_name: 1
mixup different classes
w1_label_name: 4
w2_label_name: 6
mixup different classes
w1_label_name: 4
w2_label_name: 6
mixup different classes
w1_label_name: 4
w2_label_name: 3
mixup different classes
w1_label_name: 4
w2_label_name: 2
mixup different classes
w1_label_name: 4
w2_label_name: 5
mixup different classes
w1_label_name: 4
w2_label_name: 8
mixup different classes
w1_label_name: 2
w2_label_name: 1
mixup different classes
w1_label_name: 2
w2_label_name: 9
mixup same class
w1_label_name: 2
w2_label_name: 2
mixup different classes
w1_label_name: 2
w2_label_name: 3
mixup different classes
w1_label_name: 2
w2_label_name: 1
mixup different classes
w1_label_name: 2
w2_label_name: 6
mixup different classes
w1_label_name: 2
w2_label_name: 6
mixup different classes
w1_label_name: 2
w2_label_name: 3
mixup different classes
w1_label_name: 2
w2_label_name: 4
mixup different classes
w1_label_name: 2
w2_label_name: 5
mixup different classes
w1_label_name: 2
w2_label_name: 8
mixup different classes
w1_label_name: 5
w2_label_name: 1
mixup different classes
w1_label_name: 5
w2_label_name: 9
mixup different classes
w1_label_name: 5
w2_label_name: 2
mixup different classes
w1_label_name: 5
w2_label_name: 3
mixup different classes
w1_label_name: 5
w2_label_name: 1
mixup different classes
w1_label_name: 5
w2_label_name: 6
mixup different classes
w1_label_name: 5
w2_label_name: 6
mixup different classes
w1_label_name: 5
w2_label_name: 3
mixup different classes
w1_label_name: 5
w2_label_name: 4
mixup different classes
w1_label_name: 5
w2_label_name: 2
mixup different classes
w1_label_name: 5
w2_label_name: 8
mixup different classes
w1_label_name: 8
w2_label_name: 1
mixup different classes
w1_label_name: 8
w2_label_name: 9
mixup different classes
w1_label_name: 8
w2_label_name: 2
mixup different classes
w1_label_name: 8
w2_label_name: 3
mixup different classes
w1_label_name: 8
w2_label_name: 1
mixup different classes
w1_label_name: 8
w2_label_name: 6
mixup different classes
w1_label_name: 8
w2_label_name: 6
mixup different classes
w1_label_name: 8
w2_label_name: 3
mixup different classes
w1_label_name: 8
w2_label_name: 4
mixup different classes
w1_label_name: 8
w2_label_name: 2
mixup different classes
w1_label_name: 8
w2_label_name: 5
self.mix_w_train.type: <class 'torch.Tensor'>
self.mix_w_train.dtype: torch.float32
self.mix_w_train.shape: torch.Size([66, 8, 512])
self.mix_y_train.type: <class 'torch.Tensor'>
self.mix_y_train.dtype: torch.float32
self.mix_y_train.shape: torch.Size([66, 8, 10])
Finished interpolate svhn 66 samples!
Setting up PyTorch plugin "bias_act_plugin"... /home/xieyi/anaconda3/envs/mmat/lib/python3.7/site-packages/torch/utils/cpp_extension.py:286: UserWarning: 

                               !! WARNING !!

!!!!!!!!!!!!!!!!!!!!!!!!!!!!!!!!!!!!!!!!!!!!!!!!!!!!!!!!!!!!!!!!!!!!!!!!!!!!!!!
Your compiler (c++) is not compatible with the compiler Pytorch was
built with for this platform, which is g++ on linux. Please
use g++ to to compile your extension. Alternatively, you may
compile PyTorch from source using c++, and then you can also use
c++ to compile your extension.

See https://github.com/pytorch/pytorch/blob/master/CONTRIBUTING.md for help
with compiling PyTorch from source.
!!!!!!!!!!!!!!!!!!!!!!!!!!!!!!!!!!!!!!!!!!!!!!!!!!!!!!!!!!!!!!!!!!!!!!!!!!!!!!!

                              !! WARNING !!

  platform=sys.platform))
Done.
Setting up PyTorch plugin "upfirdn2d_plugin"... /home/xieyi/anaconda3/envs/mmat/lib/python3.7/site-packages/torch/utils/cpp_extension.py:286: UserWarning: 

                               !! WARNING !!

!!!!!!!!!!!!!!!!!!!!!!!!!!!!!!!!!!!!!!!!!!!!!!!!!!!!!!!!!!!!!!!!!!!!!!!!!!!!!!!
Your compiler (c++) is not compatible with the compiler Pytorch was
built with for this platform, which is g++ on linux. Please
use g++ to to compile your extension. Alternatively, you may
compile PyTorch from source using c++, and then you can also use
c++ to compile your extension.

See https://github.com/pytorch/pytorch/blob/master/CONTRIBUTING.md for help
with compiling PyTorch from source.
!!!!!!!!!!!!!!!!!!!!!!!!!!!!!!!!!!!!!!!!!!!!!!!!!!!!!!!!!!!!!!!!!!!!!!!!!!!!!!!

                              !! WARNING !!

  platform=sys.platform))
Done.
Finished generate svhn 66 interpolated samples!
Finished generate svhn 66 interpolated samples!
---------------------------------------




---------------------------------------
Torch cuda is available
args.subcommand=run, run the command line
date: 20220114
Experiment result save dir: /home/maggie/mmat/result/interpolate/3mixup/basemixup/dirichletsampler/stylegan2ada-svhn/20220114/00000
initilize the dataset loading parameters
Using downloaded and verified file: /home/data/maggie/svhn/train_32x32.mat
Loading *svhn* train dataloader finished !
Loading *svhn* test dataloader finished !
Interpolate projectors from projectors npz files !
flag: DatasetThreeMixup
classification label name: ['0', '1', '2', '3', '4', '5', '6', '7', '8', '9']
projected_w_set_x.shape: torch.Size([24004, 8, 512])
projected_w_set_y.shape: torch.Size([24004, 8, 10])
-------------------Ternary mixup----------------------
mixup different classes
w1_label_name: 2
w2_label_name: 3
w3_label_name: 3
mixup different classes
w1_label_name: 2
w2_label_name: 3
w3_label_name: 3
mixup different classes
w1_label_name: 2
w2_label_name: 3
w3_label_name: 3
mixup different classes
w1_label_name: 2
w2_label_name: 3
w3_label_name: 3
mixup different classes
w1_label_name: 2
w2_label_name: 3
w3_label_name: 3
mixup different classes
w1_label_name: 2
w2_label_name: 3
w3_label_name: 3
mixup different classes
w1_label_name: 2
w2_label_name: 3
w3_label_name: 3
mixup different classes
w1_label_name: 2
w2_label_name: 3
w3_label_name: 3
mixup different classes
w1_label_name: 2
w2_label_name: 3
w3_label_name: 3
mixup different classes
w1_label_name: 2
w2_label_name: 3
w3_label_name: 3
mixup different classes
w1_label_name: 2
w2_label_name: 3
w3_label_name: 3
mixup different classes
w1_label_name: 2
w2_label_name: 4
w3_label_name: 4
mixup different classes
w1_label_name: 2
w2_label_name: 4
w3_label_name: 4
mixup different classes
w1_label_name: 2
w2_label_name: 4
w3_label_name: 4
mixup different classes
w1_label_name: 2
w2_label_name: 4
w3_label_name: 4
mixup different classes
w1_label_name: 2
w2_label_name: 4
w3_label_name: 4
mixup different classes
w1_label_name: 2
w2_label_name: 4
w3_label_name: 4
mixup different classes
w1_label_name: 2
w2_label_name: 4
w3_label_name: 4
mixup different classes
w1_label_name: 2
w2_label_name: 4
w3_label_name: 4
mixup different classes
w1_label_name: 2
w2_label_name: 4
w3_label_name: 4
mixup different classes
w1_label_name: 2
w2_label_name: 4
w3_label_name: 4
mixup different classes
w1_label_name: 2
w2_label_name: 4
w3_label_name: 4
mixup different classes
w1_label_name: 2
w2_label_name: 2
w3_label_name: 2
mixup different classes
w1_label_name: 2
w2_label_name: 2
w3_label_name: 2
mixup same class
w1_label_name: 2
w2_label_name: 2
w3_label_name: 2
mixup different classes
w1_label_name: 2
w2_label_name: 2
w3_label_name: 2
mixup different classes
w1_label_name: 2
w2_label_name: 2
w3_label_name: 2
mixup different classes
w1_label_name: 2
w2_label_name: 2
w3_label_name: 2
mixup different classes
w1_label_name: 2
w2_label_name: 2
w3_label_name: 2
mixup different classes
w1_label_name: 2
w2_label_name: 2
w3_label_name: 2
mixup different classes
w1_label_name: 2
w2_label_name: 2
w3_label_name: 2
mixup different classes
w1_label_name: 2
w2_label_name: 2
w3_label_name: 2
mixup different classes
w1_label_name: 2
w2_label_name: 2
w3_label_name: 2
mixup different classes
w1_label_name: 2
w2_label_name: 5
w3_label_name: 5
mixup different classes
w1_label_name: 2
w2_label_name: 5
w3_label_name: 5
mixup different classes
w1_label_name: 2
w2_label_name: 5
w3_label_name: 5
mixup different classes
w1_label_name: 2
w2_label_name: 5
w3_label_name: 5
mixup different classes
w1_label_name: 2
w2_label_name: 5
w3_label_name: 5
mixup different classes
w1_label_name: 2
w2_label_name: 5
w3_label_name: 5
mixup different classes
w1_label_name: 2
w2_label_name: 5
w3_label_name: 5
mixup different classes
w1_label_name: 2
w2_label_name: 5
w3_label_name: 5
mixup different classes
w1_label_name: 2
w2_label_name: 5
w3_label_name: 5
mixup different classes
w1_label_name: 2
w2_label_name: 5
w3_label_name: 5
mixup different classes
w1_label_name: 2
w2_label_name: 5
w3_label_name: 5
mixup different classes
w1_label_name: 2
w2_label_name: 8
w3_label_name: 8
mixup different classes
w1_label_name: 2
w2_label_name: 8
w3_label_name: 8
mixup different classes
w1_label_name: 2
w2_label_name: 8
w3_label_name: 8
mixup different classes
w1_label_name: 2
w2_label_name: 8
w3_label_name: 8
mixup different classes
w1_label_name: 2
w2_label_name: 8
w3_label_name: 8
mixup different classes
w1_label_name: 2
w2_label_name: 8
w3_label_name: 8
mixup different classes
w1_label_name: 2
w2_label_name: 8
w3_label_name: 8
mixup different classes
w1_label_name: 2
w2_label_name: 8
w3_label_name: 8
mixup different classes
w1_label_name: 2
w2_label_name: 8
w3_label_name: 8
mixup different classes
w1_label_name: 2
w2_label_name: 8
w3_label_name: 8
mixup different classes
w1_label_name: 2
w2_label_name: 8
w3_label_name: 8
mixup different classes
w1_label_name: 3
w2_label_name: 2
w3_label_name: 2
mixup different classes
w1_label_name: 3
w2_label_name: 2
w3_label_name: 2
mixup different classes
w1_label_name: 3
w2_label_name: 2
w3_label_name: 2
mixup different classes
w1_label_name: 3
w2_label_name: 2
w3_label_name: 2
mixup different classes
w1_label_name: 3
w2_label_name: 2
w3_label_name: 2
mixup different classes
w1_label_name: 3
w2_label_name: 2
w3_label_name: 2
mixup different classes
w1_label_name: 3
w2_label_name: 2
w3_label_name: 2
mixup different classes
w1_label_name: 3
w2_label_name: 2
w3_label_name: 2
mixup different classes
w1_label_name: 3
w2_label_name: 2
w3_label_name: 2
mixup different classes
w1_label_name: 3
w2_label_name: 2
w3_label_name: 2
mixup different classes
w1_label_name: 3
w2_label_name: 2
w3_label_name: 2
mixup different classes
w1_label_name: 3
w2_label_name: 4
w3_label_name: 4
mixup different classes
w1_label_name: 3
w2_label_name: 4
w3_label_name: 4
mixup different classes
w1_label_name: 3
w2_label_name: 4
w3_label_name: 4
mixup different classes
w1_label_name: 3
w2_label_name: 4
w3_label_name: 4
mixup different classes
w1_label_name: 3
w2_label_name: 4
w3_label_name: 4
mixup different classes
w1_label_name: 3
w2_label_name: 4
w3_label_name: 4
mixup different classes
w1_label_name: 3
w2_label_name: 4
w3_label_name: 4
mixup different classes
w1_label_name: 3
w2_label_name: 4
w3_label_name: 4
mixup different classes
w1_label_name: 3
w2_label_name: 4
w3_label_name: 4
mixup different classes
w1_label_name: 3
w2_label_name: 4
w3_label_name: 4
mixup different classes
w1_label_name: 3
w2_label_name: 4
w3_label_name: 4
mixup different classes
w1_label_name: 3
w2_label_name: 2
w3_label_name: 2
mixup different classes
w1_label_name: 3
w2_label_name: 2
w3_label_name: 2
mixup different classes
w1_label_name: 3
w2_label_name: 2
w3_label_name: 2
mixup different classes
w1_label_name: 3
w2_label_name: 2
w3_label_name: 2
mixup different classes
w1_label_name: 3
w2_label_name: 2
w3_label_name: 2
mixup different classes
w1_label_name: 3
w2_label_name: 2
w3_label_name: 2
mixup different classes
w1_label_name: 3
w2_label_name: 2
w3_label_name: 2
mixup different classes
w1_label_name: 3
w2_label_name: 2
w3_label_name: 2
mixup different classes
w1_label_name: 3
w2_label_name: 2
w3_label_name: 2
mixup different classes
w1_label_name: 3
w2_label_name: 2
w3_label_name: 2
mixup different classes
w1_label_name: 3
w2_label_name: 2
w3_label_name: 2
mixup different classes
w1_label_name: 3
w2_label_name: 5
w3_label_name: 5
mixup different classes
w1_label_name: 3
w2_label_name: 5
w3_label_name: 5
mixup different classes
w1_label_name: 3
w2_label_name: 5
w3_label_name: 5
mixup different classes
w1_label_name: 3
w2_label_name: 5
w3_label_name: 5
mixup different classes
w1_label_name: 3
w2_label_name: 5
w3_label_name: 5
mixup different classes
w1_label_name: 3
w2_label_name: 5
w3_label_name: 5
mixup different classes
w1_label_name: 3
w2_label_name: 5
w3_label_name: 5
mixup different classes
w1_label_name: 3
w2_label_name: 5
w3_label_name: 5
mixup different classes
w1_label_name: 3
w2_label_name: 5
w3_label_name: 5
mixup different classes
w1_label_name: 3
w2_label_name: 5
w3_label_name: 5
mixup different classes
w1_label_name: 3
w2_label_name: 5
w3_label_name: 5
mixup different classes
w1_label_name: 3
w2_label_name: 8
w3_label_name: 8
self.mix_w_train.type: <class 'torch.Tensor'>
self.mix_w_train.dtype: torch.float32
self.mix_w_train.shape: torch.Size([100, 8, 512])
self.mix_y_train.type: <class 'torch.Tensor'>
self.mix_y_train.dtype: torch.float32
self.mix_y_train.shape: torch.Size([100, 8, 10])
Finished interpolate svhn 100 samples!
Setting up PyTorch plugin "bias_act_plugin"... /home/xieyi/anaconda3/envs/mmat/lib/python3.7/site-packages/torch/utils/cpp_extension.py:286: UserWarning: 

                               !! WARNING !!

!!!!!!!!!!!!!!!!!!!!!!!!!!!!!!!!!!!!!!!!!!!!!!!!!!!!!!!!!!!!!!!!!!!!!!!!!!!!!!!
Your compiler (c++) is not compatible with the compiler Pytorch was
built with for this platform, which is g++ on linux. Please
use g++ to to compile your extension. Alternatively, you may
compile PyTorch from source using c++, and then you can also use
c++ to compile your extension.

See https://github.com/pytorch/pytorch/blob/master/CONTRIBUTING.md for help
with compiling PyTorch from source.
!!!!!!!!!!!!!!!!!!!!!!!!!!!!!!!!!!!!!!!!!!!!!!!!!!!!!!!!!!!!!!!!!!!!!!!!!!!!!!!

                              !! WARNING !!

  platform=sys.platform))
Done.
Setting up PyTorch plugin "upfirdn2d_plugin"... /home/xieyi/anaconda3/envs/mmat/lib/python3.7/site-packages/torch/utils/cpp_extension.py:286: UserWarning: 

                               !! WARNING !!

!!!!!!!!!!!!!!!!!!!!!!!!!!!!!!!!!!!!!!!!!!!!!!!!!!!!!!!!!!!!!!!!!!!!!!!!!!!!!!!
Your compiler (c++) is not compatible with the compiler Pytorch was
built with for this platform, which is g++ on linux. Please
use g++ to to compile your extension. Alternatively, you may
compile PyTorch from source using c++, and then you can also use
c++ to compile your extension.

See https://github.com/pytorch/pytorch/blob/master/CONTRIBUTING.md for help
with compiling PyTorch from source.
!!!!!!!!!!!!!!!!!!!!!!!!!!!!!!!!!!!!!!!!!!!!!!!!!!!!!!!!!!!!!!!!!!!!!!!!!!!!!!!

                              !! WARNING !!

  platform=sys.platform))
Done.
Finished generate svhn 100 interpolated samples!
Finished generate svhn 100 interpolated samples!
---------------------------------------




---------------------------------------
Torch cuda is available
args.subcommand=run, run the command line
date: 20220114
Experiment result save dir: /home/maggie/mmat/result/interpolate/2mixup/maskmixup/bernoullisampler/stylegan2ada-svhn/20220114/00000
initilize the dataset loading parameters
Using downloaded and verified file: /home/data/maggie/svhn/train_32x32.mat
Loading *svhn* train dataloader finished !
Loading *svhn* test dataloader finished !
Interpolate projectors from projectors npz files !
flag: DatasetTwoMixup
classification label name: ['0', '1', '2', '3', '4', '5', '6', '7', '8', '9']
projected_w_set_x.shape: torch.Size([24004, 8, 512])
projected_w_set_y.shape: torch.Size([24004, 8, 10])
--------------------Dual mixup----------------------
mixup different classes
w1_label_name: 2
w2_label_name: 1
mixup different classes
w1_label_name: 2
w2_label_name: 9
mixup different classes
w1_label_name: 2
w2_label_name: 3
mixup different classes
w1_label_name: 2
w2_label_name: 1
mixup different classes
w1_label_name: 2
w2_label_name: 6
mixup different classes
w1_label_name: 2
w2_label_name: 6
mixup different classes
w1_label_name: 2
w2_label_name: 3
mixup different classes
w1_label_name: 2
w2_label_name: 4
mixup same class
w1_label_name: 2
w2_label_name: 2
mixup different classes
w1_label_name: 2
w2_label_name: 5
mixup different classes
w1_label_name: 2
w2_label_name: 8
mixup different classes
w1_label_name: 3
w2_label_name: 1
mixup different classes
w1_label_name: 3
w2_label_name: 9
mixup different classes
w1_label_name: 3
w2_label_name: 2
mixup different classes
w1_label_name: 3
w2_label_name: 1
mixup different classes
w1_label_name: 3
w2_label_name: 6
mixup different classes
w1_label_name: 3
w2_label_name: 6
mixup same class
w1_label_name: 3
w2_label_name: 3
mixup different classes
w1_label_name: 3
w2_label_name: 4
mixup different classes
w1_label_name: 3
w2_label_name: 2
mixup different classes
w1_label_name: 3
w2_label_name: 5
mixup different classes
w1_label_name: 3
w2_label_name: 8
mixup different classes
w1_label_name: 4
w2_label_name: 1
mixup different classes
w1_label_name: 4
w2_label_name: 9
mixup different classes
w1_label_name: 4
w2_label_name: 2
mixup different classes
w1_label_name: 4
w2_label_name: 3
mixup different classes
w1_label_name: 4
w2_label_name: 1
mixup different classes
w1_label_name: 4
w2_label_name: 6
mixup different classes
w1_label_name: 4
w2_label_name: 6
mixup different classes
w1_label_name: 4
w2_label_name: 3
mixup different classes
w1_label_name: 4
w2_label_name: 2
mixup different classes
w1_label_name: 4
w2_label_name: 5
mixup different classes
w1_label_name: 4
w2_label_name: 8
mixup different classes
w1_label_name: 2
w2_label_name: 1
mixup different classes
w1_label_name: 2
w2_label_name: 9
mixup same class
w1_label_name: 2
w2_label_name: 2
mixup different classes
w1_label_name: 2
w2_label_name: 3
mixup different classes
w1_label_name: 2
w2_label_name: 1
mixup different classes
w1_label_name: 2
w2_label_name: 6
mixup different classes
w1_label_name: 2
w2_label_name: 6
mixup different classes
w1_label_name: 2
w2_label_name: 3
mixup different classes
w1_label_name: 2
w2_label_name: 4
mixup different classes
w1_label_name: 2
w2_label_name: 5
mixup different classes
w1_label_name: 2
w2_label_name: 8
mixup different classes
w1_label_name: 5
w2_label_name: 1
mixup different classes
w1_label_name: 5
w2_label_name: 9
mixup different classes
w1_label_name: 5
w2_label_name: 2
mixup different classes
w1_label_name: 5
w2_label_name: 3
mixup different classes
w1_label_name: 5
w2_label_name: 1
mixup different classes
w1_label_name: 5
w2_label_name: 6
mixup different classes
w1_label_name: 5
w2_label_name: 6
mixup different classes
w1_label_name: 5
w2_label_name: 3
mixup different classes
w1_label_name: 5
w2_label_name: 4
mixup different classes
w1_label_name: 5
w2_label_name: 2
mixup different classes
w1_label_name: 5
w2_label_name: 8
mixup different classes
w1_label_name: 8
w2_label_name: 1
mixup different classes
w1_label_name: 8
w2_label_name: 9
mixup different classes
w1_label_name: 8
w2_label_name: 2
mixup different classes
w1_label_name: 8
w2_label_name: 3
mixup different classes
w1_label_name: 8
w2_label_name: 1
mixup different classes
w1_label_name: 8
w2_label_name: 6
mixup different classes
w1_label_name: 8
w2_label_name: 6
mixup different classes
w1_label_name: 8
w2_label_name: 3
mixup different classes
w1_label_name: 8
w2_label_name: 4
mixup different classes
w1_label_name: 8
w2_label_name: 2
mixup different classes
w1_label_name: 8
w2_label_name: 5
self.mix_w_train.type: <class 'torch.Tensor'>
self.mix_w_train.dtype: torch.float32
self.mix_w_train.shape: torch.Size([66, 8, 512])
self.mix_y_train.type: <class 'torch.Tensor'>
self.mix_y_train.dtype: torch.float64
self.mix_y_train.shape: torch.Size([66, 8, 10])
Finished interpolate svhn 66 samples!
Setting up PyTorch plugin "bias_act_plugin"... /home/xieyi/anaconda3/envs/mmat/lib/python3.7/site-packages/torch/utils/cpp_extension.py:286: UserWarning: 

                               !! WARNING !!

!!!!!!!!!!!!!!!!!!!!!!!!!!!!!!!!!!!!!!!!!!!!!!!!!!!!!!!!!!!!!!!!!!!!!!!!!!!!!!!
Your compiler (c++) is not compatible with the compiler Pytorch was
built with for this platform, which is g++ on linux. Please
use g++ to to compile your extension. Alternatively, you may
compile PyTorch from source using c++, and then you can also use
c++ to compile your extension.

See https://github.com/pytorch/pytorch/blob/master/CONTRIBUTING.md for help
with compiling PyTorch from source.
!!!!!!!!!!!!!!!!!!!!!!!!!!!!!!!!!!!!!!!!!!!!!!!!!!!!!!!!!!!!!!!!!!!!!!!!!!!!!!!

                              !! WARNING !!

  platform=sys.platform))
Done.
Setting up PyTorch plugin "upfirdn2d_plugin"... /home/xieyi/anaconda3/envs/mmat/lib/python3.7/site-packages/torch/utils/cpp_extension.py:286: UserWarning: 

                               !! WARNING !!

!!!!!!!!!!!!!!!!!!!!!!!!!!!!!!!!!!!!!!!!!!!!!!!!!!!!!!!!!!!!!!!!!!!!!!!!!!!!!!!
Your compiler (c++) is not compatible with the compiler Pytorch was
built with for this platform, which is g++ on linux. Please
use g++ to to compile your extension. Alternatively, you may
compile PyTorch from source using c++, and then you can also use
c++ to compile your extension.

See https://github.com/pytorch/pytorch/blob/master/CONTRIBUTING.md for help
with compiling PyTorch from source.
!!!!!!!!!!!!!!!!!!!!!!!!!!!!!!!!!!!!!!!!!!!!!!!!!!!!!!!!!!!!!!!!!!!!!!!!!!!!!!!

                              !! WARNING !!

  platform=sys.platform))
Done.
Finished generate svhn 66 interpolated samples!
Finished generate svhn 66 interpolated samples!
---------------------------------------




---------------------------------------
Torch cuda is available
args.subcommand=run, run the command line
date: 20220114
Experiment result save dir: /home/maggie/mmat/result/interpolate/3mixup/maskmixup/bernoullisampler3/stylegan2ada-svhn/20220114/00000
initilize the dataset loading parameters
Using downloaded and verified file: /home/data/maggie/svhn/train_32x32.mat
Loading *svhn* train dataloader finished !
Loading *svhn* test dataloader finished !
Interpolate projectors from projectors npz files !
flag: DatasetThreeMixup
classification label name: ['0', '1', '2', '3', '4', '5', '6', '7', '8', '9']
projected_w_set_x.shape: torch.Size([24004, 8, 512])
projected_w_set_y.shape: torch.Size([24004, 8, 10])
-------------------Ternary mixup----------------------
mixup different classes
w1_label_name: 2
w2_label_name: 3
w3_label_name: 3
mixup different classes
w1_label_name: 2
w2_label_name: 3
w3_label_name: 3
mixup different classes
w1_label_name: 2
w2_label_name: 3
w3_label_name: 3
mixup different classes
w1_label_name: 2
w2_label_name: 3
w3_label_name: 3
mixup different classes
w1_label_name: 2
w2_label_name: 3
w3_label_name: 3
mixup different classes
w1_label_name: 2
w2_label_name: 3
w3_label_name: 3
mixup different classes
w1_label_name: 2
w2_label_name: 3
w3_label_name: 3
mixup different classes
w1_label_name: 2
w2_label_name: 3
w3_label_name: 3
mixup different classes
w1_label_name: 2
w2_label_name: 3
w3_label_name: 3
mixup different classes
w1_label_name: 2
w2_label_name: 3
w3_label_name: 3
mixup different classes
w1_label_name: 2
w2_label_name: 3
w3_label_name: 3
mixup different classes
w1_label_name: 2
w2_label_name: 4
w3_label_name: 4
mixup different classes
w1_label_name: 2
w2_label_name: 4
w3_label_name: 4
mixup different classes
w1_label_name: 2
w2_label_name: 4
w3_label_name: 4
mixup different classes
w1_label_name: 2
w2_label_name: 4
w3_label_name: 4
mixup different classes
w1_label_name: 2
w2_label_name: 4
w3_label_name: 4
mixup different classes
w1_label_name: 2
w2_label_name: 4
w3_label_name: 4
mixup different classes
w1_label_name: 2
w2_label_name: 4
w3_label_name: 4
mixup different classes
w1_label_name: 2
w2_label_name: 4
w3_label_name: 4
mixup different classes
w1_label_name: 2
w2_label_name: 4
w3_label_name: 4
mixup different classes
w1_label_name: 2
w2_label_name: 4
w3_label_name: 4
mixup different classes
w1_label_name: 2
w2_label_name: 4
w3_label_name: 4
mixup different classes
w1_label_name: 2
w2_label_name: 2
w3_label_name: 2
mixup different classes
w1_label_name: 2
w2_label_name: 2
w3_label_name: 2
mixup same class
w1_label_name: 2
w2_label_name: 2
w3_label_name: 2
mixup different classes
w1_label_name: 2
w2_label_name: 2
w3_label_name: 2
mixup different classes
w1_label_name: 2
w2_label_name: 2
w3_label_name: 2
mixup different classes
w1_label_name: 2
w2_label_name: 2
w3_label_name: 2
mixup different classes
w1_label_name: 2
w2_label_name: 2
w3_label_name: 2
mixup different classes
w1_label_name: 2
w2_label_name: 2
w3_label_name: 2
mixup different classes
w1_label_name: 2
w2_label_name: 2
w3_label_name: 2
mixup different classes
w1_label_name: 2
w2_label_name: 2
w3_label_name: 2
mixup different classes
w1_label_name: 2
w2_label_name: 2
w3_label_name: 2
mixup different classes
w1_label_name: 2
w2_label_name: 5
w3_label_name: 5
mixup different classes
w1_label_name: 2
w2_label_name: 5
w3_label_name: 5
mixup different classes
w1_label_name: 2
w2_label_name: 5
w3_label_name: 5
mixup different classes
w1_label_name: 2
w2_label_name: 5
w3_label_name: 5
mixup different classes
w1_label_name: 2
w2_label_name: 5
w3_label_name: 5
mixup different classes
w1_label_name: 2
w2_label_name: 5
w3_label_name: 5
mixup different classes
w1_label_name: 2
w2_label_name: 5
w3_label_name: 5
mixup different classes
w1_label_name: 2
w2_label_name: 5
w3_label_name: 5
mixup different classes
w1_label_name: 2
w2_label_name: 5
w3_label_name: 5
mixup different classes
w1_label_name: 2
w2_label_name: 5
w3_label_name: 5
mixup different classes
w1_label_name: 2
w2_label_name: 5
w3_label_name: 5
mixup different classes
w1_label_name: 2
w2_label_name: 8
w3_label_name: 8
mixup different classes
w1_label_name: 2
w2_label_name: 8
w3_label_name: 8
mixup different classes
w1_label_name: 2
w2_label_name: 8
w3_label_name: 8
mixup different classes
w1_label_name: 2
w2_label_name: 8
w3_label_name: 8
mixup different classes
w1_label_name: 2
w2_label_name: 8
w3_label_name: 8
mixup different classes
w1_label_name: 2
w2_label_name: 8
w3_label_name: 8
mixup different classes
w1_label_name: 2
w2_label_name: 8
w3_label_name: 8
mixup different classes
w1_label_name: 2
w2_label_name: 8
w3_label_name: 8
mixup different classes
w1_label_name: 2
w2_label_name: 8
w3_label_name: 8
mixup different classes
w1_label_name: 2
w2_label_name: 8
w3_label_name: 8
mixup different classes
w1_label_name: 2
w2_label_name: 8
w3_label_name: 8
mixup different classes
w1_label_name: 3
w2_label_name: 2
w3_label_name: 2
mixup different classes
w1_label_name: 3
w2_label_name: 2
w3_label_name: 2
mixup different classes
w1_label_name: 3
w2_label_name: 2
w3_label_name: 2
mixup different classes
w1_label_name: 3
w2_label_name: 2
w3_label_name: 2
mixup different classes
w1_label_name: 3
w2_label_name: 2
w3_label_name: 2
mixup different classes
w1_label_name: 3
w2_label_name: 2
w3_label_name: 2
mixup different classes
w1_label_name: 3
w2_label_name: 2
w3_label_name: 2
mixup different classes
w1_label_name: 3
w2_label_name: 2
w3_label_name: 2
mixup different classes
w1_label_name: 3
w2_label_name: 2
w3_label_name: 2
mixup different classes
w1_label_name: 3
w2_label_name: 2
w3_label_name: 2
mixup different classes
w1_label_name: 3
w2_label_name: 2
w3_label_name: 2
mixup different classes
w1_label_name: 3
w2_label_name: 4
w3_label_name: 4
mixup different classes
w1_label_name: 3
w2_label_name: 4
w3_label_name: 4
mixup different classes
w1_label_name: 3
w2_label_name: 4
w3_label_name: 4
mixup different classes
w1_label_name: 3
w2_label_name: 4
w3_label_name: 4
mixup different classes
w1_label_name: 3
w2_label_name: 4
w3_label_name: 4
mixup different classes
w1_label_name: 3
w2_label_name: 4
w3_label_name: 4
mixup different classes
w1_label_name: 3
w2_label_name: 4
w3_label_name: 4
mixup different classes
w1_label_name: 3
w2_label_name: 4
w3_label_name: 4
mixup different classes
w1_label_name: 3
w2_label_name: 4
w3_label_name: 4
mixup different classes
w1_label_name: 3
w2_label_name: 4
w3_label_name: 4
mixup different classes
w1_label_name: 3
w2_label_name: 4
w3_label_name: 4
mixup different classes
w1_label_name: 3
w2_label_name: 2
w3_label_name: 2
mixup different classes
w1_label_name: 3
w2_label_name: 2
w3_label_name: 2
mixup different classes
w1_label_name: 3
w2_label_name: 2
w3_label_name: 2
mixup different classes
w1_label_name: 3
w2_label_name: 2
w3_label_name: 2
mixup different classes
w1_label_name: 3
w2_label_name: 2
w3_label_name: 2
mixup different classes
w1_label_name: 3
w2_label_name: 2
w3_label_name: 2
mixup different classes
w1_label_name: 3
w2_label_name: 2
w3_label_name: 2
mixup different classes
w1_label_name: 3
w2_label_name: 2
w3_label_name: 2
mixup different classes
w1_label_name: 3
w2_label_name: 2
w3_label_name: 2
mixup different classes
w1_label_name: 3
w2_label_name: 2
w3_label_name: 2
mixup different classes
w1_label_name: 3
w2_label_name: 2
w3_label_name: 2
mixup different classes
w1_label_name: 3
w2_label_name: 5
w3_label_name: 5
mixup different classes
w1_label_name: 3
w2_label_name: 5
w3_label_name: 5
mixup different classes
w1_label_name: 3
w2_label_name: 5
w3_label_name: 5
mixup different classes
w1_label_name: 3
w2_label_name: 5
w3_label_name: 5
mixup different classes
w1_label_name: 3
w2_label_name: 5
w3_label_name: 5
mixup different classes
w1_label_name: 3
w2_label_name: 5
w3_label_name: 5
mixup different classes
w1_label_name: 3
w2_label_name: 5
w3_label_name: 5
mixup different classes
w1_label_name: 3
w2_label_name: 5
w3_label_name: 5
mixup different classes
w1_label_name: 3
w2_label_name: 5
w3_label_name: 5
mixup different classes
w1_label_name: 3
w2_label_name: 5
w3_label_name: 5
mixup different classes
w1_label_name: 3
w2_label_name: 5
w3_label_name: 5
mixup different classes
w1_label_name: 3
w2_label_name: 8
w3_label_name: 8
self.mix_w_train.type: <class 'torch.Tensor'>
self.mix_w_train.dtype: torch.float32
self.mix_w_train.shape: torch.Size([100, 8, 512])
self.mix_y_train.type: <class 'torch.Tensor'>
self.mix_y_train.dtype: torch.float64
self.mix_y_train.shape: torch.Size([100, 8, 10])
Finished interpolate svhn 100 samples!
Setting up PyTorch plugin "bias_act_plugin"... /home/xieyi/anaconda3/envs/mmat/lib/python3.7/site-packages/torch/utils/cpp_extension.py:286: UserWarning: 

                               !! WARNING !!

!!!!!!!!!!!!!!!!!!!!!!!!!!!!!!!!!!!!!!!!!!!!!!!!!!!!!!!!!!!!!!!!!!!!!!!!!!!!!!!
Your compiler (c++) is not compatible with the compiler Pytorch was
built with for this platform, which is g++ on linux. Please
use g++ to to compile your extension. Alternatively, you may
compile PyTorch from source using c++, and then you can also use
c++ to compile your extension.

See https://github.com/pytorch/pytorch/blob/master/CONTRIBUTING.md for help
with compiling PyTorch from source.
!!!!!!!!!!!!!!!!!!!!!!!!!!!!!!!!!!!!!!!!!!!!!!!!!!!!!!!!!!!!!!!!!!!!!!!!!!!!!!!

                              !! WARNING !!

  platform=sys.platform))
Done.
Setting up PyTorch plugin "upfirdn2d_plugin"... /home/xieyi/anaconda3/envs/mmat/lib/python3.7/site-packages/torch/utils/cpp_extension.py:286: UserWarning: 

                               !! WARNING !!

!!!!!!!!!!!!!!!!!!!!!!!!!!!!!!!!!!!!!!!!!!!!!!!!!!!!!!!!!!!!!!!!!!!!!!!!!!!!!!!
Your compiler (c++) is not compatible with the compiler Pytorch was
built with for this platform, which is g++ on linux. Please
use g++ to to compile your extension. Alternatively, you may
compile PyTorch from source using c++, and then you can also use
c++ to compile your extension.

See https://github.com/pytorch/pytorch/blob/master/CONTRIBUTING.md for help
with compiling PyTorch from source.
!!!!!!!!!!!!!!!!!!!!!!!!!!!!!!!!!!!!!!!!!!!!!!!!!!!!!!!!!!!!!!!!!!!!!!!!!!!!!!!

                              !! WARNING !!

  platform=sys.platform))
Done.
Finished generate svhn 100 interpolated samples!
Finished generate svhn 100 interpolated samples!
---------------------------------------


