

---------------------------------------
Torch cuda is available
args.subcommand=run, run the command line
date: 20220111
blackbox attack
Experiment result save dir: /home/maggie/mmat/result/defense/rmt/pgd/basemixup-betasampler/resnet50-svhn/blackbox/20220111/00000
initilize the dataset loading parameters
Using downloaded and verified file: /home/data/maggie/svhn/train_32x32.mat
Loading *svhn* train dataloader finished !
Loading *svhn* test dataloader finished !
initlize classifier
learned calssify model != None
args.adv_dataset： /home/maggie/mmat/result/attack/pgd/resnet50-svhn/20210915/00001-attackacc-0.173863/attack-svhn-dataset/samples
Accuary of before rmt trained classifier on clean testset:92.7781%
Loss of before mmat trained classifier clean testset:0.257432758808136
args.mix_mode: basemixup
args.mix_w_num: 2
args.beta_alpha: 0.5
args.dirichlet_gama: 1
cle_w_train.shape: torch.Size([24004, 8, 512])
cle_y_train.shape: torch.Size([24004, 8])
cle_x_test.shape: torch.Size([26032, 3, 32, 32])
cle_y_test.shape: torch.Size([26032])
adv_x_test.shape: torch.Size([26032, 3, 32, 32])
adv_y_test.shape: torch.Size([26032])
cle_train_dataloader.len: 287
Accuary of before rmt trained classifier on adversarial testset:17.3863%
Loss of before mmat trained classifier on adversarial testset:9.861515998840332
w_trainset_len: 24004
batch_size: 256
w_batch_num: 94


0epoch learning rate:0.001
Setting up PyTorch plugin "bias_act_plugin"... /home/xieyi/anaconda3/envs/mmat/lib/python3.7/site-packages/torch/utils/cpp_extension.py:286: UserWarning: 

                               !! WARNING !!

!!!!!!!!!!!!!!!!!!!!!!!!!!!!!!!!!!!!!!!!!!!!!!!!!!!!!!!!!!!!!!!!!!!!!!!!!!!!!!!
Your compiler (c++) is not compatible with the compiler Pytorch was
built with for this platform, which is g++ on linux. Please
use g++ to to compile your extension. Alternatively, you may
compile PyTorch from source using c++, and then you can also use
c++ to compile your extension.

See https://github.com/pytorch/pytorch/blob/master/CONTRIBUTING.md for help
with compiling PyTorch from source.
!!!!!!!!!!!!!!!!!!!!!!!!!!!!!!!!!!!!!!!!!!!!!!!!!!!!!!!!!!!!!!!!!!!!!!!!!!!!!!!

                              !! WARNING !!

  platform=sys.platform))
Done.
Setting up PyTorch plugin "upfirdn2d_plugin"... /home/xieyi/anaconda3/envs/mmat/lib/python3.7/site-packages/torch/utils/cpp_extension.py:286: UserWarning: 

                               !! WARNING !!

!!!!!!!!!!!!!!!!!!!!!!!!!!!!!!!!!!!!!!!!!!!!!!!!!!!!!!!!!!!!!!!!!!!!!!!!!!!!!!!
Your compiler (c++) is not compatible with the compiler Pytorch was
built with for this platform, which is g++ on linux. Please
use g++ to to compile your extension. Alternatively, you may
compile PyTorch from source using c++, and then you can also use
c++ to compile your extension.

See https://github.com/pytorch/pytorch/blob/master/CONTRIBUTING.md for help
with compiling PyTorch from source.
!!!!!!!!!!!!!!!!!!!!!!!!!!!!!!!!!!!!!!!!!!!!!!!!!!!!!!!!!!!!!!!!!!!!!!!!!!!!!!!

                              !! WARNING !!

  platform=sys.platform))
Done.
[Epoch 1/40] [Batch 1/287] [Batch classify loss: 1.312329]
[Epoch 1/40] [Batch 2/287] [Batch classify loss: 1.353697]
[Epoch 1/40] [Batch 3/287] [Batch classify loss: 1.432931]
[Epoch 1/40] [Batch 4/287] [Batch classify loss: 1.227936]
[Epoch 1/40] [Batch 5/287] [Batch classify loss: 1.062133]
[Epoch 1/40] [Batch 6/287] [Batch classify loss: 1.201590]
[Epoch 1/40] [Batch 7/287] [Batch classify loss: 1.237487]
[Epoch 1/40] [Batch 8/287] [Batch classify loss: 1.151074]
Traceback (most recent call last):
  File "tasklauncher-20220111.py", line 223, in <module>
    target_classifier.rmt(args,cle_w_train,cle_y_train, cle_train_dataloader, cle_x_test,cle_y_test,adv_x_test,adv_y_test,exp_result_dir,stylegan2ada_config_kwargs)
  File "/home/maggie/mmat/clamodels/classifier.py", line 1535, in rmt
    mix_img_batch, mix_lab_batch = mixup_data(args, exp_result_dir, stylegan2ada_config_kwargs, pro_img_batch, pro_lab_batch)      #   混合样本 two-hot标签
  File "/home/maggie/mmat/clamodels/classifier.py", line 63, in mixup_data
    mix_x_train, mix_y_train = generate_model.generate()
  File "/home/maggie/mmat/genmodels/mixgenerate.py", line 486, in generate
    self._model.generate(self._exp_result_dir, self.mix_w_train, self.mix_y_train)
  File "/home/maggie/mmat/genmodels/stylegan2ada.py", line 2005, in generate
    generated_x_set, generated_y_set = self.__generatemain__(self._args, self._exp_result_dir, interpolated_w_set, interpolated_y_set)
  File "/home/maggie/mmat/genmodels/stylegan2ada.py", line 2016, in __generatemain__
    generated_x_set, generated_y_set = self.__generatefromntensor__()
  File "/home/maggie/mmat/genmodels/stylegan2ada.py", line 2099, in __generatefromntensor__
    interpolated_y = interpolated_y_set,
  File "/home/maggie/mmat/genmodels/stylegan2ada.py", line 2168, in __getgeneratedbatchxy__
    img = G.synthesis(w.unsqueeze(0), noise_mode=noise_mode).cpu()
  File "/home/xieyi/anaconda3/envs/mmat/lib/python3.7/site-packages/torch/nn/modules/module.py", line 889, in _call_impl
    result = self.forward(*input, **kwargs)
  File "<string>", line 479, in forward
  File "/home/xieyi/anaconda3/envs/mmat/lib/python3.7/site-packages/torch/nn/modules/module.py", line 889, in _call_impl
    result = self.forward(*input, **kwargs)
KeyboardInterrupt
