

---------------------------------------
Torch cuda is available
args.subcommand=run, run the command line
date: 20220111
whitebox attack
Experiment result save dir: /home/maggie/mmat/result/attack/fgsm/alexnet-svhn/20220111/00000
initilize the dataset loading parameters
Using downloaded and verified file: /home/data/maggie/svhn/train_32x32.mat
Loading *svhn* train dataloader finished !
Loading *svhn* test dataloader finished !
latent adversarial attack.............
initlize classifier
learned calssify model != None
cle_w_test.shape: torch.Size([30, 8, 512])
cle_y_test.shape: torch.Size([30, 8])
initlize attack classifier
generate latent adversarial exampels
latent fgsm attack
eps： 0.3
cle_w_test.shape: torch.Size([30, 8, 512])
cle_y_test.shape: torch.Size([30, 8])
testset_total_num: 30
batch_size: 32
batch_num: 1
Setting up PyTorch plugin "bias_act_plugin"... /home/xieyi/anaconda3/envs/mmat/lib/python3.7/site-packages/torch/utils/cpp_extension.py:286: UserWarning: 

                               !! WARNING !!

!!!!!!!!!!!!!!!!!!!!!!!!!!!!!!!!!!!!!!!!!!!!!!!!!!!!!!!!!!!!!!!!!!!!!!!!!!!!!!!
Your compiler (c++) is not compatible with the compiler Pytorch was
built with for this platform, which is g++ on linux. Please
use g++ to to compile your extension. Alternatively, you may
compile PyTorch from source using c++, and then you can also use
c++ to compile your extension.

See https://github.com/pytorch/pytorch/blob/master/CONTRIBUTING.md for help
with compiling PyTorch from source.
!!!!!!!!!!!!!!!!!!!!!!!!!!!!!!!!!!!!!!!!!!!!!!!!!!!!!!!!!!!!!!!!!!!!!!!!!!!!!!!

                              !! WARNING !!

  platform=sys.platform))
Done.
Setting up PyTorch plugin "upfirdn2d_plugin"... /home/xieyi/anaconda3/envs/mmat/lib/python3.7/site-packages/torch/utils/cpp_extension.py:286: UserWarning: 

                               !! WARNING !!

!!!!!!!!!!!!!!!!!!!!!!!!!!!!!!!!!!!!!!!!!!!!!!!!!!!!!!!!!!!!!!!!!!!!!!!!!!!!!!!
Your compiler (c++) is not compatible with the compiler Pytorch was
built with for this platform, which is g++ on linux. Please
use g++ to to compile your extension. Alternatively, you may
compile PyTorch from source using c++, and then you can also use
c++ to compile your extension.

See https://github.com/pytorch/pytorch/blob/master/CONTRIBUTING.md for help
with compiling PyTorch from source.
!!!!!!!!!!!!!!!!!!!!!!!!!!!!!!!!!!!!!!!!!!!!!!!!!!!!!!!!!!!!!!!!!!!!!!!!!!!!!!!

                              !! WARNING !!

  platform=sys.platform))
Done.
Traceback (most recent call last):
  File "tasklauncher-20220111.py", line 129, in <module>
    adv_x_test, adv_y_test = latent_attacker.generatelatentadv(exp_result_dir, cle_test_dataloader, cle_w_test, cle_y_test, gan_net)             
  File "/home/maggie/mmat/attacks/advattack.py", line 290, in generatelatentadv
    adv_w_batch = self._attacker.perturb(cle_w_batch, cle_y_batch)
  File "/home/xieyi/anaconda3/envs/mmat/lib/python3.7/site-packages/advertorch/attacks/one_step_gradient.py", line 66, in perturb
    loss = self.loss_fn(outputs, y)
  File "/home/xieyi/anaconda3/envs/mmat/lib/python3.7/site-packages/torch/nn/modules/module.py", line 889, in _call_impl
    result = self.forward(*input, **kwargs)
  File "/home/xieyi/anaconda3/envs/mmat/lib/python3.7/site-packages/torch/nn/modules/loss.py", line 1048, in forward
    ignore_index=self.ignore_index, reduction=self.reduction)
  File "/home/xieyi/anaconda3/envs/mmat/lib/python3.7/site-packages/torch/nn/functional.py", line 2693, in cross_entropy
    return nll_loss(log_softmax(input, 1), target, weight, None, ignore_index, None, reduction)
  File "/home/xieyi/anaconda3/envs/mmat/lib/python3.7/site-packages/torch/nn/functional.py", line 2388, in nll_loss
    ret = torch._C._nn.nll_loss(input, target, weight, _Reduction.get_enum(reduction), ignore_index)
RuntimeError: multi-target not supported at /pytorch/aten/src/THCUNN/generic/ClassNLLCriterion.cu:15
