

---------------------------------------
Torch cuda is available
args.subcommand=run, run the command line
date: 20220112
whitebox attack
Experiment result save dir: /home/maggie/mmat/result/attack/pgd/alexnet-svhn/20220112/00000
initilize the dataset loading parameters
Using downloaded and verified file: /home/data/maggie/svhn/train_32x32.mat
Loading *svhn* train dataloader finished !
Loading *svhn* test dataloader finished !
latent adversarial attack.............
eps: 0.3
initlize classifier
learned calssify model != None
cle_w_test.shape: torch.Size([24000, 8, 512])
cle_y_test.shape: torch.Size([24000])
initlize attack classifier
generate latent adversarial exampels
latent pgd attack
cle_w_test.shape: torch.Size([24000, 8, 512])
cle_y_test.shape: torch.Size([24000])
testset_total_num: 24000
batch_size: 32
batch_num: 750
batch_index: 0
Setting up PyTorch plugin "bias_act_plugin"... /home/xieyi/anaconda3/envs/mmat/lib/python3.7/site-packages/torch/utils/cpp_extension.py:286: UserWarning: 

                               !! WARNING !!

!!!!!!!!!!!!!!!!!!!!!!!!!!!!!!!!!!!!!!!!!!!!!!!!!!!!!!!!!!!!!!!!!!!!!!!!!!!!!!!
Your compiler (c++) is not compatible with the compiler Pytorch was
built with for this platform, which is g++ on linux. Please
use g++ to to compile your extension. Alternatively, you may
compile PyTorch from source using c++, and then you can also use
c++ to compile your extension.

See https://github.com/pytorch/pytorch/blob/master/CONTRIBUTING.md for help
with compiling PyTorch from source.
!!!!!!!!!!!!!!!!!!!!!!!!!!!!!!!!!!!!!!!!!!!!!!!!!!!!!!!!!!!!!!!!!!!!!!!!!!!!!!!

                              !! WARNING !!

  platform=sys.platform))
Done.
Setting up PyTorch plugin "upfirdn2d_plugin"... /home/xieyi/anaconda3/envs/mmat/lib/python3.7/site-packages/torch/utils/cpp_extension.py:286: UserWarning: 

                               !! WARNING !!

!!!!!!!!!!!!!!!!!!!!!!!!!!!!!!!!!!!!!!!!!!!!!!!!!!!!!!!!!!!!!!!!!!!!!!!!!!!!!!!
Your compiler (c++) is not compatible with the compiler Pytorch was
built with for this platform, which is g++ on linux. Please
use g++ to to compile your extension. Alternatively, you may
compile PyTorch from source using c++, and then you can also use
c++ to compile your extension.

See https://github.com/pytorch/pytorch/blob/master/CONTRIBUTING.md for help
with compiling PyTorch from source.
!!!!!!!!!!!!!!!!!!!!!!!!!!!!!!!!!!!!!!!!!!!!!!!!!!!!!!!!!!!!!!!!!!!!!!!!!!!!!!!

                              !! WARNING !!

  platform=sys.platform))
Done.
batch_index: 1
batch_index: 2
batch_index: 3
batch_index: 4
batch_index: 5
batch_index: 6
batch_index: 7
batch_index: 8
batch_index: 9
batch_index: 10
