

---------------------------------------
Torch cuda is available
args.subcommand=run, run the command line
date: 20210927
Experiment result save dir: /home/maggie/mmat/result/defense/rmt/fgsm/basemixup-betasampler/densenet169-cifar10/20210927/00000
initilize the dataset loading parameters
load cifar10 dataset
Loading *cifar10* train dataloader finished !
Loading *cifar10* test dataloader finished !
initlize classifier
learned calssify model != None
epoch_correct_num: tensor(7936)
Accuary of before rmt trained classifier on clean testset:79.3600%
Loss of before mmat trained classifier clean testset:0.673821210861206
cle_w_train.shape: torch.Size([25397, 8, 512])
cle_y_train.shape: torch.Size([25397, 8])
cle_x_test.shape: torch.Size([10000, 3, 32, 32])
cle_y_test.shape: torch.Size([10000])
adv_x_test.shape: torch.Size([10000, 3, 32, 32])
adv_y_test.shape: torch.Size([10000])
initlize attack classifier
Get FGSM examples generate model
self._args.attack_eps: 0.3
generating testset adversarial examples...
