Traceback (most recent call last):
  File "tasklauncher-20210924.py", line 6, in <module>
    from clamodels.classifier import MaggieClassifier
  File "/home/maggie/mmat/clamodels/classifier.py", line 1976, in <module>
    from genmodels.mixgenerate import MixGenerate
  File "/home/maggie/mmat/genmodels/mixgenerate.py", line 19, in <module>
    import genmodels.stylegan2ada
  File "/home/maggie/mmat/genmodels/stylegan2ada.py", line 21, in <module>
    from utils.stylegan2ada.training import training_loop
  File "/home/maggie/mmat/utils/stylegan2ada/training/training_loop.py", line 38, in <module>
    from utils.stylegan2ada.metrics import metric_main
  File "<frozen importlib._bootstrap>", line 983, in _find_and_load
  File "<frozen importlib._bootstrap>", line 963, in _find_and_load_unlocked
  File "<frozen importlib._bootstrap>", line 906, in _find_spec
  File "<frozen importlib._bootstrap_external>", line 1280, in find_spec
  File "<frozen importlib._bootstrap_external>", line 1252, in _get_spec
  File "<frozen importlib._bootstrap_external>", line 1383, in find_spec
  File "<frozen importlib._bootstrap_external>", line 95, in _path_isfile
  File "<frozen importlib._bootstrap_external>", line 87, in _path_is_mode_type
  File "<frozen importlib._bootstrap_external>", line 81, in _path_stat
KeyboardInterrupt
