Traceback (most recent call last):
  File "tasklauncher-20220105.py", line 4, in <module>
    import torch
  File "<frozen importlib._bootstrap>", line 983, in _find_and_load
  File "<frozen importlib._bootstrap>", line 963, in _find_and_load_unlocked
  File "<frozen importlib._bootstrap>", line 906, in _find_spec
  File "<frozen importlib._bootstrap_external>", line 1280, in find_spec
  File "<frozen importlib._bootstrap_external>", line 1252, in _get_spec
  File "<frozen importlib._bootstrap_external>", line 1392, in find_spec
  File "<frozen importlib._bootstrap>", line 222, in _verbose_message
KeyboardInterrupt
Traceback (most recent call last):
  File "tasklauncher-20220105.py", line 4, in <module>
    import torch
  File "/home/xieyi/anaconda3/envs/mmat/lib/python3.7/site-packages/torch/__init__.py", line 196, in <module>
    from torch._C import *
RuntimeError: KeyboardInterrupt: 
Traceback (most recent call last):
  File "tasklauncher-20220105.py", line 4, in <module>
    import torch
  File "/home/xieyi/anaconda3/envs/mmat/lib/python3.7/site-packages/torch/__init__.py", line 196, in <module>
    from torch._C import *
RuntimeError: KeyboardInterrupt: 
Traceback (most recent call last):
  File "tasklauncher-20220105.py", line 4, in <module>
    import torch
  File "/home/xieyi/anaconda3/envs/mmat/lib/python3.7/site-packages/torch/__init__.py", line 196, in <module>
    from torch._C import *
RuntimeError: KeyboardInterrupt: 


---------------------------------------
Torch cuda is available
args.subcommand=run, run the command line
date: 20220106
whitebox attack
Experiment result save dir: /home/maggie/mmat/result/defense/rmt/fgsm/basemixup-betasampler/preactresnet50-cifar10/whitebox/20220106/00000
initilize the dataset loading parameters
load cifar10 dataset
Traceback (most recent call last):
  File "tasklauncher-20220105.py", line 31, in <module>
    cle_dataset = MaggieDataset(args)
  File "/home/maggie/mmat/datas/dataset.py", line 376, in __init__
    self._traindataset = self.__loadtraindataset__()  
  File "/home/maggie/mmat/datas/dataset.py", line 454, in __loadtraindataset__
    transforms.Normalize([0.5,0.5,0.5], [0.5,0.5,0.5])
  File "/home/xieyi/anaconda3/envs/mmat/lib/python3.7/site-packages/torchvision/datasets/cifar.py", line 83, in __init__
    entry = pickle.load(f, encoding='latin1')
KeyboardInterrupt
