

---------------------------------------
Torch cuda is available
args.subcommand=run, run the command line
date: 20220627
whitebox attack
Experiment result save dir: /home/maggie/mmat/result/attack/fgsm/densenet169-cifar10/20220627/00000
initilize the dataset loading parameters
load cifar10 dataset
Loading *cifar10* train dataloader finished !
Loading *cifar10* test dataloader finished !
eps: 0.02
pixel adversarial attack.............
cla_network_pkl: /home/maggie/mmat/result/train/cla-train/densenet169-cifar10/20210909/00003-testacc-0.7929/train-cifar10-dataset/standard-trained-classifier-densenet169-on-clean-cifar10-epoch-0012.pkl
initlize attack classifier
generate pixel adversarial exampels
Get FGSM examples generate model
self._args.attack_eps: 0.02
generating trainset adversarial examples...
finished generate trainset adversarial examples !
generating testset adversarial examples...
finished generate testset adversarial examples !
self._x_train_adv.shape: (50000, 3, 32, 32)
self._y_train_adv.shape: (50000,)
self._x_test_adv.shape: (10000, 3, 32, 32)
self._y_test_adv.shape: (10000,)
label_names: ['airplane', 'automobile', 'bird', 'cat', 'deer', 'dog', 'frog', 'horse', 'ship', 'truck']
Saving cifar10 trainset adversarial examples...
Saving cifar10 testset adversarial examples...
save adversarial examples finished
standard trained classifier accuary on adversarial testset:57.6200%
standard trained classifier loss on adversarial testset:1.7304484844207764
---------------------------------------




---------------------------------------
Torch cuda is available
args.subcommand=run, run the command line
date: 20220627
whitebox attack
Experiment result save dir: /home/maggie/mmat/result/attack/fgsm/densenet169-cifar10/20220627/00001
initilize the dataset loading parameters
load cifar10 dataset
Loading *cifar10* train dataloader finished !
Loading *cifar10* test dataloader finished !
eps: 0.05
pixel adversarial attack.............
cla_network_pkl: /home/maggie/mmat/result/train/cla-train/densenet169-cifar10/20210909/00003-testacc-0.7929/train-cifar10-dataset/standard-trained-classifier-densenet169-on-clean-cifar10-epoch-0012.pkl
initlize attack classifier
generate pixel adversarial exampels
Get FGSM examples generate model
self._args.attack_eps: 0.05
generating trainset adversarial examples...
finished generate trainset adversarial examples !
generating testset adversarial examples...
finished generate testset adversarial examples !
self._x_train_adv.shape: (50000, 3, 32, 32)
self._y_train_adv.shape: (50000,)
self._x_test_adv.shape: (10000, 3, 32, 32)
self._y_test_adv.shape: (10000,)
label_names: ['airplane', 'automobile', 'bird', 'cat', 'deer', 'dog', 'frog', 'horse', 'ship', 'truck']
Saving cifar10 trainset adversarial examples...
Saving cifar10 testset adversarial examples...
save adversarial examples finished
standard trained classifier accuary on adversarial testset:34.7300%
standard trained classifier loss on adversarial testset:3.50162672996521
---------------------------------------




---------------------------------------
Torch cuda is available
args.subcommand=run, run the command line
date: 20220627
whitebox attack
Experiment result save dir: /home/maggie/mmat/result/attack/fgsm/densenet169-cifar10/20220627/00002
initilize the dataset loading parameters
load cifar10 dataset
Loading *cifar10* train dataloader finished !
Loading *cifar10* test dataloader finished !
eps: 0.1
pixel adversarial attack.............
cla_network_pkl: /home/maggie/mmat/result/train/cla-train/densenet169-cifar10/20210909/00003-testacc-0.7929/train-cifar10-dataset/standard-trained-classifier-densenet169-on-clean-cifar10-epoch-0012.pkl
initlize attack classifier
generate pixel adversarial exampels
Get FGSM examples generate model
self._args.attack_eps: 0.1
generating trainset adversarial examples...
finished generate trainset adversarial examples !
generating testset adversarial examples...
finished generate testset adversarial examples !
self._x_train_adv.shape: (50000, 3, 32, 32)
self._y_train_adv.shape: (50000,)
self._x_test_adv.shape: (10000, 3, 32, 32)
self._y_test_adv.shape: (10000,)
label_names: ['airplane', 'automobile', 'bird', 'cat', 'deer', 'dog', 'frog', 'horse', 'ship', 'truck']
Saving cifar10 trainset adversarial examples...
Saving cifar10 testset adversarial examples...
save adversarial examples finished
standard trained classifier accuary on adversarial testset:17.3100%
standard trained classifier loss on adversarial testset:5.626253128051758
---------------------------------------




---------------------------------------
Torch cuda is available
args.subcommand=run, run the command line
date: 20220627
whitebox attack
Experiment result save dir: /home/maggie/mmat/result/attack/fgsm/densenet169-cifar10/20220627/00003
initilize the dataset loading parameters
load cifar10 dataset
Loading *cifar10* train dataloader finished !
Loading *cifar10* test dataloader finished !
eps: 0.2
pixel adversarial attack.............
cla_network_pkl: /home/maggie/mmat/result/train/cla-train/densenet169-cifar10/20210909/00003-testacc-0.7929/train-cifar10-dataset/standard-trained-classifier-densenet169-on-clean-cifar10-epoch-0012.pkl
initlize attack classifier
generate pixel adversarial exampels
Get FGSM examples generate model
self._args.attack_eps: 0.2
generating trainset adversarial examples...
finished generate trainset adversarial examples !
generating testset adversarial examples...
finished generate testset adversarial examples !
self._x_train_adv.shape: (50000, 3, 32, 32)
self._y_train_adv.shape: (50000,)
self._x_test_adv.shape: (10000, 3, 32, 32)
self._y_test_adv.shape: (10000,)
label_names: ['airplane', 'automobile', 'bird', 'cat', 'deer', 'dog', 'frog', 'horse', 'ship', 'truck']
Saving cifar10 trainset adversarial examples...
Saving cifar10 testset adversarial examples...
save adversarial examples finished
standard trained classifier accuary on adversarial testset:6.9600%
standard trained classifier loss on adversarial testset:7.4576849937438965
---------------------------------------




---------------------------------------
Torch cuda is available
args.subcommand=run, run the command line
date: 20220627
whitebox attack
Experiment result save dir: /home/maggie/mmat/result/attack/fgsm/densenet169-cifar10/20220627/00004
initilize the dataset loading parameters
load cifar10 dataset
Loading *cifar10* train dataloader finished !
Loading *cifar10* test dataloader finished !
eps: 0.3
pixel adversarial attack.............
cla_network_pkl: /home/maggie/mmat/result/train/cla-train/densenet169-cifar10/20210909/00003-testacc-0.7929/train-cifar10-dataset/standard-trained-classifier-densenet169-on-clean-cifar10-epoch-0012.pkl
initlize attack classifier
generate pixel adversarial exampels
Get FGSM examples generate model
self._args.attack_eps: 0.3
generating trainset adversarial examples...
finished generate trainset adversarial examples !
generating testset adversarial examples...
finished generate testset adversarial examples !
self._x_train_adv.shape: (50000, 3, 32, 32)
self._y_train_adv.shape: (50000,)
self._x_test_adv.shape: (10000, 3, 32, 32)
self._y_test_adv.shape: (10000,)
label_names: ['airplane', 'automobile', 'bird', 'cat', 'deer', 'dog', 'frog', 'horse', 'ship', 'truck']
Saving cifar10 trainset adversarial examples...
Saving cifar10 testset adversarial examples...
save adversarial examples finished
standard trained classifier accuary on adversarial testset:4.4700%
standard trained classifier loss on adversarial testset:7.974355697631836
---------------------------------------


