

---------------------------------------
Torch cuda is available
args.subcommand=run, run the command line
date: 20220628
whitebox attack
Experiment result save dir: /home/data/maggie/result-newhome/attack/fgsm/resnet50-cifar10/20220628/00000
initilize the dataset loading parameters
load cifar10 dataset
Loading *cifar10* train dataloader finished !
Loading *cifar10* test dataloader finished !
eps: 0.02
pixel adversarial attack.............
cla_network_pkl: /home/data/maggie/result-newhome/train/cla-train/resnet50-cifar10/20210908/00002-testacc-0.7624/train-cifar10-dataset/standard-trained-classifier-resnet50-on-clean-cifar10-finished.pkl
initlize attack classifier
generate pixel adversarial exampels
Get FGSM examples generate model
self._args.attack_eps: 0.02
generating trainset adversarial examples...
finished generate trainset adversarial examples !
generating testset adversarial examples...
finished generate testset adversarial examples !
self._x_train_adv.shape: (50000, 3, 32, 32)
self._y_train_adv.shape: (50000,)
self._x_test_adv.shape: (10000, 3, 32, 32)
self._y_test_adv.shape: (10000,)
label_names: ['airplane', 'automobile', 'bird', 'cat', 'deer', 'dog', 'frog', 'horse', 'ship', 'truck']
Saving cifar10 trainset adversarial examples...
Saving cifar10 testset adversarial examples...
save adversarial examples finished
standard trained classifier accuary on adversarial testset:54.7200%
standard trained classifier loss on adversarial testset:2.1242759227752686
---------------------------------------




---------------------------------------
Torch cuda is available
args.subcommand=run, run the command line
date: 20220628
whitebox attack
Experiment result save dir: /home/data/maggie/result-newhome/attack/fgsm/resnet50-cifar10/20220628/00001
initilize the dataset loading parameters
load cifar10 dataset
Loading *cifar10* train dataloader finished !
Loading *cifar10* test dataloader finished !
eps: 0.05
pixel adversarial attack.............
cla_network_pkl: /home/data/maggie/result-newhome/train/cla-train/resnet50-cifar10/20210908/00002-testacc-0.7624/train-cifar10-dataset/standard-trained-classifier-resnet50-on-clean-cifar10-finished.pkl
initlize attack classifier
generate pixel adversarial exampels
Get FGSM examples generate model
self._args.attack_eps: 0.05
generating trainset adversarial examples...
finished generate trainset adversarial examples !
generating testset adversarial examples...
finished generate testset adversarial examples !
self._x_train_adv.shape: (50000, 3, 32, 32)
self._y_train_adv.shape: (50000,)
self._x_test_adv.shape: (10000, 3, 32, 32)
self._y_test_adv.shape: (10000,)
label_names: ['airplane', 'automobile', 'bird', 'cat', 'deer', 'dog', 'frog', 'horse', 'ship', 'truck']
Saving cifar10 trainset adversarial examples...
Saving cifar10 testset adversarial examples...
save adversarial examples finished
standard trained classifier accuary on adversarial testset:33.1300%
standard trained classifier loss on adversarial testset:3.93837308883667
---------------------------------------




---------------------------------------
Torch cuda is available
args.subcommand=run, run the command line
date: 20220628
whitebox attack
Experiment result save dir: /home/data/maggie/result-newhome/attack/fgsm/resnet50-cifar10/20220628/00002
initilize the dataset loading parameters
load cifar10 dataset
Loading *cifar10* train dataloader finished !
Loading *cifar10* test dataloader finished !
eps: 0.1
pixel adversarial attack.............
cla_network_pkl: /home/data/maggie/result-newhome/train/cla-train/resnet50-cifar10/20210908/00002-testacc-0.7624/train-cifar10-dataset/standard-trained-classifier-resnet50-on-clean-cifar10-finished.pkl
initlize attack classifier
generate pixel adversarial exampels
Get FGSM examples generate model
self._args.attack_eps: 0.1
generating trainset adversarial examples...
finished generate trainset adversarial examples !
generating testset adversarial examples...
finished generate testset adversarial examples !
self._x_train_adv.shape: (50000, 3, 32, 32)
self._y_train_adv.shape: (50000,)
self._x_test_adv.shape: (10000, 3, 32, 32)
self._y_test_adv.shape: (10000,)
label_names: ['airplane', 'automobile', 'bird', 'cat', 'deer', 'dog', 'frog', 'horse', 'ship', 'truck']
Saving cifar10 trainset adversarial examples...
Saving cifar10 testset adversarial examples...
save adversarial examples finished
standard trained classifier accuary on adversarial testset:17.6100%
standard trained classifier loss on adversarial testset:5.825390815734863
---------------------------------------




---------------------------------------
Torch cuda is available
args.subcommand=run, run the command line
date: 20220628
whitebox attack
Experiment result save dir: /home/data/maggie/result-newhome/attack/fgsm/resnet50-cifar10/20220628/00003
initilize the dataset loading parameters
load cifar10 dataset
Loading *cifar10* train dataloader finished !
Loading *cifar10* test dataloader finished !
eps: 0.2
pixel adversarial attack.............
cla_network_pkl: /home/data/maggie/result-newhome/train/cla-train/resnet50-cifar10/20210908/00002-testacc-0.7624/train-cifar10-dataset/standard-trained-classifier-resnet50-on-clean-cifar10-finished.pkl
initlize attack classifier
generate pixel adversarial exampels
Get FGSM examples generate model
self._args.attack_eps: 0.2
generating trainset adversarial examples...
finished generate trainset adversarial examples !
generating testset adversarial examples...
finished generate testset adversarial examples !
self._x_train_adv.shape: (50000, 3, 32, 32)
self._y_train_adv.shape: (50000,)
self._x_test_adv.shape: (10000, 3, 32, 32)
self._y_test_adv.shape: (10000,)
label_names: ['airplane', 'automobile', 'bird', 'cat', 'deer', 'dog', 'frog', 'horse', 'ship', 'truck']
Saving cifar10 trainset adversarial examples...
Saving cifar10 testset adversarial examples...
save adversarial examples finished
standard trained classifier accuary on adversarial testset:8.4200%
standard trained classifier loss on adversarial testset:7.207065582275391
---------------------------------------




---------------------------------------
Torch cuda is available
args.subcommand=run, run the command line
date: 20220628
whitebox attack
Experiment result save dir: /home/data/maggie/result-newhome/attack/fgsm/resnet50-cifar10/20220628/00004
initilize the dataset loading parameters
load cifar10 dataset
Loading *cifar10* train dataloader finished !
Loading *cifar10* test dataloader finished !
eps: 0.3
pixel adversarial attack.............
cla_network_pkl: /home/data/maggie/result-newhome/train/cla-train/resnet50-cifar10/20210908/00002-testacc-0.7624/train-cifar10-dataset/standard-trained-classifier-resnet50-on-clean-cifar10-finished.pkl
initlize attack classifier
generate pixel adversarial exampels
Get FGSM examples generate model
self._args.attack_eps: 0.3
generating trainset adversarial examples...
finished generate trainset adversarial examples !
generating testset adversarial examples...
finished generate testset adversarial examples !
self._x_train_adv.shape: (50000, 3, 32, 32)
self._y_train_adv.shape: (50000,)
self._x_test_adv.shape: (10000, 3, 32, 32)
self._y_test_adv.shape: (10000,)
label_names: ['airplane', 'automobile', 'bird', 'cat', 'deer', 'dog', 'frog', 'horse', 'ship', 'truck']
Saving cifar10 trainset adversarial examples...
Saving cifar10 testset adversarial examples...
save adversarial examples finished
standard trained classifier accuary on adversarial testset:5.2800%
standard trained classifier loss on adversarial testset:7.534491539001465
---------------------------------------


